1.6086 	WARNING 	We strongly recommend you activate the PTB sound engine in PsychoPy prefs as the preferred audio engine. Its timing is vastly superior. Your prefs are currently set to use ['sounddevice', 'PTB', 'pyo', 'pygame'] (in that order).
7.2031 	WARNING 	User requested fullscreen with size [1024  768], but screen is actually [1920, 1080]. Using actual size
9.3079 	EXP 	Created window1 = Window(allowGUI=False, allowStencil=False, args=UNKNOWN, autoLog=True, bitsMode=UNKNOWN, blendMode='avg', bpc=(8, 8, 8), color=array([0., 0., 0.]), colorSpace='rgb', depthBits=8, fullscr=<method-wrapper '__getattribute__' of attributeSetter object at 0x000002986B658E80>, gamma=None, gammaErrorPolicy='raise', kwargs=UNKNOWN, lms=UNKNOWN, monitor=<psychopy.monitors.calibTools.Monitor object at 0x000002986B5DEB70>, multiSample=False, name='window1', numSamples=2, pos=[0.0, 0.0], screen=0, size=array([1920, 1080]), stencilBits=0, stereo=False, units='height', useFBO=True, useRetina=False, viewOri=0.0, viewPos=None, viewScale=None, waitBlanking=True, winType='pyglet')
9.3079 	EXP 	window1: recordFrameIntervals = False
9.4753 	EXP 	window1: recordFrameIntervals = True
9.6576 	EXP 	window1: recordFrameIntervals = False
9.9135 	EXP 	Created Instr_Exp_Text = TextStim(__class__=<class 'psychopy.visual.text.TextStim'>, alignHoriz=method-wrapper(...), alignText='center', alignVert=method-wrapper(...), anchorHoriz='center', anchorVert='center', antialias=True, autoLog=True, bold=False, color='white', colorSpace='named', contrast=1.0, depth=0.0, flipHoriz=False, flipVert=False, font='Arial', fontFiles=[], height=0.05, italic=False, languageStyle='LTR', name='Instr_Exp_Text', opacity=1.0, ori=0, pos=array([0., 0.]), rgb=array([255., 255., 255.]), text=str(...), units='height', win=Window(...), wrapWidth=1)
9.9493 	EXP 	Created Instr_RT_Hand_Rext = TextStim(__class__=<class 'psychopy.visual.text.TextStim'>, alignHoriz=method-wrapper(...), alignText='center', alignVert=method-wrapper(...), anchorHoriz='center', anchorVert='center', antialias=True, autoLog=True, bold=False, color='white', colorSpace='named', contrast=1.0, depth=0.0, flipHoriz=False, flipVert=False, font='Arial', fontFiles=[], height=0.03, italic=False, languageStyle='LTR', name='Instr_RT_Hand_Rext', opacity=1.0, ori=0, pos=array([0., 0.]), rgb=array([255., 255., 255.]), text=str(...), units='height', win=Window(...), wrapWidth=1)
9.9672 	EXP 	Created RT_Circle_Frame_Hand = Polygon(__class__=<class 'psychopy.visual.polygon.Polygon'>, autoDraw=False, autoLog=True, closeShape=True, color=method-wrapper(...), colorSpace=None, contrast=1.0, depth=-1.0, fillColor=array([-1., -1., -1.]), fillColorSpace='rgb', fillRGB=array([-1., -1., -1.]), interpolate=True, lineColor=array([1., 1., 1.]), lineColorSpace='rgb', lineRGB=array([1., 1., 1.]), lineWidth=12, name='RT_Circle_Frame_Hand', opacity=0.5, ori=array(0.), pos=array([0., 0.]), size=array([0.3, 0.3]), units='height', vertices=ndarray(...), win=Window(...))
9.9702 	EXP 	Created RT_HandShape = ImageStim(__class__=<class 'psychopy.visual.image.ImageStim'>, autoLog=True, color=array([1., 1., 1.]), colorSpace='rgb', contrast=1.0, depth=-3.0, flipHoriz=False, flipVert=False, image='sin', interpolate=True, mask=None, maskParams=None, name='RT_HandShape', opacity=1.0, ori=0.0, pos=array([0., 0.]), size=array([0.25, 0.25]), texRes=128, units='height', win=Window(...))
9.9721 	EXP 	Created RT_Stim_Hand = Polygon(__class__=<class 'psychopy.visual.polygon.Polygon'>, autoDraw=False, autoLog=True, closeShape=True, color=method-wrapper(...), colorSpace=None, contrast=1.0, depth=-4.0, fillColor=array([1., 1., 1.]), fillColorSpace='rgb', fillRGB=array([1., 1., 1.]), interpolate=True, lineColor=array([1., 1., 1.]), lineColorSpace='rgb', lineRGB=array([1., 1., 1.]), lineWidth=1, name='RT_Stim_Hand', opacity=1.0, ori=array(0.), pos=array([0., 0.]), size=array([0.025, 0.025]), units='height', vertices=ndarray(...), win=Window(...))
9.9868 	EXP 	Created RT_Circle_Frame_Feedback = Polygon(__class__=<class 'psychopy.visual.polygon.Polygon'>, autoDraw=False, autoLog=True, closeShape=True, color=method-wrapper(...), colorSpace=None, contrast=1.0, depth=0.0, fillColor=array([-1., -1., -1.]), fillColorSpace='rgb', fillRGB=array([-1., -1., -1.]), interpolate=True, lineColor=array([1., 1., 1.]), lineColorSpace='rgb', lineRGB=array([1., 1., 1.]), lineWidth=12, name='RT_Circle_Frame_Feedback', opacity=0.5, ori=array(0.), pos=array([0., 0.]), size=array([0.3, 0.3]), units='height', vertices=ndarray(...), win=Window(...))
9.9891 	EXP 	Created RT_Feedback_Image = ImageStim(__class__=<class 'psychopy.visual.image.ImageStim'>, autoLog=True, color=array([1., 1., 1.]), colorSpace='rgb', contrast=1.0, depth=-1.0, flipHoriz=False, flipVert=False, image='sin', interpolate=True, mask=None, maskParams=None, name='RT_Feedback_Image', opacity=1.0, ori=0.0, pos=array([0., 0.]), size=array([0.18, 0.18]), texRes=128, units='height', win=Window(...))
10.0037 	EXP 	Created Post_Trial_Circle_Frame = Polygon(__class__=<class 'psychopy.visual.polygon.Polygon'>, autoDraw=False, autoLog=True, closeShape=True, color=method-wrapper(...), colorSpace=None, contrast=1.0, depth=0.0, fillColor=array([-1., -1., -1.]), fillColorSpace='rgb', fillRGB=array([-1., -1., -1.]), interpolate=True, lineColor=array([1., 1., 1.]), lineColorSpace='rgb', lineRGB=array([1., 1., 1.]), lineWidth=12, name='Post_Trial_Circle_Frame', opacity=0.5, ori=array(0.), pos=array([0., 0.]), size=array([0.3, 0.3]), units='height', vertices=ndarray(...), win=Window(...))
10.0284 	EXP 	Created instr_HAND_TR_text = TextStim(__class__=<class 'psychopy.visual.text.TextStim'>, alignHoriz=method-wrapper(...), alignText='center', alignVert=method-wrapper(...), anchorHoriz='center', anchorVert='center', antialias=True, autoLog=True, bold=False, color='white', colorSpace='named', contrast=1.0, depth=0.0, flipHoriz=False, flipVert=False, font='Arial', fontFiles=[], height=0.03, italic=False, languageStyle='LTR', name='instr_HAND_TR_text', opacity=1.0, ori=0, pos=array([0., 0.]), rgb=array([255., 255., 255.]), text=str(...), units='height', win=Window(...), wrapWidth=1)
10.0504 	EXP 	Created Instr_Block_Num_Text = TextStim(__class__=<class 'psychopy.visual.text.TextStim'>, alignHoriz=method-wrapper(...), alignText='center', alignVert=method-wrapper(...), anchorHoriz='center', anchorVert='center', antialias=True, autoLog=True, bold=False, color='white', colorSpace='named', contrast=1.0, depth=0.0, flipHoriz=False, flipVert=False, font='Arial', fontFiles=[], height=0.1, italic=False, languageStyle='LTR', name='Instr_Block_Num_Text', opacity=1.0, ori=0, pos=array([0., 0.]), rgb=array([255., 255., 255.]), text='default text', units='height', win=Window(...), wrapWidth=1)
10.0651 	EXP 	Created TR_Circle_Hand = Polygon(__class__=<class 'psychopy.visual.polygon.Polygon'>, autoDraw=False, autoLog=True, closeShape=True, color=method-wrapper(...), colorSpace=None, contrast=1.0, depth=-1.0, fillColor=array([-1., -1., -1.]), fillColorSpace='rgb', fillRGB=array([-1., -1., -1.]), interpolate=True, lineColor=array([1., 1., 1.]), lineColorSpace='rgb', lineRGB=array([1., 1., 1.]), lineWidth=12, name='TR_Circle_Hand', opacity=0.3, ori=array(0.), pos=array([0., 0.]), size=array([1., 1.]), units='height', vertices=ndarray(...), win=Window(...))
10.0798 	EXP 	Created TR_Circle_Frame_Hand = Polygon(__class__=<class 'psychopy.visual.polygon.Polygon'>, autoDraw=False, autoLog=True, closeShape=True, color=method-wrapper(...), colorSpace=None, contrast=1.0, depth=-2.0, fillColor=array([-1., -1., -1.]), fillColorSpace='rgb', fillRGB=array([-1., -1., -1.]), interpolate=True, lineColor=array([1., 1., 1.]), lineColorSpace='rgb', lineRGB=array([1., 1., 1.]), lineWidth=12, name='TR_Circle_Frame_Hand', opacity=0.5, ori=array(0.), pos=array([0., 0.]), size=array([0.3, 0.3]), units='height', vertices=ndarray(...), win=Window(...))
10.0818 	EXP 	Created TR_HandShape = ImageStim(__class__=<class 'psychopy.visual.image.ImageStim'>, autoLog=True, color=array([1., 1., 1.]), colorSpace='rgb', contrast=1.0, depth=-3.0, flipHoriz=False, flipVert=False, image='sin', interpolate=True, mask=None, maskParams=None, name='TR_HandShape', opacity=1.0, ori=0.0, pos=array([0., 0.]), size=array([0.25, 0.25]), texRes=128, units='height', win=Window(...))
10.0837 	EXP 	Created TR_Stim_Hand = Polygon(__class__=<class 'psychopy.visual.polygon.Polygon'>, autoDraw=False, autoLog=True, closeShape=True, color=method-wrapper(...), colorSpace=None, contrast=1.0, depth=-4.0, fillColor=array([1., 1., 1.]), fillColorSpace='rgb', fillRGB=array([1., 1., 1.]), interpolate=True, lineColor=array([1., 1., 1.]), lineColorSpace='rgb', lineRGB=array([1., 1., 1.]), lineWidth=1, name='TR_Stim_Hand', opacity=1.0, ori=array(0.), pos=array([0., 0.]), size=array([0.025, 0.025]), units='height', vertices=ndarray(...), win=Window(...))
10.0982 	EXP 	Created Tr_Circle_Frame_Feedback = Polygon(__class__=<class 'psychopy.visual.polygon.Polygon'>, autoDraw=False, autoLog=True, closeShape=True, color=method-wrapper(...), colorSpace=None, contrast=1.0, depth=0.0, fillColor=array([-1., -1., -1.]), fillColorSpace='rgb', fillRGB=array([-1., -1., -1.]), interpolate=True, lineColor=array([1., 1., 1.]), lineColorSpace='rgb', lineRGB=array([1., 1., 1.]), lineWidth=12, name='Tr_Circle_Frame_Feedback', opacity=0.5, ori=array(0.), pos=array([0., 0.]), size=array([0.3, 0.3]), units='height', vertices=ndarray(...), win=Window(...))
10.1130 	EXP 	Created TR_Feedback_Text = TextStim(__class__=<class 'psychopy.visual.text.TextStim'>, alignHoriz=method-wrapper(...), alignText='center', alignVert=method-wrapper(...), anchorHoriz='center', anchorVert='center', antialias=True, autoLog=True, bold=False, color='white', colorSpace='named', contrast=1.0, depth=-1.0, flipHoriz=False, flipVert=False, font='Arial', fontFiles=[], height=0.08, italic=False, languageStyle='LTR', name='TR_Feedback_Text', opacity=1.0, ori=0, pos=array([0.  , 0.25]), rgb=array([255., 255., 255.]), text='default text', units='height', win=Window(...), wrapWidth=1)
10.1151 	EXP 	Created TR_Feedback_Image = ImageStim(__class__=<class 'psychopy.visual.image.ImageStim'>, autoLog=True, color=array([1., 1., 1.]), colorSpace='rgb', contrast=1.0, depth=-2.0, flipHoriz=False, flipVert=False, image='sin', interpolate=True, mask=None, maskParams=None, name='TR_Feedback_Image', opacity=1.0, ori=0.0, pos=array([0., 0.]), size=array([0.18, 0.18]), texRes=128, units='height', win=Window(...))
10.1298 	EXP 	Created TR_Circle_Frame_Penalty = Polygon(__class__=<class 'psychopy.visual.polygon.Polygon'>, autoDraw=False, autoLog=True, closeShape=True, color=method-wrapper(...), colorSpace=None, contrast=1.0, depth=0.0, fillColor=array([-1., -1., -1.]), fillColorSpace='rgb', fillRGB=array([-1., -1., -1.]), interpolate=True, lineColor=array([1., 1., 1.]), lineColorSpace='rgb', lineRGB=array([1., 1., 1.]), lineWidth=12, name='TR_Circle_Frame_Penalty', opacity=0.5, ori=array(0.), pos=array([0., 0.]), size=array([0.3, 0.3]), units='height', vertices=ndarray(...), win=Window(...))
10.1367 	EXP 	Created TR_Penalty_Text = TextStim(__class__=<class 'psychopy.visual.text.TextStim'>, alignHoriz=method-wrapper(...), alignText='center', alignVert=method-wrapper(...), anchorHoriz='center', anchorVert='center', antialias=True, autoLog=True, bold=False, color='white', colorSpace='named', contrast=1.0, depth=-1.0, flipHoriz=False, flipVert=False, font='Arial', fontFiles=[], height=0.05, italic=False, languageStyle='LTR', name='TR_Penalty_Text', opacity=1.0, ori=0, pos=array([0., 0.]), rgb=array([255., 255., 255.]), text='default text', units='height', win=Window(...), wrapWidth=1)
10.1515 	EXP 	Created Post_Trial_Circle_Frame = Polygon(__class__=<class 'psychopy.visual.polygon.Polygon'>, autoDraw=False, autoLog=True, closeShape=True, color=method-wrapper(...), colorSpace=None, contrast=1.0, depth=0.0, fillColor=array([-1., -1., -1.]), fillColorSpace='rgb', fillRGB=array([-1., -1., -1.]), interpolate=True, lineColor=array([1., 1., 1.]), lineColorSpace='rgb', lineRGB=array([1., 1., 1.]), lineWidth=12, name='Post_Trial_Circle_Frame', opacity=0.5, ori=array(0.), pos=array([0., 0.]), size=array([0.3, 0.3]), units='height', vertices=ndarray(...), win=Window(...))
10.1831 	EXP 	Created Instr_CR_Old_Text_Ctx1 = TextStim(__class__=<class 'psychopy.visual.text.TextStim'>, alignHoriz=method-wrapper(...), alignText='center', alignVert=method-wrapper(...), anchorHoriz='center', anchorVert='center', antialias=True, autoLog=True, bold=False, color='white', colorSpace='named', contrast=1.0, depth=0.0, flipHoriz=False, flipVert=False, font='Arial', fontFiles=[], height=0.03, italic=False, languageStyle='LTR', name='Instr_CR_Old_Text_Ctx1', opacity=1.0, ori=0, pos=array([0., 0.]), rgb=array([255., 255., 255.]), text=str(...), units='height', win=Window(...), wrapWidth=1)
10.1982 	EXP 	Created RT_Circle_Fame = Polygon(__class__=<class 'psychopy.visual.polygon.Polygon'>, autoDraw=False, autoLog=True, closeShape=True, color=method-wrapper(...), colorSpace=None, contrast=1.0, depth=-1.0, fillColor=array([-1., -1., -1.]), fillColorSpace='rgb', fillRGB=array([-1., -1., -1.]), interpolate=True, lineColor=array([1., 1., 1.]), lineColorSpace='rgb', lineRGB=array([1., 1., 1.]), lineWidth=12, name='RT_Circle_Fame', opacity=0.5, ori=array(0.), pos=array([0., 0.]), size=array([0.3, 0.3]), units='height', vertices=ndarray(...), win=Window(...))
10.2134 	EXP 	Created RT_Ctx = Polygon(__class__=<class 'psychopy.visual.polygon.Polygon'>, autoDraw=False, autoLog=True, closeShape=True, color=method-wrapper(...), colorSpace=None, contrast=1.0, depth=-2.0, fillColor=array([-1., -1., -1.]), fillColorSpace='rgb', fillRGB=array([-1., -1., -1.]), interpolate=True, lineColor=array([1., 1., 1.]), lineColorSpace='rgb', lineRGB=array([1., 1., 1.]), lineWidth=12, name='RT_Ctx', opacity=0.5, ori=array(0.), pos=array([0., 0.]), size=array([0.3, 0.3]), units='height', vertices=ndarray(...), win=Window(...))
10.2156 	EXP 	Created RT_Stim_Image = ImageStim(__class__=<class 'psychopy.visual.image.ImageStim'>, autoLog=True, color=array([1., 1., 1.]), colorSpace='rgb', contrast=1.0, depth=-3.0, flipHoriz=False, flipVert=False, image='sin', interpolate=True, mask=None, maskParams=None, name='RT_Stim_Image', opacity=1.0, ori=0.0, pos=array([0., 0.]), size=array([0.25, 0.25]), texRes=128, units='height', win=Window(...))
10.2305 	EXP 	Created RT_Circle_Frame_Feedback = Polygon(__class__=<class 'psychopy.visual.polygon.Polygon'>, autoDraw=False, autoLog=True, closeShape=True, color=method-wrapper(...), colorSpace=None, contrast=1.0, depth=0.0, fillColor=array([-1., -1., -1.]), fillColorSpace='rgb', fillRGB=array([-1., -1., -1.]), interpolate=True, lineColor=array([1., 1., 1.]), lineColorSpace='rgb', lineRGB=array([1., 1., 1.]), lineWidth=12, name='RT_Circle_Frame_Feedback', opacity=0.5, ori=array(0.), pos=array([0., 0.]), size=array([0.3, 0.3]), units='height', vertices=ndarray(...), win=Window(...))
10.2325 	EXP 	Created RT_Feedback_Image = ImageStim(__class__=<class 'psychopy.visual.image.ImageStim'>, autoLog=True, color=array([1., 1., 1.]), colorSpace='rgb', contrast=1.0, depth=-1.0, flipHoriz=False, flipVert=False, image='sin', interpolate=True, mask=None, maskParams=None, name='RT_Feedback_Image', opacity=1.0, ori=0.0, pos=array([0., 0.]), size=array([0.18, 0.18]), texRes=128, units='height', win=Window(...))
10.2473 	EXP 	Created Post_Trial_Circle_Frame = Polygon(__class__=<class 'psychopy.visual.polygon.Polygon'>, autoDraw=False, autoLog=True, closeShape=True, color=method-wrapper(...), colorSpace=None, contrast=1.0, depth=0.0, fillColor=array([-1., -1., -1.]), fillColorSpace='rgb', fillRGB=array([-1., -1., -1.]), interpolate=True, lineColor=array([1., 1., 1.]), lineColorSpace='rgb', lineRGB=array([1., 1., 1.]), lineWidth=12, name='Post_Trial_Circle_Frame', opacity=0.5, ori=array(0.), pos=array([0., 0.]), size=array([0.3, 0.3]), units='height', vertices=ndarray(...), win=Window(...))
10.2611 	EXP 	Created Instr_CR_Old_Text_Ctx2 = TextStim(__class__=<class 'psychopy.visual.text.TextStim'>, alignHoriz=method-wrapper(...), alignText='center', alignVert=method-wrapper(...), anchorHoriz='center', anchorVert='center', antialias=True, autoLog=True, bold=False, color='white', colorSpace='named', contrast=1.0, depth=0.0, flipHoriz=False, flipVert=False, font='Arial', fontFiles=[], height=0.03, italic=False, languageStyle='LTR', name='Instr_CR_Old_Text_Ctx2', opacity=1.0, ori=0, pos=array([0., 0.]), rgb=array([255., 255., 255.]), text=str(...), units='height', win=Window(...), wrapWidth=1)
10.2759 	EXP 	Created RT_Circle_Fame = Polygon(__class__=<class 'psychopy.visual.polygon.Polygon'>, autoDraw=False, autoLog=True, closeShape=True, color=method-wrapper(...), colorSpace=None, contrast=1.0, depth=-1.0, fillColor=array([-1., -1., -1.]), fillColorSpace='rgb', fillRGB=array([-1., -1., -1.]), interpolate=True, lineColor=array([1., 1., 1.]), lineColorSpace='rgb', lineRGB=array([1., 1., 1.]), lineWidth=12, name='RT_Circle_Fame', opacity=0.5, ori=array(0.), pos=array([0., 0.]), size=array([0.3, 0.3]), units='height', vertices=ndarray(...), win=Window(...))
10.2905 	EXP 	Created RT_Ctx = Polygon(__class__=<class 'psychopy.visual.polygon.Polygon'>, autoDraw=False, autoLog=True, closeShape=True, color=method-wrapper(...), colorSpace=None, contrast=1.0, depth=-2.0, fillColor=array([-1., -1., -1.]), fillColorSpace='rgb', fillRGB=array([-1., -1., -1.]), interpolate=True, lineColor=array([1., 1., 1.]), lineColorSpace='rgb', lineRGB=array([1., 1., 1.]), lineWidth=12, name='RT_Ctx', opacity=0.5, ori=array(0.), pos=array([0., 0.]), size=array([0.3, 0.3]), units='height', vertices=ndarray(...), win=Window(...))
10.2929 	EXP 	Created RT_Stim_Image = ImageStim(__class__=<class 'psychopy.visual.image.ImageStim'>, autoLog=True, color=array([1., 1., 1.]), colorSpace='rgb', contrast=1.0, depth=-3.0, flipHoriz=False, flipVert=False, image='sin', interpolate=True, mask=None, maskParams=None, name='RT_Stim_Image', opacity=1.0, ori=0.0, pos=array([0., 0.]), size=array([0.25, 0.25]), texRes=128, units='height', win=Window(...))
10.3079 	EXP 	Created RT_Circle_Frame_Feedback = Polygon(__class__=<class 'psychopy.visual.polygon.Polygon'>, autoDraw=False, autoLog=True, closeShape=True, color=method-wrapper(...), colorSpace=None, contrast=1.0, depth=0.0, fillColor=array([-1., -1., -1.]), fillColorSpace='rgb', fillRGB=array([-1., -1., -1.]), interpolate=True, lineColor=array([1., 1., 1.]), lineColorSpace='rgb', lineRGB=array([1., 1., 1.]), lineWidth=12, name='RT_Circle_Frame_Feedback', opacity=0.5, ori=array(0.), pos=array([0., 0.]), size=array([0.3, 0.3]), units='height', vertices=ndarray(...), win=Window(...))
10.3099 	EXP 	Created RT_Feedback_Image = ImageStim(__class__=<class 'psychopy.visual.image.ImageStim'>, autoLog=True, color=array([1., 1., 1.]), colorSpace='rgb', contrast=1.0, depth=-1.0, flipHoriz=False, flipVert=False, image='sin', interpolate=True, mask=None, maskParams=None, name='RT_Feedback_Image', opacity=1.0, ori=0.0, pos=array([0., 0.]), size=array([0.18, 0.18]), texRes=128, units='height', win=Window(...))
10.3277 	EXP 	Created Post_Trial_Circle_Frame = Polygon(__class__=<class 'psychopy.visual.polygon.Polygon'>, autoDraw=False, autoLog=True, closeShape=True, color=method-wrapper(...), colorSpace=None, contrast=1.0, depth=0.0, fillColor=array([-1., -1., -1.]), fillColorSpace='rgb', fillRGB=array([-1., -1., -1.]), interpolate=True, lineColor=array([1., 1., 1.]), lineColorSpace='rgb', lineRGB=array([1., 1., 1.]), lineWidth=12, name='Post_Trial_Circle_Frame', opacity=0.5, ori=array(0.), pos=array([0., 0.]), size=array([0.3, 0.3]), units='height', vertices=ndarray(...), win=Window(...))
10.3429 	EXP 	Created Instr_CR_Old_Text_Ctx12 = TextStim(__class__=<class 'psychopy.visual.text.TextStim'>, alignHoriz=method-wrapper(...), alignText='center', alignVert=method-wrapper(...), anchorHoriz='center', anchorVert='center', antialias=True, autoLog=True, bold=False, color='white', colorSpace='named', contrast=1.0, depth=0.0, flipHoriz=False, flipVert=False, font='Arial', fontFiles=[], height=0.03, italic=False, languageStyle='LTR', name='Instr_CR_Old_Text_Ctx12', opacity=1.0, ori=0, pos=array([0., 0.]), rgb=array([255., 255., 255.]), text=str(...), units='height', win=Window(...), wrapWidth=1)
10.3582 	EXP 	Created RT_Circle_Fame = Polygon(__class__=<class 'psychopy.visual.polygon.Polygon'>, autoDraw=False, autoLog=True, closeShape=True, color=method-wrapper(...), colorSpace=None, contrast=1.0, depth=-1.0, fillColor=array([-1., -1., -1.]), fillColorSpace='rgb', fillRGB=array([-1., -1., -1.]), interpolate=True, lineColor=array([1., 1., 1.]), lineColorSpace='rgb', lineRGB=array([1., 1., 1.]), lineWidth=12, name='RT_Circle_Fame', opacity=0.5, ori=array(0.), pos=array([0., 0.]), size=array([0.3, 0.3]), units='height', vertices=ndarray(...), win=Window(...))
10.3728 	EXP 	Created RT_Ctx = Polygon(__class__=<class 'psychopy.visual.polygon.Polygon'>, autoDraw=False, autoLog=True, closeShape=True, color=method-wrapper(...), colorSpace=None, contrast=1.0, depth=-2.0, fillColor=array([-1., -1., -1.]), fillColorSpace='rgb', fillRGB=array([-1., -1., -1.]), interpolate=True, lineColor=array([1., 1., 1.]), lineColorSpace='rgb', lineRGB=array([1., 1., 1.]), lineWidth=12, name='RT_Ctx', opacity=0.5, ori=array(0.), pos=array([0., 0.]), size=array([0.3, 0.3]), units='height', vertices=ndarray(...), win=Window(...))
10.3753 	EXP 	Created RT_Stim_Image = ImageStim(__class__=<class 'psychopy.visual.image.ImageStim'>, autoLog=True, color=array([1., 1., 1.]), colorSpace='rgb', contrast=1.0, depth=-3.0, flipHoriz=False, flipVert=False, image='sin', interpolate=True, mask=None, maskParams=None, name='RT_Stim_Image', opacity=1.0, ori=0.0, pos=array([0., 0.]), size=array([0.25, 0.25]), texRes=128, units='height', win=Window(...))
10.3901 	EXP 	Created RT_Circle_Frame_Feedback = Polygon(__class__=<class 'psychopy.visual.polygon.Polygon'>, autoDraw=False, autoLog=True, closeShape=True, color=method-wrapper(...), colorSpace=None, contrast=1.0, depth=0.0, fillColor=array([-1., -1., -1.]), fillColorSpace='rgb', fillRGB=array([-1., -1., -1.]), interpolate=True, lineColor=array([1., 1., 1.]), lineColorSpace='rgb', lineRGB=array([1., 1., 1.]), lineWidth=12, name='RT_Circle_Frame_Feedback', opacity=0.5, ori=array(0.), pos=array([0., 0.]), size=array([0.3, 0.3]), units='height', vertices=ndarray(...), win=Window(...))
10.3924 	EXP 	Created RT_Feedback_Image = ImageStim(__class__=<class 'psychopy.visual.image.ImageStim'>, autoLog=True, color=array([1., 1., 1.]), colorSpace='rgb', contrast=1.0, depth=-1.0, flipHoriz=False, flipVert=False, image='sin', interpolate=True, mask=None, maskParams=None, name='RT_Feedback_Image', opacity=1.0, ori=0.0, pos=array([0., 0.]), size=array([0.18, 0.18]), texRes=128, units='height', win=Window(...))
10.4071 	EXP 	Created Post_Trial_Circle_Frame = Polygon(__class__=<class 'psychopy.visual.polygon.Polygon'>, autoDraw=False, autoLog=True, closeShape=True, color=method-wrapper(...), colorSpace=None, contrast=1.0, depth=0.0, fillColor=array([-1., -1., -1.]), fillColorSpace='rgb', fillRGB=array([-1., -1., -1.]), interpolate=True, lineColor=array([1., 1., 1.]), lineColorSpace='rgb', lineRGB=array([1., 1., 1.]), lineWidth=12, name='Post_Trial_Circle_Frame', opacity=0.5, ori=array(0.), pos=array([0., 0.]), size=array([0.3, 0.3]), units='height', vertices=ndarray(...), win=Window(...))
10.4232 	EXP 	Created Instr_RT_text = TextStim(__class__=<class 'psychopy.visual.text.TextStim'>, alignHoriz=method-wrapper(...), alignText='center', alignVert=method-wrapper(...), anchorHoriz='center', anchorVert='center', antialias=True, autoLog=True, bold=False, color='white', colorSpace='named', contrast=1.0, depth=0.0, flipHoriz=False, flipVert=False, font='Arial', fontFiles=[], height=0.03, italic=False, languageStyle='LTR', name='Instr_RT_text', opacity=1.0, ori=0, pos=array([0., 0.]), rgb=array([255., 255., 255.]), text=str(...), units='height', win=Window(...), wrapWidth=1)
10.4337 	EXP 	Created Instr_Block_Num_Text = TextStim(__class__=<class 'psychopy.visual.text.TextStim'>, alignHoriz=method-wrapper(...), alignText='center', alignVert=method-wrapper(...), anchorHoriz='center', anchorVert='center', antialias=True, autoLog=True, bold=False, color='white', colorSpace='named', contrast=1.0, depth=0.0, flipHoriz=False, flipVert=False, font='Arial', fontFiles=[], height=0.1, italic=False, languageStyle='LTR', name='Instr_Block_Num_Text', opacity=1.0, ori=0, pos=array([0., 0.]), rgb=array([255., 255., 255.]), text='default text', units='height', win=Window(...), wrapWidth=1)
10.4487 	EXP 	Created RT_Circle_Fame = Polygon(__class__=<class 'psychopy.visual.polygon.Polygon'>, autoDraw=False, autoLog=True, closeShape=True, color=method-wrapper(...), colorSpace=None, contrast=1.0, depth=-1.0, fillColor=array([-1., -1., -1.]), fillColorSpace='rgb', fillRGB=array([-1., -1., -1.]), interpolate=True, lineColor=array([1., 1., 1.]), lineColorSpace='rgb', lineRGB=array([1., 1., 1.]), lineWidth=12, name='RT_Circle_Fame', opacity=0.5, ori=array(0.), pos=array([0., 0.]), size=array([0.3, 0.3]), units='height', vertices=ndarray(...), win=Window(...))
10.4632 	EXP 	Created RT_Ctx = Polygon(__class__=<class 'psychopy.visual.polygon.Polygon'>, autoDraw=False, autoLog=True, closeShape=True, color=method-wrapper(...), colorSpace=None, contrast=1.0, depth=-2.0, fillColor=array([-1., -1., -1.]), fillColorSpace='rgb', fillRGB=array([-1., -1., -1.]), interpolate=True, lineColor=array([1., 1., 1.]), lineColorSpace='rgb', lineRGB=array([1., 1., 1.]), lineWidth=12, name='RT_Ctx', opacity=0.5, ori=array(0.), pos=array([0., 0.]), size=array([0.3, 0.3]), units='height', vertices=ndarray(...), win=Window(...))
10.4645 	EXP 	Created RT_Stim_Image = ImageStim(__class__=<class 'psychopy.visual.image.ImageStim'>, autoLog=True, color=array([1., 1., 1.]), colorSpace='rgb', contrast=1.0, depth=-3.0, flipHoriz=False, flipVert=False, image='sin', interpolate=True, mask=None, maskParams=None, name='RT_Stim_Image', opacity=1.0, ori=0.0, pos=array([0., 0.]), size=array([0.25, 0.25]), texRes=128, units='height', win=Window(...))
10.4791 	EXP 	Created RT_Circle_Frame_Feedback = Polygon(__class__=<class 'psychopy.visual.polygon.Polygon'>, autoDraw=False, autoLog=True, closeShape=True, color=method-wrapper(...), colorSpace=None, contrast=1.0, depth=0.0, fillColor=array([-1., -1., -1.]), fillColorSpace='rgb', fillRGB=array([-1., -1., -1.]), interpolate=True, lineColor=array([1., 1., 1.]), lineColorSpace='rgb', lineRGB=array([1., 1., 1.]), lineWidth=12, name='RT_Circle_Frame_Feedback', opacity=0.5, ori=array(0.), pos=array([0., 0.]), size=array([0.3, 0.3]), units='height', vertices=ndarray(...), win=Window(...))
10.4803 	EXP 	Created RT_Feedback_Image = ImageStim(__class__=<class 'psychopy.visual.image.ImageStim'>, autoLog=True, color=array([1., 1., 1.]), colorSpace='rgb', contrast=1.0, depth=-1.0, flipHoriz=False, flipVert=False, image='sin', interpolate=True, mask=None, maskParams=None, name='RT_Feedback_Image', opacity=1.0, ori=0.0, pos=array([0., 0.]), size=array([0.18, 0.18]), texRes=128, units='height', win=Window(...))
10.4950 	EXP 	Created Post_Trial_Circle_Frame = Polygon(__class__=<class 'psychopy.visual.polygon.Polygon'>, autoDraw=False, autoLog=True, closeShape=True, color=method-wrapper(...), colorSpace=None, contrast=1.0, depth=0.0, fillColor=array([-1., -1., -1.]), fillColorSpace='rgb', fillRGB=array([-1., -1., -1.]), interpolate=True, lineColor=array([1., 1., 1.]), lineColorSpace='rgb', lineRGB=array([1., 1., 1.]), lineWidth=12, name='Post_Trial_Circle_Frame', opacity=0.5, ori=array(0.), pos=array([0., 0.]), size=array([0.3, 0.3]), units='height', vertices=ndarray(...), win=Window(...))
10.5239 	EXP 	Imported conditions.xlsx as conditions, 8 conditions, 10 params
10.5241 	EXP 	Created sequence: sequential, trialTypes=8, nReps=1, seed=None
10.5245 	EXP 	New trial (rep=0, index=0): OrderedDict([('Stim', 0), ('CorrResp', 'h'), ('Ctx_color', [-1, -1, 1]), ('imStim', 'media/djnb.png'), ('imStim_r', 'media/djnb_r.png'), ('imStim_g', 'media/djnb_g.png'), ('x_pos', -0.038), ('y_pos', 0.075), ('Hand', 'media/hand.png'), ('Feedback', 'media/check.png')])
10.5497 	EXP 	New trial (rep=0, index=1): OrderedDict([('Stim', 1), ('CorrResp', 'u'), ('Ctx_color', [-1, -1, 1]), ('imStim', 'media/dnnb.png'), ('imStim_r', 'media/dnnb_r.png'), ('imStim_g', 'media/dnnb_g.png'), ('x_pos', 0.014), ('y_pos', 0.1), ('Hand', 'media/hand.png'), ('Feedback', 'media/cross.png')])
10.5524 	EXP 	New trial (rep=0, index=2): OrderedDict([('Stim', 2), ('CorrResp', 'i'), ('Ctx_color', [-1, -1, 1]), ('imStim', 'media/dinb.png'), ('imStim_r', 'media/dinb_r.png'), ('imStim_g', 'media/dinb_g.png'), ('x_pos', 0.057), ('y_pos', 0.08), ('Hand', 'media/hand.png'), ('Feedback', None)])
10.5552 	EXP 	New trial (rep=0, index=3): OrderedDict([('Stim', 3), ('CorrResp', 'l'), ('Ctx_color', [-1, -1, 1]), ('imStim', 'media/ddnb.png'), ('imStim_r', 'media/ddnb_r.png'), ('imStim_g', 'media/ddnb_g.png'), ('x_pos', 0.1), ('y_pos', 0.04), ('Hand', 'media/hand.png'), ('Feedback', None)])
10.5581 	EXP 	New trial (rep=0, index=4): OrderedDict([('Stim', 0), ('CorrResp', 'h'), ('Ctx_color', [-1, 1, -1]), ('imStim', 'media/djnb.png'), ('imStim_r', 'media/djnb_r.png'), ('imStim_g', 'media/djnb_g.png'), ('x_pos', None), ('y_pos', None), ('Hand', None), ('Feedback', None)])
10.5601 	EXP 	New trial (rep=0, index=5): OrderedDict([('Stim', 1), ('CorrResp', 'u'), ('Ctx_color', [-1, 1, -1]), ('imStim', 'media/dnnb.png'), ('imStim_r', 'media/dnnb_r.png'), ('imStim_g', 'media/dnnb_g.png'), ('x_pos', None), ('y_pos', None), ('Hand', None), ('Feedback', None)])
10.5621 	EXP 	New trial (rep=0, index=6): OrderedDict([('Stim', 2), ('CorrResp', 'i'), ('Ctx_color', [-1, 1, -1]), ('imStim', 'media/dinb.png'), ('imStim_r', 'media/dinb_r.png'), ('imStim_g', 'media/dinb_g.png'), ('x_pos', None), ('y_pos', None), ('Hand', None), ('Feedback', None)])
10.5640 	EXP 	New trial (rep=0, index=7): OrderedDict([('Stim', 3), ('CorrResp', 'l'), ('Ctx_color', [-1, 1, -1]), ('imStim', 'media/ddnb.png'), ('imStim_r', 'media/ddnb_r.png'), ('imStim_g', 'media/ddnb_g.png'), ('x_pos', None), ('y_pos', None), ('Hand', None), ('Feedback', None)])
10.5776 	EXP 	Instr_Exp_Text: autoDraw = True
11.9289 	EXP 	Created sequence: sequential, trialTypes=1, nReps=1, seed=None
11.9296 	EXP 	New trial (rep=0, index=0): None
11.9349 	DATA 	Keypress: space
11.9430 	EXP 	Instr_Exp_Text: autoDraw = False
11.9430 	EXP 	Instr_RT_Hand_Rext: autoDraw = True
12.4827 	EXP 	Created sequence: sequential, trialTypes=1, nReps=5, seed=None
12.4829 	EXP 	New trial (rep=0, index=0): None
12.5762 	DATA 	Keypress: h
12.5809 	EXP 	Instr_RT_Hand_Rext: autoDraw = False
12.5809 	EXP 	RT_HandShape: image = 'media/hand.png'
12.5809 	EXP 	RT_Stim_Hand: pos = array([-0.038,  0.075])
12.5809 	EXP 	RT_Circle_Frame_Hand: autoDraw = True
12.5809 	EXP 	RT_HandShape: autoDraw = True
12.5809 	EXP 	RT_Stim_Hand: autoDraw = True
13.8276 	DATA 	Keypress: h
13.9073 	EXP 	RT_Circle_Frame_Hand: autoDraw = False
13.9073 	EXP 	RT_HandShape: autoDraw = False
13.9073 	EXP 	RT_Stim_Hand: autoDraw = False
13.9073 	EXP 	RT_Circle_Frame_Feedback: lineColor = '[1. 1. 1.] (rgb)'
13.9073 	EXP 	RT_Feedback_Image: image = 'media/check.png'
13.9073 	EXP 	RT_Circle_Frame_Feedback: autoDraw = True
13.9073 	EXP 	RT_Feedback_Image: autoDraw = True
14.2072 	EXP 	RT_Circle_Frame_Feedback: autoDraw = False
14.2072 	EXP 	RT_Feedback_Image: autoDraw = False
14.2072 	EXP 	RT_Circle_Frame_Feedback: autoDraw = False
14.2072 	EXP 	RT_Feedback_Image: autoDraw = False
14.2072 	EXP 	Post_Trial_Circle_Frame: lineColor = '[1. 1. 1.] (rgb)'
14.2072 	EXP 	Post_Trial_Circle_Frame: autoDraw = True
14.3944 	EXP 	New trial (rep=1, index=0): None
14.4273 	EXP 	Post_Trial_Circle_Frame: autoDraw = False
14.4273 	EXP 	Post_Trial_Circle_Frame: autoDraw = False
14.4273 	EXP 	RT_HandShape: image = 'media/hand.png'
14.4273 	EXP 	RT_Stim_Hand: pos = array([0.057, 0.08 ])
14.4273 	EXP 	RT_Circle_Frame_Hand: autoDraw = True
14.4273 	EXP 	RT_HandShape: autoDraw = True
14.4273 	EXP 	RT_Stim_Hand: autoDraw = True
14.8101 	DATA 	Keypress: i
14.8146 	EXP 	RT_Circle_Frame_Hand: autoDraw = False
14.8146 	EXP 	RT_HandShape: autoDraw = False
14.8146 	EXP 	RT_Stim_Hand: autoDraw = False
14.8146 	EXP 	RT_Circle_Frame_Feedback: lineColor = '[1. 1. 1.] (rgb)'
14.8146 	EXP 	RT_Feedback_Image: image = 'media/check.png'
14.8146 	EXP 	RT_Circle_Frame_Feedback: autoDraw = True
14.8146 	EXP 	RT_Feedback_Image: autoDraw = True
15.1240 	EXP 	RT_Circle_Frame_Feedback: autoDraw = False
15.1240 	EXP 	RT_Feedback_Image: autoDraw = False
15.1240 	EXP 	RT_Circle_Frame_Feedback: autoDraw = False
15.1240 	EXP 	RT_Feedback_Image: autoDraw = False
15.1240 	EXP 	Post_Trial_Circle_Frame: lineColor = '[1. 1. 1.] (rgb)'
15.1240 	EXP 	Post_Trial_Circle_Frame: autoDraw = True
15.3117 	EXP 	New trial (rep=2, index=0): None
15.3484 	EXP 	Post_Trial_Circle_Frame: autoDraw = False
15.3484 	EXP 	Post_Trial_Circle_Frame: autoDraw = False
15.3484 	EXP 	RT_HandShape: image = 'media/hand.png'
15.3484 	EXP 	RT_Stim_Hand: pos = array([0.1 , 0.04])
15.3484 	EXP 	RT_Circle_Frame_Hand: autoDraw = True
15.3484 	EXP 	RT_HandShape: autoDraw = True
15.3484 	EXP 	RT_Stim_Hand: autoDraw = True
15.7589 	DATA 	Keypress: l
15.7634 	EXP 	RT_Circle_Frame_Hand: autoDraw = False
15.7634 	EXP 	RT_HandShape: autoDraw = False
15.7634 	EXP 	RT_Stim_Hand: autoDraw = False
15.7634 	EXP 	RT_Circle_Frame_Feedback: lineColor = '[1. 1. 1.] (rgb)'
15.7634 	EXP 	RT_Feedback_Image: image = 'media/check.png'
15.7634 	EXP 	RT_Circle_Frame_Feedback: autoDraw = True
15.7634 	EXP 	RT_Feedback_Image: autoDraw = True
16.0739 	EXP 	RT_Circle_Frame_Feedback: autoDraw = False
16.0739 	EXP 	RT_Feedback_Image: autoDraw = False
16.0739 	EXP 	RT_Circle_Frame_Feedback: autoDraw = False
16.0739 	EXP 	RT_Feedback_Image: autoDraw = False
16.0739 	EXP 	Post_Trial_Circle_Frame: lineColor = '[1. 1. 1.] (rgb)'
16.0739 	EXP 	Post_Trial_Circle_Frame: autoDraw = True
16.2643 	EXP 	New trial (rep=3, index=0): None
16.2992 	EXP 	Post_Trial_Circle_Frame: autoDraw = False
16.2992 	EXP 	Post_Trial_Circle_Frame: autoDraw = False
16.2992 	EXP 	RT_HandShape: image = 'media/hand.png'
16.2992 	EXP 	RT_Stim_Hand: pos = array([0.014, 0.1  ])
16.2992 	EXP 	RT_Circle_Frame_Hand: autoDraw = True
16.2992 	EXP 	RT_HandShape: autoDraw = True
16.2992 	EXP 	RT_Stim_Hand: autoDraw = True
16.8282 	DATA 	Keypress: i
16.8891 	EXP 	RT_Circle_Frame_Hand: autoDraw = False
16.8891 	EXP 	RT_HandShape: autoDraw = False
16.8891 	EXP 	RT_Stim_Hand: autoDraw = False
16.8891 	EXP 	RT_Circle_Frame_Feedback: lineColor = '[1. 1. 1.] (rgb)'
16.8891 	EXP 	RT_Feedback_Image: image = 'media/cross.png'
16.8891 	EXP 	RT_Circle_Frame_Feedback: autoDraw = True
16.8891 	EXP 	RT_Feedback_Image: autoDraw = True
17.8908 	EXP 	RT_Circle_Frame_Feedback: autoDraw = False
17.8908 	EXP 	RT_Feedback_Image: autoDraw = False
17.8908 	EXP 	RT_Circle_Frame_Feedback: autoDraw = False
17.8908 	EXP 	RT_Feedback_Image: autoDraw = False
17.8908 	EXP 	Post_Trial_Circle_Frame: lineColor = '[1. 1. 1.] (rgb)'
17.8908 	EXP 	Post_Trial_Circle_Frame: autoDraw = True
18.0797 	EXP 	New trial (rep=4, index=0): None
18.1174 	EXP 	Post_Trial_Circle_Frame: autoDraw = False
18.1174 	EXP 	Post_Trial_Circle_Frame: autoDraw = False
18.1174 	EXP 	RT_HandShape: image = 'media/hand.png'
18.1174 	EXP 	RT_Stim_Hand: pos = array([0.1 , 0.04])
18.1174 	EXP 	RT_Circle_Frame_Hand: autoDraw = True
18.1174 	EXP 	RT_HandShape: autoDraw = True
18.1174 	EXP 	RT_Stim_Hand: autoDraw = True
18.5313 	DATA 	Keypress: l
18.5651 	EXP 	RT_Circle_Frame_Hand: autoDraw = False
18.5651 	EXP 	RT_HandShape: autoDraw = False
18.5651 	EXP 	RT_Stim_Hand: autoDraw = False
18.5651 	EXP 	RT_Circle_Frame_Feedback: lineColor = '[1. 1. 1.] (rgb)'
18.5651 	EXP 	RT_Feedback_Image: image = 'media/check.png'
18.5651 	EXP 	RT_Circle_Frame_Feedback: autoDraw = True
18.5651 	EXP 	RT_Feedback_Image: autoDraw = True
18.8740 	EXP 	RT_Circle_Frame_Feedback: autoDraw = False
18.8740 	EXP 	RT_Feedback_Image: autoDraw = False
18.8740 	EXP 	RT_Circle_Frame_Feedback: autoDraw = False
18.8740 	EXP 	RT_Feedback_Image: autoDraw = False
18.8740 	EXP 	Post_Trial_Circle_Frame: lineColor = '[1. 1. 1.] (rgb)'
18.8740 	EXP 	Post_Trial_Circle_Frame: autoDraw = True
19.0632 	EXP 	Created sequence: sequential, trialTypes=1, nReps=1, seed=None
19.0637 	EXP 	New trial (rep=0, index=0): None
19.0741 	EXP 	Post_Trial_Circle_Frame: autoDraw = False
19.0741 	EXP 	Post_Trial_Circle_Frame: autoDraw = False
19.0741 	EXP 	instr_HAND_TR_text: autoDraw = True
19.5447 	EXP 	Created sequence: sequential, trialTypes=1, nReps=4, seed=None
19.5449 	EXP 	New trial (rep=0, index=0): None
19.5658 	DATA 	Keypress: h
19.5696 	EXP 	instr_HAND_TR_text: autoDraw = False
19.5696 	EXP 	Instr_Block_Num_Text: text = 'Block 1\nPress any key to start'
19.5696 	EXP 	Instr_Block_Num_Text: autoDraw = True
20.3123 	EXP 	Created sequence: sequential, trialTypes=1, nReps=5, seed=None
20.3125 	EXP 	New trial (rep=0, index=0): None
20.3581 	DATA 	Keypress: h
20.3642 	EXP 	Instr_Block_Num_Text: autoDraw = False
20.3642 	EXP 	TR_HandShape: image = 'media/hand.png'
20.3642 	EXP 	TR_Stim_Hand: pos = array([-0.038,  0.075])
20.3642 	EXP 	TR_Circle_Hand: autoDraw = True
20.3642 	EXP 	TR_Circle_Frame_Hand: autoDraw = True
20.3642 	EXP 	TR_HandShape: autoDraw = True
21.8148 	EXP 	Created sequence: sequential, trialTypes=1, nReps=1, seed=None
21.8151 	EXP 	New trial (rep=0, index=0): None
21.8549 	DATA 	Keypress: u
21.8592 	EXP 	TR_Circle_Hand: autoDraw = False
21.8592 	EXP 	TR_Circle_Frame_Hand: autoDraw = False
21.8592 	EXP 	TR_HandShape: autoDraw = False
21.8592 	EXP 	TR_Stim_Hand: autoDraw = False
21.8592 	EXP 	Tr_Circle_Frame_Feedback: lineColor = '[1. 1. 1.] (rgb)'
21.8592 	EXP 	TR_Feedback_Text: color = '[1. 1. 1.] (rgb)'
21.8592 	EXP 	TR_Feedback_Text: text = 'little early'
21.8592 	EXP 	TR_Feedback_Image: image = 'media/cross.png'
21.8592 	EXP 	Tr_Circle_Frame_Feedback: autoDraw = True
21.8592 	EXP 	TR_Feedback_Text: autoDraw = True
21.8592 	EXP 	TR_Feedback_Image: autoDraw = True
22.1612 	EXP 	Created sequence: sequential, trialTypes=1, nReps=0, seed=None
22.1742 	EXP 	Tr_Circle_Frame_Feedback: autoDraw = False
22.1742 	EXP 	TR_Feedback_Text: autoDraw = False
22.1742 	EXP 	TR_Feedback_Image: autoDraw = False
22.1742 	EXP 	Tr_Circle_Frame_Feedback: autoDraw = False
22.1742 	EXP 	TR_Feedback_Text: autoDraw = False
22.1742 	EXP 	TR_Feedback_Image: autoDraw = False
22.1742 	EXP 	Post_Trial_Circle_Frame: lineColor = '[1. 1. 1.] (rgb)'
22.1742 	EXP 	Post_Trial_Circle_Frame: autoDraw = True
22.3639 	EXP 	New trial (rep=1, index=0): None
22.3939 	EXP 	Post_Trial_Circle_Frame: autoDraw = False
22.3939 	EXP 	Post_Trial_Circle_Frame: autoDraw = False
22.3939 	EXP 	TR_HandShape: image = 'media/hand.png'
22.3939 	EXP 	TR_Stim_Hand: pos = array([0.1 , 0.04])
22.3939 	EXP 	TR_Circle_Hand: autoDraw = True
22.3939 	EXP 	TR_Circle_Frame_Hand: autoDraw = True
22.3939 	EXP 	TR_HandShape: autoDraw = True
23.3098 	EXP 	TR_Stim_Hand: autoDraw = True
23.9280 	EXP 	Created sequence: sequential, trialTypes=1, nReps=1, seed=None
23.9282 	EXP 	New trial (rep=0, index=0): None
23.9754 	DATA 	Keypress: l
23.9801 	EXP 	TR_Circle_Hand: autoDraw = False
23.9801 	EXP 	TR_Circle_Frame_Hand: autoDraw = False
23.9801 	EXP 	TR_HandShape: autoDraw = False
23.9801 	EXP 	TR_Stim_Hand: autoDraw = False
23.9801 	EXP 	Tr_Circle_Frame_Feedback: lineColor = '[1. 1. 1.] (rgb)'
23.9801 	EXP 	TR_Feedback_Text: color = '[1. 1. 1.] (rgb)'
23.9801 	EXP 	TR_Feedback_Text: text = 'good timing'
23.9801 	EXP 	TR_Feedback_Image: image = 'media/check.png'
23.9801 	EXP 	Tr_Circle_Frame_Feedback: autoDraw = True
23.9801 	EXP 	TR_Feedback_Text: autoDraw = True
23.9801 	EXP 	TR_Feedback_Image: autoDraw = True
24.2781 	EXP 	Created sequence: sequential, trialTypes=1, nReps=0, seed=None
24.2907 	EXP 	Tr_Circle_Frame_Feedback: autoDraw = False
24.2907 	EXP 	TR_Feedback_Text: autoDraw = False
24.2907 	EXP 	TR_Feedback_Image: autoDraw = False
24.2907 	EXP 	Tr_Circle_Frame_Feedback: autoDraw = False
24.2907 	EXP 	TR_Feedback_Text: autoDraw = False
24.2907 	EXP 	TR_Feedback_Image: autoDraw = False
24.2907 	EXP 	Post_Trial_Circle_Frame: lineColor = '[1. 1. 1.] (rgb)'
24.2907 	EXP 	Post_Trial_Circle_Frame: autoDraw = True
24.4759 	EXP 	New trial (rep=2, index=0): None
24.4988 	EXP 	Post_Trial_Circle_Frame: autoDraw = False
24.4988 	EXP 	Post_Trial_Circle_Frame: autoDraw = False
24.4988 	EXP 	TR_HandShape: image = 'media/hand.png'
24.4988 	EXP 	TR_Stim_Hand: pos = array([0.1 , 0.04])
24.4988 	EXP 	TR_Circle_Hand: autoDraw = True
24.4988 	EXP 	TR_Circle_Frame_Hand: autoDraw = True
24.4988 	EXP 	TR_HandShape: autoDraw = True
25.6408 	EXP 	TR_Stim_Hand: autoDraw = True
25.8317 	EXP 	Created sequence: sequential, trialTypes=1, nReps=1, seed=None
25.8321 	EXP 	New trial (rep=0, index=0): None
25.8533 	DATA 	Keypress: h
25.8577 	EXP 	TR_Circle_Hand: autoDraw = False
25.8577 	EXP 	TR_Circle_Frame_Hand: autoDraw = False
25.8577 	EXP 	TR_HandShape: autoDraw = False
25.8577 	EXP 	TR_Stim_Hand: autoDraw = False
25.8577 	EXP 	Tr_Circle_Frame_Feedback: lineColor = '[1. 1. 1.] (rgb)'
25.8577 	EXP 	TR_Feedback_Text: color = '[1. 1. 1.] (rgb)'
25.8577 	EXP 	TR_Feedback_Text: text = 'little early'
25.8577 	EXP 	TR_Feedback_Image: image = 'media/cross.png'
25.8577 	EXP 	Tr_Circle_Frame_Feedback: autoDraw = True
25.8577 	EXP 	TR_Feedback_Text: autoDraw = True
25.8577 	EXP 	TR_Feedback_Image: autoDraw = True
26.1456 	EXP 	Created sequence: sequential, trialTypes=1, nReps=0, seed=None
26.1575 	EXP 	Tr_Circle_Frame_Feedback: autoDraw = False
26.1575 	EXP 	TR_Feedback_Text: autoDraw = False
26.1575 	EXP 	TR_Feedback_Image: autoDraw = False
26.1575 	EXP 	Tr_Circle_Frame_Feedback: autoDraw = False
26.1575 	EXP 	TR_Feedback_Text: autoDraw = False
26.1575 	EXP 	TR_Feedback_Image: autoDraw = False
26.1575 	EXP 	Post_Trial_Circle_Frame: lineColor = '[1. 1. 1.] (rgb)'
26.1575 	EXP 	Post_Trial_Circle_Frame: autoDraw = True
26.3428 	EXP 	New trial (rep=3, index=0): None
26.3655 	EXP 	Post_Trial_Circle_Frame: autoDraw = False
26.3655 	EXP 	Post_Trial_Circle_Frame: autoDraw = False
26.3655 	EXP 	TR_HandShape: image = 'media/hand.png'
26.3655 	EXP 	TR_Stim_Hand: pos = array([0.057, 0.08 ])
26.3655 	EXP 	TR_Circle_Hand: autoDraw = True
26.3655 	EXP 	TR_Circle_Frame_Hand: autoDraw = True
26.3655 	EXP 	TR_HandShape: autoDraw = True
27.4918 	EXP 	TR_Stim_Hand: autoDraw = True
27.7307 	DATA 	Keypress: u
27.7457 	EXP 	Created sequence: sequential, trialTypes=1, nReps=1, seed=None
27.7459 	EXP 	New trial (rep=0, index=0): None
27.7605 	EXP 	TR_Circle_Hand: autoDraw = False
27.7605 	EXP 	TR_Circle_Frame_Hand: autoDraw = False
27.7605 	EXP 	TR_HandShape: autoDraw = False
27.7605 	EXP 	TR_Stim_Hand: autoDraw = False
27.7605 	EXP 	Tr_Circle_Frame_Feedback: lineColor = '[1. 1. 1.] (rgb)'
27.7605 	EXP 	TR_Feedback_Text: color = '[1. 1. 1.] (rgb)'
27.7605 	EXP 	TR_Feedback_Text: text = 'little early'
27.7605 	EXP 	TR_Feedback_Image: image = 'media/cross.png'
27.7605 	EXP 	Tr_Circle_Frame_Feedback: autoDraw = True
27.7605 	EXP 	TR_Feedback_Text: autoDraw = True
27.7605 	EXP 	TR_Feedback_Image: autoDraw = True
28.0606 	EXP 	Created sequence: sequential, trialTypes=1, nReps=0, seed=None
28.0742 	EXP 	Tr_Circle_Frame_Feedback: autoDraw = False
28.0742 	EXP 	TR_Feedback_Text: autoDraw = False
28.0742 	EXP 	TR_Feedback_Image: autoDraw = False
28.0742 	EXP 	Tr_Circle_Frame_Feedback: autoDraw = False
28.0742 	EXP 	TR_Feedback_Text: autoDraw = False
28.0742 	EXP 	TR_Feedback_Image: autoDraw = False
28.0742 	EXP 	Post_Trial_Circle_Frame: lineColor = '[1. 1. 1.] (rgb)'
28.0742 	EXP 	Post_Trial_Circle_Frame: autoDraw = True
28.2632 	EXP 	New trial (rep=4, index=0): None
28.3030 	EXP 	Post_Trial_Circle_Frame: autoDraw = False
28.3030 	EXP 	Post_Trial_Circle_Frame: autoDraw = False
28.3030 	EXP 	TR_HandShape: image = 'media/hand.png'
28.3030 	EXP 	TR_Stim_Hand: pos = array([0.014, 0.1  ])
28.3030 	EXP 	TR_Circle_Hand: autoDraw = True
28.3030 	EXP 	TR_Circle_Frame_Hand: autoDraw = True
28.3030 	EXP 	TR_HandShape: autoDraw = True
29.1576 	EXP 	TR_Stim_Hand: autoDraw = True
29.7461 	EXP 	Created sequence: sequential, trialTypes=1, nReps=1, seed=None
29.7463 	EXP 	New trial (rep=0, index=0): None
29.7603 	DATA 	Keypress: u
29.7649 	EXP 	TR_Circle_Hand: autoDraw = False
29.7649 	EXP 	TR_Circle_Frame_Hand: autoDraw = False
29.7649 	EXP 	TR_HandShape: autoDraw = False
29.7649 	EXP 	TR_Stim_Hand: autoDraw = False
29.7649 	EXP 	Tr_Circle_Frame_Feedback: lineColor = '[1. 1. 1.] (rgb)'
29.7649 	EXP 	TR_Feedback_Text: color = '[1. 1. 1.] (rgb)'
29.7649 	EXP 	TR_Feedback_Text: text = 'little early'
29.7649 	EXP 	TR_Feedback_Image: image = 'media/check.png'
29.7649 	EXP 	Tr_Circle_Frame_Feedback: autoDraw = True
29.7649 	EXP 	TR_Feedback_Text: autoDraw = True
29.7649 	EXP 	TR_Feedback_Image: autoDraw = True
30.0633 	EXP 	Created sequence: sequential, trialTypes=1, nReps=0, seed=None
30.0744 	EXP 	Tr_Circle_Frame_Feedback: autoDraw = False
30.0744 	EXP 	TR_Feedback_Text: autoDraw = False
30.0744 	EXP 	TR_Feedback_Image: autoDraw = False
30.0744 	EXP 	Tr_Circle_Frame_Feedback: autoDraw = False
30.0744 	EXP 	TR_Feedback_Text: autoDraw = False
30.0744 	EXP 	TR_Feedback_Image: autoDraw = False
30.0744 	EXP 	Post_Trial_Circle_Frame: lineColor = '[1. 1. 1.] (rgb)'
30.0744 	EXP 	Post_Trial_Circle_Frame: autoDraw = True
30.2644 	EXP 	New trial (rep=1, index=0): None
30.2951 	EXP 	Post_Trial_Circle_Frame: autoDraw = False
30.2951 	EXP 	Post_Trial_Circle_Frame: autoDraw = False
30.2951 	EXP 	Instr_Block_Num_Text: text = 'Block 2\nPress any key to start'
30.2951 	EXP 	Instr_Block_Num_Text: autoDraw = True
30.9327 	DATA 	Keypress: u
30.9505 	EXP 	Created sequence: sequential, trialTypes=1, nReps=5, seed=None
30.9512 	EXP 	New trial (rep=0, index=0): None
30.9897 	EXP 	Instr_Block_Num_Text: autoDraw = False
30.9897 	EXP 	TR_HandShape: image = 'media/hand.png'
30.9897 	EXP 	TR_Stim_Hand: pos = array([0.057, 0.08 ])
30.9897 	EXP 	TR_Circle_Hand: autoDraw = True
30.9897 	EXP 	TR_Circle_Frame_Hand: autoDraw = True
30.9897 	EXP 	TR_HandShape: autoDraw = True
31.8242 	EXP 	TR_Stim_Hand: autoDraw = True
32.4016 	EXP 	Created sequence: sequential, trialTypes=1, nReps=1, seed=None
32.4021 	EXP 	New trial (rep=0, index=0): None
32.4257 	DATA 	Keypress: h
32.4301 	EXP 	TR_Circle_Hand: autoDraw = False
32.4301 	EXP 	TR_Circle_Frame_Hand: autoDraw = False
32.4301 	EXP 	TR_HandShape: autoDraw = False
32.4301 	EXP 	TR_Stim_Hand: autoDraw = False
32.4301 	EXP 	Tr_Circle_Frame_Feedback: lineColor = '[1. 1. 1.] (rgb)'
32.4301 	EXP 	TR_Feedback_Text: color = '[1. 1. 1.] (rgb)'
32.4301 	EXP 	TR_Feedback_Text: text = 'little early'
32.4301 	EXP 	TR_Feedback_Image: image = 'media/cross.png'
32.4301 	EXP 	Tr_Circle_Frame_Feedback: autoDraw = True
32.4301 	EXP 	TR_Feedback_Text: autoDraw = True
32.4301 	EXP 	TR_Feedback_Image: autoDraw = True
32.7278 	EXP 	Created sequence: sequential, trialTypes=1, nReps=0, seed=None
32.7408 	EXP 	Tr_Circle_Frame_Feedback: autoDraw = False
32.7408 	EXP 	TR_Feedback_Text: autoDraw = False
32.7408 	EXP 	TR_Feedback_Image: autoDraw = False
32.7408 	EXP 	Tr_Circle_Frame_Feedback: autoDraw = False
32.7408 	EXP 	TR_Feedback_Text: autoDraw = False
32.7408 	EXP 	TR_Feedback_Image: autoDraw = False
32.7408 	EXP 	Post_Trial_Circle_Frame: lineColor = '[1. 1. 1.] (rgb)'
32.7408 	EXP 	Post_Trial_Circle_Frame: autoDraw = True
32.9317 	EXP 	New trial (rep=1, index=0): None
32.9717 	EXP 	Post_Trial_Circle_Frame: autoDraw = False
32.9717 	EXP 	Post_Trial_Circle_Frame: autoDraw = False
32.9717 	EXP 	TR_HandShape: image = 'media/hand.png'
32.9717 	EXP 	TR_Stim_Hand: pos = array([-0.038,  0.075])
32.9717 	EXP 	TR_Circle_Hand: autoDraw = True
32.9717 	EXP 	TR_Circle_Frame_Hand: autoDraw = True
32.9717 	EXP 	TR_HandShape: autoDraw = True
33.3610 	EXP 	TR_Stim_Hand: autoDraw = True
34.5454 	EXP 	Created sequence: sequential, trialTypes=1, nReps=1, seed=None
34.5455 	EXP 	New trial (rep=0, index=0): None
34.5626 	DATA 	Keypress: h
34.5671 	EXP 	TR_Circle_Hand: autoDraw = False
34.5671 	EXP 	TR_Circle_Frame_Hand: autoDraw = False
34.5671 	EXP 	TR_HandShape: autoDraw = False
34.5671 	EXP 	TR_Stim_Hand: autoDraw = False
34.5671 	EXP 	Tr_Circle_Frame_Feedback: lineColor = '[1. 1. 1.] (rgb)'
34.5671 	EXP 	TR_Feedback_Text: color = '[1. 1. 1.] (rgb)'
34.5671 	EXP 	TR_Feedback_Text: text = 'good timing'
34.5671 	EXP 	TR_Feedback_Image: image = 'media/check.png'
34.5671 	EXP 	Tr_Circle_Frame_Feedback: autoDraw = True
34.5671 	EXP 	TR_Feedback_Text: autoDraw = True
34.5671 	EXP 	TR_Feedback_Image: autoDraw = True
34.8630 	EXP 	Created sequence: sequential, trialTypes=1, nReps=0, seed=None
34.8755 	EXP 	Tr_Circle_Frame_Feedback: autoDraw = False
34.8755 	EXP 	TR_Feedback_Text: autoDraw = False
34.8755 	EXP 	TR_Feedback_Image: autoDraw = False
34.8755 	EXP 	Tr_Circle_Frame_Feedback: autoDraw = False
34.8755 	EXP 	TR_Feedback_Text: autoDraw = False
34.8755 	EXP 	TR_Feedback_Image: autoDraw = False
34.8755 	EXP 	Post_Trial_Circle_Frame: lineColor = '[1. 1. 1.] (rgb)'
34.8755 	EXP 	Post_Trial_Circle_Frame: autoDraw = True
35.0762 	EXP 	New trial (rep=2, index=0): None
35.0981 	EXP 	Post_Trial_Circle_Frame: autoDraw = False
35.0981 	EXP 	Post_Trial_Circle_Frame: autoDraw = False
35.0981 	EXP 	TR_HandShape: image = 'media/hand.png'
35.0981 	EXP 	TR_Stim_Hand: pos = array([-0.038,  0.075])
35.0981 	EXP 	TR_Circle_Hand: autoDraw = True
35.0981 	EXP 	TR_Circle_Frame_Hand: autoDraw = True
35.0981 	EXP 	TR_HandShape: autoDraw = True
36.0913 	EXP 	TR_Stim_Hand: autoDraw = True
36.6128 	EXP 	Created sequence: sequential, trialTypes=1, nReps=1, seed=None
36.6130 	EXP 	New trial (rep=0, index=0): None
36.6283 	DATA 	Keypress: h
36.6327 	EXP 	TR_Circle_Hand: autoDraw = False
36.6327 	EXP 	TR_Circle_Frame_Hand: autoDraw = False
36.6327 	EXP 	TR_HandShape: autoDraw = False
36.6327 	EXP 	TR_Stim_Hand: autoDraw = False
36.6327 	EXP 	Tr_Circle_Frame_Feedback: lineColor = '[1. 1. 1.] (rgb)'
36.6327 	EXP 	TR_Feedback_Text: color = '[1. 1. 1.] (rgb)'
36.6327 	EXP 	TR_Feedback_Text: text = 'good timing'
36.6327 	EXP 	TR_Feedback_Image: image = 'media/check.png'
36.6327 	EXP 	Tr_Circle_Frame_Feedback: autoDraw = True
36.6327 	EXP 	TR_Feedback_Text: autoDraw = True
36.6327 	EXP 	TR_Feedback_Image: autoDraw = True
36.9272 	EXP 	Created sequence: sequential, trialTypes=1, nReps=0, seed=None
36.9410 	EXP 	Tr_Circle_Frame_Feedback: autoDraw = False
36.9410 	EXP 	TR_Feedback_Text: autoDraw = False
36.9410 	EXP 	TR_Feedback_Image: autoDraw = False
36.9410 	EXP 	Tr_Circle_Frame_Feedback: autoDraw = False
36.9410 	EXP 	TR_Feedback_Text: autoDraw = False
36.9410 	EXP 	TR_Feedback_Image: autoDraw = False
36.9410 	EXP 	Post_Trial_Circle_Frame: lineColor = '[1. 1. 1.] (rgb)'
36.9410 	EXP 	Post_Trial_Circle_Frame: autoDraw = True
37.1275 	EXP 	New trial (rep=3, index=0): None
37.1620 	EXP 	Post_Trial_Circle_Frame: autoDraw = False
37.1620 	EXP 	Post_Trial_Circle_Frame: autoDraw = False
37.1620 	EXP 	TR_HandShape: image = 'media/hand.png'
37.1620 	EXP 	TR_Stim_Hand: pos = array([0.014, 0.1  ])
37.1620 	EXP 	TR_Circle_Hand: autoDraw = True
37.1620 	EXP 	TR_Circle_Frame_Hand: autoDraw = True
37.1620 	EXP 	TR_HandShape: autoDraw = True
38.6516 	EXP 	Created sequence: sequential, trialTypes=1, nReps=1, seed=None
38.6522 	EXP 	New trial (rep=0, index=0): None
38.6813 	DATA 	Keypress: i
38.6857 	EXP 	TR_Circle_Hand: autoDraw = False
38.6857 	EXP 	TR_Circle_Frame_Hand: autoDraw = False
38.6857 	EXP 	TR_HandShape: autoDraw = False
38.6857 	EXP 	TR_Stim_Hand: autoDraw = False
38.6857 	EXP 	Tr_Circle_Frame_Feedback: lineColor = '[1. 1. 1.] (rgb)'
38.6857 	EXP 	TR_Feedback_Text: color = '[1. 1. 1.] (rgb)'
38.6857 	EXP 	TR_Feedback_Text: text = 'little early'
38.6857 	EXP 	TR_Feedback_Image: image = 'media/cross.png'
38.6857 	EXP 	Tr_Circle_Frame_Feedback: autoDraw = True
38.6857 	EXP 	TR_Feedback_Text: autoDraw = True
38.6857 	EXP 	TR_Feedback_Image: autoDraw = True
38.9776 	EXP 	Created sequence: sequential, trialTypes=1, nReps=0, seed=None
38.9913 	EXP 	Tr_Circle_Frame_Feedback: autoDraw = False
38.9913 	EXP 	TR_Feedback_Text: autoDraw = False
38.9913 	EXP 	TR_Feedback_Image: autoDraw = False
38.9913 	EXP 	Tr_Circle_Frame_Feedback: autoDraw = False
38.9913 	EXP 	TR_Feedback_Text: autoDraw = False
38.9913 	EXP 	TR_Feedback_Image: autoDraw = False
38.9913 	EXP 	Post_Trial_Circle_Frame: lineColor = '[1. 1. 1.] (rgb)'
38.9913 	EXP 	Post_Trial_Circle_Frame: autoDraw = True
39.1776 	EXP 	New trial (rep=4, index=0): None
39.2035 	EXP 	Post_Trial_Circle_Frame: autoDraw = False
39.2035 	EXP 	Post_Trial_Circle_Frame: autoDraw = False
39.2035 	EXP 	TR_HandShape: image = 'media/hand.png'
39.2035 	EXP 	TR_Stim_Hand: pos = array([0.014, 0.1  ])
39.2035 	EXP 	TR_Circle_Hand: autoDraw = True
39.2035 	EXP 	TR_Circle_Frame_Hand: autoDraw = True
39.2035 	EXP 	TR_HandShape: autoDraw = True
40.6408 	EXP 	TR_Stim_Hand: autoDraw = True
40.6695 	EXP 	Created sequence: sequential, trialTypes=1, nReps=1, seed=None
40.6702 	EXP 	New trial (rep=0, index=0): None
40.6885 	DATA 	Keypress: l
40.6930 	EXP 	TR_Circle_Hand: autoDraw = False
40.6930 	EXP 	TR_Circle_Frame_Hand: autoDraw = False
40.6930 	EXP 	TR_HandShape: autoDraw = False
40.6930 	EXP 	TR_Stim_Hand: autoDraw = False
40.6930 	EXP 	Tr_Circle_Frame_Feedback: lineColor = '[1. 1. 1.] (rgb)'
40.6930 	EXP 	TR_Feedback_Text: color = '[1. 1. 1.] (rgb)'
40.6930 	EXP 	TR_Feedback_Text: text = 'little early'
40.6930 	EXP 	TR_Feedback_Image: image = 'media/cross.png'
40.6930 	EXP 	Tr_Circle_Frame_Feedback: autoDraw = True
40.6930 	EXP 	TR_Feedback_Text: autoDraw = True
40.6930 	EXP 	TR_Feedback_Image: autoDraw = True
40.9947 	EXP 	Created sequence: sequential, trialTypes=1, nReps=0, seed=None
41.0074 	EXP 	Tr_Circle_Frame_Feedback: autoDraw = False
41.0074 	EXP 	TR_Feedback_Text: autoDraw = False
41.0074 	EXP 	TR_Feedback_Image: autoDraw = False
41.0074 	EXP 	Tr_Circle_Frame_Feedback: autoDraw = False
41.0074 	EXP 	TR_Feedback_Text: autoDraw = False
41.0074 	EXP 	TR_Feedback_Image: autoDraw = False
41.0074 	EXP 	Post_Trial_Circle_Frame: lineColor = '[1. 1. 1.] (rgb)'
41.0074 	EXP 	Post_Trial_Circle_Frame: autoDraw = True
41.1955 	EXP 	Created sequence: sequential, trialTypes=1, nReps=1, seed=None
41.1957 	EXP 	New trial (rep=0, index=0): None
41.1959 	EXP 	Created sequence: sequential, trialTypes=1, nReps=1, seed=None
41.1960 	EXP 	New trial (rep=0, index=0): None
41.2075 	EXP 	Post_Trial_Circle_Frame: autoDraw = False
41.2075 	EXP 	Post_Trial_Circle_Frame: autoDraw = False
41.2075 	EXP 	Instr_CR_Old_Text_Ctx1: autoDraw = True
41.8298 	DATA 	Keypress: h
41.8480 	EXP 	Created sequence: sequential, trialTypes=1, nReps=2000, seed=None
41.8550 	EXP 	New trial (rep=0, index=0): None
41.8718 	EXP 	window1: mouseVisible = True
