1.5861 	WARNING 	We strongly recommend you activate the PTB sound engine in PsychoPy prefs as the preferred audio engine. Its timing is vastly superior. Your prefs are currently set to use ['sounddevice', 'PTB', 'pyo', 'pygame'] (in that order).
16.9688 	EXP 	Created window1 = Window(allowGUI=False, allowStencil=False, args=UNKNOWN, autoLog=True, bitsMode=UNKNOWN, blendMode='avg', bpc=(8, 8, 8), color=array([0., 0., 0.]), colorSpace='rgb', depthBits=8, fullscr=<method-wrapper '__getattribute__' of attributeSetter object at 0x000001B56E398FD0>, gamma=None, gammaErrorPolicy='raise', kwargs=UNKNOWN, lms=UNKNOWN, monitor=<psychopy.monitors.calibTools.Monitor object at 0x000001B56E31ECF8>, multiSample=False, name='window1', numSamples=2, pos=[0.0, 0.0], screen=0, size=array([1920, 1080]), stencilBits=0, stereo=False, units='height', useFBO=True, useRetina=False, viewOri=0.0, viewPos=None, viewScale=None, waitBlanking=True, winType='pyglet')
16.9689 	EXP 	window1: recordFrameIntervals = False
17.1349 	EXP 	window1: recordFrameIntervals = True
17.3707 	EXP 	window1: recordFrameIntervals = False
17.6359 	EXP 	Created Instr_Exp_Text = TextStim(__class__=<class 'psychopy.visual.text.TextStim'>, alignHoriz=method-wrapper(...), alignText='center', alignVert=method-wrapper(...), anchorHoriz='center', anchorVert='center', antialias=True, autoLog=True, bold=False, color='white', colorSpace='named', contrast=1.0, depth=0.0, flipHoriz=False, flipVert=False, font='Arial', fontFiles=[], height=0.05, italic=False, languageStyle='LTR', name='Instr_Exp_Text', opacity=1.0, ori=0, pos=array([0., 0.]), rgb=array([255., 255., 255.]), text=str(...), units='height', win=Window(...), wrapWidth=1)
17.6734 	EXP 	Created Instr_RT_Hand_Rext = TextStim(__class__=<class 'psychopy.visual.text.TextStim'>, alignHoriz=method-wrapper(...), alignText='center', alignVert=method-wrapper(...), anchorHoriz='center', anchorVert='center', antialias=True, autoLog=True, bold=False, color='white', colorSpace='named', contrast=1.0, depth=0.0, flipHoriz=False, flipVert=False, font='Arial', fontFiles=[], height=0.03, italic=False, languageStyle='LTR', name='Instr_RT_Hand_Rext', opacity=1.0, ori=0, pos=array([0., 0.]), rgb=array([255., 255., 255.]), text=str(...), units='height', win=Window(...), wrapWidth=1)
17.6897 	EXP 	Created RT_Circle_Frame_Hand = Polygon(__class__=<class 'psychopy.visual.polygon.Polygon'>, autoDraw=False, autoLog=True, closeShape=True, color=method-wrapper(...), colorSpace=None, contrast=1.0, depth=-1.0, fillColor=array([-1., -1., -1.]), fillColorSpace='rgb', fillRGB=array([-1., -1., -1.]), interpolate=True, lineColor=array([1., 1., 1.]), lineColorSpace='rgb', lineRGB=array([1., 1., 1.]), lineWidth=12, name='RT_Circle_Frame_Hand', opacity=0.5, ori=array(0.), pos=array([0., 0.]), size=array([0.3, 0.3]), units='height', vertices=ndarray(...), win=Window(...))
17.6920 	EXP 	Created RT_HandShape = ImageStim(__class__=<class 'psychopy.visual.image.ImageStim'>, autoLog=True, color=array([1., 1., 1.]), colorSpace='rgb', contrast=1.0, depth=-3.0, flipHoriz=False, flipVert=False, image='sin', interpolate=True, mask=None, maskParams=None, name='RT_HandShape', opacity=1.0, ori=0.0, pos=array([0., 0.]), size=array([0.25, 0.25]), texRes=128, units='height', win=Window(...))
17.6939 	EXP 	Created RT_Stim_Hand = Polygon(__class__=<class 'psychopy.visual.polygon.Polygon'>, autoDraw=False, autoLog=True, closeShape=True, color=method-wrapper(...), colorSpace=None, contrast=1.0, depth=-4.0, fillColor=array([1., 1., 1.]), fillColorSpace='rgb', fillRGB=array([1., 1., 1.]), interpolate=True, lineColor=array([1., 1., 1.]), lineColorSpace='rgb', lineRGB=array([1., 1., 1.]), lineWidth=1, name='RT_Stim_Hand', opacity=1.0, ori=array(0.), pos=array([0., 0.]), size=array([0.025, 0.025]), units='height', vertices=ndarray(...), win=Window(...))
17.7089 	EXP 	Created RT_Circle_Frame_Feedback = Polygon(__class__=<class 'psychopy.visual.polygon.Polygon'>, autoDraw=False, autoLog=True, closeShape=True, color=method-wrapper(...), colorSpace=None, contrast=1.0, depth=0.0, fillColor=array([-1., -1., -1.]), fillColorSpace='rgb', fillRGB=array([-1., -1., -1.]), interpolate=True, lineColor=array([1., 1., 1.]), lineColorSpace='rgb', lineRGB=array([1., 1., 1.]), lineWidth=12, name='RT_Circle_Frame_Feedback', opacity=0.5, ori=array(0.), pos=array([0., 0.]), size=array([0.3, 0.3]), units='height', vertices=ndarray(...), win=Window(...))
17.7108 	EXP 	Created RT_Feedback_Image = ImageStim(__class__=<class 'psychopy.visual.image.ImageStim'>, autoLog=True, color=array([1., 1., 1.]), colorSpace='rgb', contrast=1.0, depth=-1.0, flipHoriz=False, flipVert=False, image='sin', interpolate=True, mask=None, maskParams=None, name='RT_Feedback_Image', opacity=1.0, ori=0.0, pos=array([0., 0.]), size=array([0.18, 0.18]), texRes=128, units='height', win=Window(...))
17.7256 	EXP 	Created Post_Trial_Circle_Frame = Polygon(__class__=<class 'psychopy.visual.polygon.Polygon'>, autoDraw=False, autoLog=True, closeShape=True, color=method-wrapper(...), colorSpace=None, contrast=1.0, depth=0.0, fillColor=array([-1., -1., -1.]), fillColorSpace='rgb', fillRGB=array([-1., -1., -1.]), interpolate=True, lineColor=array([1., 1., 1.]), lineColorSpace='rgb', lineRGB=array([1., 1., 1.]), lineWidth=12, name='Post_Trial_Circle_Frame', opacity=0.5, ori=array(0.), pos=array([0., 0.]), size=array([0.3, 0.3]), units='height', vertices=ndarray(...), win=Window(...))
17.7504 	EXP 	Created instr_HAND_TR_text = TextStim(__class__=<class 'psychopy.visual.text.TextStim'>, alignHoriz=method-wrapper(...), alignText='center', alignVert=method-wrapper(...), anchorHoriz='center', anchorVert='center', antialias=True, autoLog=True, bold=False, color='white', colorSpace='named', contrast=1.0, depth=0.0, flipHoriz=False, flipVert=False, font='Arial', fontFiles=[], height=0.03, italic=False, languageStyle='LTR', name='instr_HAND_TR_text', opacity=1.0, ori=0, pos=array([0., 0.]), rgb=array([255., 255., 255.]), text=str(...), units='height', win=Window(...), wrapWidth=1)
17.7698 	EXP 	Created Instr_Block_Num_Text = TextStim(__class__=<class 'psychopy.visual.text.TextStim'>, alignHoriz=method-wrapper(...), alignText='center', alignVert=method-wrapper(...), anchorHoriz='center', anchorVert='center', antialias=True, autoLog=True, bold=False, color='white', colorSpace='named', contrast=1.0, depth=0.0, flipHoriz=False, flipVert=False, font='Arial', fontFiles=[], height=0.1, italic=False, languageStyle='LTR', name='Instr_Block_Num_Text', opacity=1.0, ori=0, pos=array([0., 0.]), rgb=array([255., 255., 255.]), text='default text', units='height', win=Window(...), wrapWidth=1)
17.7848 	EXP 	Created TR_Circle_Hand = Polygon(__class__=<class 'psychopy.visual.polygon.Polygon'>, autoDraw=False, autoLog=True, closeShape=True, color=method-wrapper(...), colorSpace=None, contrast=1.0, depth=-1.0, fillColor=array([-1., -1., -1.]), fillColorSpace='rgb', fillRGB=array([-1., -1., -1.]), interpolate=True, lineColor=array([1., 1., 1.]), lineColorSpace='rgb', lineRGB=array([1., 1., 1.]), lineWidth=12, name='TR_Circle_Hand', opacity=0.3, ori=array(0.), pos=array([0., 0.]), size=array([1., 1.]), units='height', vertices=ndarray(...), win=Window(...))
17.7993 	EXP 	Created TR_Circle_Frame_Hand = Polygon(__class__=<class 'psychopy.visual.polygon.Polygon'>, autoDraw=False, autoLog=True, closeShape=True, color=method-wrapper(...), colorSpace=None, contrast=1.0, depth=-2.0, fillColor=array([-1., -1., -1.]), fillColorSpace='rgb', fillRGB=array([-1., -1., -1.]), interpolate=True, lineColor=array([1., 1., 1.]), lineColorSpace='rgb', lineRGB=array([1., 1., 1.]), lineWidth=12, name='TR_Circle_Frame_Hand', opacity=0.5, ori=array(0.), pos=array([0., 0.]), size=array([0.3, 0.3]), units='height', vertices=ndarray(...), win=Window(...))
17.8012 	EXP 	Created TR_HandShape = ImageStim(__class__=<class 'psychopy.visual.image.ImageStim'>, autoLog=True, color=array([1., 1., 1.]), colorSpace='rgb', contrast=1.0, depth=-3.0, flipHoriz=False, flipVert=False, image='sin', interpolate=True, mask=None, maskParams=None, name='TR_HandShape', opacity=1.0, ori=0.0, pos=array([0., 0.]), size=array([0.25, 0.25]), texRes=128, units='height', win=Window(...))
17.8031 	EXP 	Created TR_Stim_Hand = Polygon(__class__=<class 'psychopy.visual.polygon.Polygon'>, autoDraw=False, autoLog=True, closeShape=True, color=method-wrapper(...), colorSpace=None, contrast=1.0, depth=-4.0, fillColor=array([1., 1., 1.]), fillColorSpace='rgb', fillRGB=array([1., 1., 1.]), interpolate=True, lineColor=array([1., 1., 1.]), lineColorSpace='rgb', lineRGB=array([1., 1., 1.]), lineWidth=1, name='TR_Stim_Hand', opacity=1.0, ori=array(0.), pos=array([0., 0.]), size=array([0.025, 0.025]), units='height', vertices=ndarray(...), win=Window(...))
17.8176 	EXP 	Created Tr_Circle_Frame_Feedback = Polygon(__class__=<class 'psychopy.visual.polygon.Polygon'>, autoDraw=False, autoLog=True, closeShape=True, color=method-wrapper(...), colorSpace=None, contrast=1.0, depth=0.0, fillColor=array([-1., -1., -1.]), fillColorSpace='rgb', fillRGB=array([-1., -1., -1.]), interpolate=True, lineColor=array([1., 1., 1.]), lineColorSpace='rgb', lineRGB=array([1., 1., 1.]), lineWidth=12, name='Tr_Circle_Frame_Feedback', opacity=0.5, ori=array(0.), pos=array([0., 0.]), size=array([0.3, 0.3]), units='height', vertices=ndarray(...), win=Window(...))
17.8320 	EXP 	Created TR_Feedback_Text = TextStim(__class__=<class 'psychopy.visual.text.TextStim'>, alignHoriz=method-wrapper(...), alignText='center', alignVert=method-wrapper(...), anchorHoriz='center', anchorVert='center', antialias=True, autoLog=True, bold=False, color='white', colorSpace='named', contrast=1.0, depth=-1.0, flipHoriz=False, flipVert=False, font='Arial', fontFiles=[], height=0.08, italic=False, languageStyle='LTR', name='TR_Feedback_Text', opacity=1.0, ori=0, pos=array([0.  , 0.25]), rgb=array([255., 255., 255.]), text='default text', units='height', win=Window(...), wrapWidth=1)
17.8335 	EXP 	Created TR_Feedback_Image = ImageStim(__class__=<class 'psychopy.visual.image.ImageStim'>, autoLog=True, color=array([1., 1., 1.]), colorSpace='rgb', contrast=1.0, depth=-2.0, flipHoriz=False, flipVert=False, image='sin', interpolate=True, mask=None, maskParams=None, name='TR_Feedback_Image', opacity=1.0, ori=0.0, pos=array([0., 0.]), size=array([0.18, 0.18]), texRes=128, units='height', win=Window(...))
17.8481 	EXP 	Created TR_Circle_Frame_Penalty = Polygon(__class__=<class 'psychopy.visual.polygon.Polygon'>, autoDraw=False, autoLog=True, closeShape=True, color=method-wrapper(...), colorSpace=None, contrast=1.0, depth=0.0, fillColor=array([-1., -1., -1.]), fillColorSpace='rgb', fillRGB=array([-1., -1., -1.]), interpolate=True, lineColor=array([1., 1., 1.]), lineColorSpace='rgb', lineRGB=array([1., 1., 1.]), lineWidth=12, name='TR_Circle_Frame_Penalty', opacity=0.5, ori=array(0.), pos=array([0., 0.]), size=array([0.3, 0.3]), units='height', vertices=ndarray(...), win=Window(...))
17.8552 	EXP 	Created TR_Penalty_Text = TextStim(__class__=<class 'psychopy.visual.text.TextStim'>, alignHoriz=method-wrapper(...), alignText='center', alignVert=method-wrapper(...), anchorHoriz='center', anchorVert='center', antialias=True, autoLog=True, bold=False, color='white', colorSpace='named', contrast=1.0, depth=-1.0, flipHoriz=False, flipVert=False, font='Arial', fontFiles=[], height=0.05, italic=False, languageStyle='LTR', name='TR_Penalty_Text', opacity=1.0, ori=0, pos=array([0., 0.]), rgb=array([255., 255., 255.]), text='default text', units='height', win=Window(...), wrapWidth=1)
17.8699 	EXP 	Created Post_Trial_Circle_Frame = Polygon(__class__=<class 'psychopy.visual.polygon.Polygon'>, autoDraw=False, autoLog=True, closeShape=True, color=method-wrapper(...), colorSpace=None, contrast=1.0, depth=0.0, fillColor=array([-1., -1., -1.]), fillColorSpace='rgb', fillRGB=array([-1., -1., -1.]), interpolate=True, lineColor=array([1., 1., 1.]), lineColorSpace='rgb', lineRGB=array([1., 1., 1.]), lineWidth=12, name='Post_Trial_Circle_Frame', opacity=0.5, ori=array(0.), pos=array([0., 0.]), size=array([0.3, 0.3]), units='height', vertices=ndarray(...), win=Window(...))
17.9017 	EXP 	Created Instr_CR_Old_Text_Ctx1 = TextStim(__class__=<class 'psychopy.visual.text.TextStim'>, alignHoriz=method-wrapper(...), alignText='center', alignVert=method-wrapper(...), anchorHoriz='center', anchorVert='center', antialias=True, autoLog=True, bold=False, color='white', colorSpace='named', contrast=1.0, depth=0.0, flipHoriz=False, flipVert=False, font='Arial', fontFiles=[], height=0.03, italic=False, languageStyle='LTR', name='Instr_CR_Old_Text_Ctx1', opacity=1.0, ori=0, pos=array([0., 0.]), rgb=array([255., 255., 255.]), text=str(...), units='height', win=Window(...), wrapWidth=1)
17.9166 	EXP 	Created RT_Circle_Fame = Polygon(__class__=<class 'psychopy.visual.polygon.Polygon'>, autoDraw=False, autoLog=True, closeShape=True, color=method-wrapper(...), colorSpace=None, contrast=1.0, depth=-1.0, fillColor=array([-1., -1., -1.]), fillColorSpace='rgb', fillRGB=array([-1., -1., -1.]), interpolate=True, lineColor=array([1., 1., 1.]), lineColorSpace='rgb', lineRGB=array([1., 1., 1.]), lineWidth=12, name='RT_Circle_Fame', opacity=0.5, ori=array(0.), pos=array([0., 0.]), size=array([0.3, 0.3]), units='height', vertices=ndarray(...), win=Window(...))
17.9313 	EXP 	Created RT_Ctx = Polygon(__class__=<class 'psychopy.visual.polygon.Polygon'>, autoDraw=False, autoLog=True, closeShape=True, color=method-wrapper(...), colorSpace=None, contrast=1.0, depth=-2.0, fillColor=array([-1., -1., -1.]), fillColorSpace='rgb', fillRGB=array([-1., -1., -1.]), interpolate=True, lineColor=array([1., 1., 1.]), lineColorSpace='rgb', lineRGB=array([1., 1., 1.]), lineWidth=12, name='RT_Ctx', opacity=0.5, ori=array(0.), pos=array([0., 0.]), size=array([0.3, 0.3]), units='height', vertices=ndarray(...), win=Window(...))
17.9331 	EXP 	Created RT_Stim_Image = ImageStim(__class__=<class 'psychopy.visual.image.ImageStim'>, autoLog=True, color=array([1., 1., 1.]), colorSpace='rgb', contrast=1.0, depth=-3.0, flipHoriz=False, flipVert=False, image='sin', interpolate=True, mask=None, maskParams=None, name='RT_Stim_Image', opacity=1.0, ori=0.0, pos=array([0., 0.]), size=array([0.25, 0.25]), texRes=128, units='height', win=Window(...))
17.9531 	EXP 	Created RT_Circle_Frame_Feedback = Polygon(__class__=<class 'psychopy.visual.polygon.Polygon'>, autoDraw=False, autoLog=True, closeShape=True, color=method-wrapper(...), colorSpace=None, contrast=1.0, depth=0.0, fillColor=array([-1., -1., -1.]), fillColorSpace='rgb', fillRGB=array([-1., -1., -1.]), interpolate=True, lineColor=array([1., 1., 1.]), lineColorSpace='rgb', lineRGB=array([1., 1., 1.]), lineWidth=12, name='RT_Circle_Frame_Feedback', opacity=0.5, ori=array(0.), pos=array([0., 0.]), size=array([0.3, 0.3]), units='height', vertices=ndarray(...), win=Window(...))
17.9548 	EXP 	Created RT_Feedback_Image = ImageStim(__class__=<class 'psychopy.visual.image.ImageStim'>, autoLog=True, color=array([1., 1., 1.]), colorSpace='rgb', contrast=1.0, depth=-1.0, flipHoriz=False, flipVert=False, image='sin', interpolate=True, mask=None, maskParams=None, name='RT_Feedback_Image', opacity=1.0, ori=0.0, pos=array([0., 0.]), size=array([0.18, 0.18]), texRes=128, units='height', win=Window(...))
17.9701 	EXP 	Created Post_Trial_Circle_Frame = Polygon(__class__=<class 'psychopy.visual.polygon.Polygon'>, autoDraw=False, autoLog=True, closeShape=True, color=method-wrapper(...), colorSpace=None, contrast=1.0, depth=0.0, fillColor=array([-1., -1., -1.]), fillColorSpace='rgb', fillRGB=array([-1., -1., -1.]), interpolate=True, lineColor=array([1., 1., 1.]), lineColorSpace='rgb', lineRGB=array([1., 1., 1.]), lineWidth=12, name='Post_Trial_Circle_Frame', opacity=0.5, ori=array(0.), pos=array([0., 0.]), size=array([0.3, 0.3]), units='height', vertices=ndarray(...), win=Window(...))
17.9838 	EXP 	Created Instr_CR_Old_Text_Ctx2 = TextStim(__class__=<class 'psychopy.visual.text.TextStim'>, alignHoriz=method-wrapper(...), alignText='center', alignVert=method-wrapper(...), anchorHoriz='center', anchorVert='center', antialias=True, autoLog=True, bold=False, color='white', colorSpace='named', contrast=1.0, depth=0.0, flipHoriz=False, flipVert=False, font='Arial', fontFiles=[], height=0.03, italic=False, languageStyle='LTR', name='Instr_CR_Old_Text_Ctx2', opacity=1.0, ori=0, pos=array([0., 0.]), rgb=array([255., 255., 255.]), text=str(...), units='height', win=Window(...), wrapWidth=1)
17.9988 	EXP 	Created RT_Circle_Fame = Polygon(__class__=<class 'psychopy.visual.polygon.Polygon'>, autoDraw=False, autoLog=True, closeShape=True, color=method-wrapper(...), colorSpace=None, contrast=1.0, depth=-1.0, fillColor=array([-1., -1., -1.]), fillColorSpace='rgb', fillRGB=array([-1., -1., -1.]), interpolate=True, lineColor=array([1., 1., 1.]), lineColorSpace='rgb', lineRGB=array([1., 1., 1.]), lineWidth=12, name='RT_Circle_Fame', opacity=0.5, ori=array(0.), pos=array([0., 0.]), size=array([0.3, 0.3]), units='height', vertices=ndarray(...), win=Window(...))
18.0136 	EXP 	Created RT_Ctx = Polygon(__class__=<class 'psychopy.visual.polygon.Polygon'>, autoDraw=False, autoLog=True, closeShape=True, color=method-wrapper(...), colorSpace=None, contrast=1.0, depth=-2.0, fillColor=array([-1., -1., -1.]), fillColorSpace='rgb', fillRGB=array([-1., -1., -1.]), interpolate=True, lineColor=array([1., 1., 1.]), lineColorSpace='rgb', lineRGB=array([1., 1., 1.]), lineWidth=12, name='RT_Ctx', opacity=0.5, ori=array(0.), pos=array([0., 0.]), size=array([0.3, 0.3]), units='height', vertices=ndarray(...), win=Window(...))
18.0162 	EXP 	Created RT_Stim_Image = ImageStim(__class__=<class 'psychopy.visual.image.ImageStim'>, autoLog=True, color=array([1., 1., 1.]), colorSpace='rgb', contrast=1.0, depth=-3.0, flipHoriz=False, flipVert=False, image='sin', interpolate=True, mask=None, maskParams=None, name='RT_Stim_Image', opacity=1.0, ori=0.0, pos=array([0., 0.]), size=array([0.25, 0.25]), texRes=128, units='height', win=Window(...))
18.0313 	EXP 	Created RT_Circle_Frame_Feedback = Polygon(__class__=<class 'psychopy.visual.polygon.Polygon'>, autoDraw=False, autoLog=True, closeShape=True, color=method-wrapper(...), colorSpace=None, contrast=1.0, depth=0.0, fillColor=array([-1., -1., -1.]), fillColorSpace='rgb', fillRGB=array([-1., -1., -1.]), interpolate=True, lineColor=array([1., 1., 1.]), lineColorSpace='rgb', lineRGB=array([1., 1., 1.]), lineWidth=12, name='RT_Circle_Frame_Feedback', opacity=0.5, ori=array(0.), pos=array([0., 0.]), size=array([0.3, 0.3]), units='height', vertices=ndarray(...), win=Window(...))
18.0337 	EXP 	Created RT_Feedback_Image = ImageStim(__class__=<class 'psychopy.visual.image.ImageStim'>, autoLog=True, color=array([1., 1., 1.]), colorSpace='rgb', contrast=1.0, depth=-1.0, flipHoriz=False, flipVert=False, image='sin', interpolate=True, mask=None, maskParams=None, name='RT_Feedback_Image', opacity=1.0, ori=0.0, pos=array([0., 0.]), size=array([0.18, 0.18]), texRes=128, units='height', win=Window(...))
18.0489 	EXP 	Created Post_Trial_Circle_Frame = Polygon(__class__=<class 'psychopy.visual.polygon.Polygon'>, autoDraw=False, autoLog=True, closeShape=True, color=method-wrapper(...), colorSpace=None, contrast=1.0, depth=0.0, fillColor=array([-1., -1., -1.]), fillColorSpace='rgb', fillRGB=array([-1., -1., -1.]), interpolate=True, lineColor=array([1., 1., 1.]), lineColorSpace='rgb', lineRGB=array([1., 1., 1.]), lineWidth=12, name='Post_Trial_Circle_Frame', opacity=0.5, ori=array(0.), pos=array([0., 0.]), size=array([0.3, 0.3]), units='height', vertices=ndarray(...), win=Window(...))
18.0625 	EXP 	Created Instr_CR_Old_Text_Ctx12 = TextStim(__class__=<class 'psychopy.visual.text.TextStim'>, alignHoriz=method-wrapper(...), alignText='center', alignVert=method-wrapper(...), anchorHoriz='center', anchorVert='center', antialias=True, autoLog=True, bold=False, color='white', colorSpace='named', contrast=1.0, depth=0.0, flipHoriz=False, flipVert=False, font='Arial', fontFiles=[], height=0.03, italic=False, languageStyle='LTR', name='Instr_CR_Old_Text_Ctx12', opacity=1.0, ori=0, pos=array([0., 0.]), rgb=array([255., 255., 255.]), text=str(...), units='height', win=Window(...), wrapWidth=1)
18.0778 	EXP 	Created RT_Circle_Fame = Polygon(__class__=<class 'psychopy.visual.polygon.Polygon'>, autoDraw=False, autoLog=True, closeShape=True, color=method-wrapper(...), colorSpace=None, contrast=1.0, depth=-1.0, fillColor=array([-1., -1., -1.]), fillColorSpace='rgb', fillRGB=array([-1., -1., -1.]), interpolate=True, lineColor=array([1., 1., 1.]), lineColorSpace='rgb', lineRGB=array([1., 1., 1.]), lineWidth=12, name='RT_Circle_Fame', opacity=0.5, ori=array(0.), pos=array([0., 0.]), size=array([0.3, 0.3]), units='height', vertices=ndarray(...), win=Window(...))
18.0929 	EXP 	Created RT_Ctx = Polygon(__class__=<class 'psychopy.visual.polygon.Polygon'>, autoDraw=False, autoLog=True, closeShape=True, color=method-wrapper(...), colorSpace=None, contrast=1.0, depth=-2.0, fillColor=array([-1., -1., -1.]), fillColorSpace='rgb', fillRGB=array([-1., -1., -1.]), interpolate=True, lineColor=array([1., 1., 1.]), lineColorSpace='rgb', lineRGB=array([1., 1., 1.]), lineWidth=12, name='RT_Ctx', opacity=0.5, ori=array(0.), pos=array([0., 0.]), size=array([0.3, 0.3]), units='height', vertices=ndarray(...), win=Window(...))
18.0953 	EXP 	Created RT_Stim_Image = ImageStim(__class__=<class 'psychopy.visual.image.ImageStim'>, autoLog=True, color=array([1., 1., 1.]), colorSpace='rgb', contrast=1.0, depth=-3.0, flipHoriz=False, flipVert=False, image='sin', interpolate=True, mask=None, maskParams=None, name='RT_Stim_Image', opacity=1.0, ori=0.0, pos=array([0., 0.]), size=array([0.25, 0.25]), texRes=128, units='height', win=Window(...))
18.1101 	EXP 	Created RT_Circle_Frame_Feedback = Polygon(__class__=<class 'psychopy.visual.polygon.Polygon'>, autoDraw=False, autoLog=True, closeShape=True, color=method-wrapper(...), colorSpace=None, contrast=1.0, depth=0.0, fillColor=array([-1., -1., -1.]), fillColorSpace='rgb', fillRGB=array([-1., -1., -1.]), interpolate=True, lineColor=array([1., 1., 1.]), lineColorSpace='rgb', lineRGB=array([1., 1., 1.]), lineWidth=12, name='RT_Circle_Frame_Feedback', opacity=0.5, ori=array(0.), pos=array([0., 0.]), size=array([0.3, 0.3]), units='height', vertices=ndarray(...), win=Window(...))
18.1124 	EXP 	Created RT_Feedback_Image = ImageStim(__class__=<class 'psychopy.visual.image.ImageStim'>, autoLog=True, color=array([1., 1., 1.]), colorSpace='rgb', contrast=1.0, depth=-1.0, flipHoriz=False, flipVert=False, image='sin', interpolate=True, mask=None, maskParams=None, name='RT_Feedback_Image', opacity=1.0, ori=0.0, pos=array([0., 0.]), size=array([0.18, 0.18]), texRes=128, units='height', win=Window(...))
18.1272 	EXP 	Created Post_Trial_Circle_Frame = Polygon(__class__=<class 'psychopy.visual.polygon.Polygon'>, autoDraw=False, autoLog=True, closeShape=True, color=method-wrapper(...), colorSpace=None, contrast=1.0, depth=0.0, fillColor=array([-1., -1., -1.]), fillColorSpace='rgb', fillRGB=array([-1., -1., -1.]), interpolate=True, lineColor=array([1., 1., 1.]), lineColorSpace='rgb', lineRGB=array([1., 1., 1.]), lineWidth=12, name='Post_Trial_Circle_Frame', opacity=0.5, ori=array(0.), pos=array([0., 0.]), size=array([0.3, 0.3]), units='height', vertices=ndarray(...), win=Window(...))
18.1432 	EXP 	Created Instr_RT_text = TextStim(__class__=<class 'psychopy.visual.text.TextStim'>, alignHoriz=method-wrapper(...), alignText='center', alignVert=method-wrapper(...), anchorHoriz='center', anchorVert='center', antialias=True, autoLog=True, bold=False, color='white', colorSpace='named', contrast=1.0, depth=0.0, flipHoriz=False, flipVert=False, font='Arial', fontFiles=[], height=0.03, italic=False, languageStyle='LTR', name='Instr_RT_text', opacity=1.0, ori=0, pos=array([0., 0.]), rgb=array([255., 255., 255.]), text=str(...), units='height', win=Window(...), wrapWidth=1)
18.1532 	EXP 	Created Instr_Block_Num_Text = TextStim(__class__=<class 'psychopy.visual.text.TextStim'>, alignHoriz=method-wrapper(...), alignText='center', alignVert=method-wrapper(...), anchorHoriz='center', anchorVert='center', antialias=True, autoLog=True, bold=False, color='white', colorSpace='named', contrast=1.0, depth=0.0, flipHoriz=False, flipVert=False, font='Arial', fontFiles=[], height=0.1, italic=False, languageStyle='LTR', name='Instr_Block_Num_Text', opacity=1.0, ori=0, pos=array([0., 0.]), rgb=array([255., 255., 255.]), text='default text', units='height', win=Window(...), wrapWidth=1)
18.1680 	EXP 	Created RT_Circle_Fame = Polygon(__class__=<class 'psychopy.visual.polygon.Polygon'>, autoDraw=False, autoLog=True, closeShape=True, color=method-wrapper(...), colorSpace=None, contrast=1.0, depth=-1.0, fillColor=array([-1., -1., -1.]), fillColorSpace='rgb', fillRGB=array([-1., -1., -1.]), interpolate=True, lineColor=array([1., 1., 1.]), lineColorSpace='rgb', lineRGB=array([1., 1., 1.]), lineWidth=12, name='RT_Circle_Fame', opacity=0.5, ori=array(0.), pos=array([0., 0.]), size=array([0.3, 0.3]), units='height', vertices=ndarray(...), win=Window(...))
18.1826 	EXP 	Created RT_Ctx = Polygon(__class__=<class 'psychopy.visual.polygon.Polygon'>, autoDraw=False, autoLog=True, closeShape=True, color=method-wrapper(...), colorSpace=None, contrast=1.0, depth=-2.0, fillColor=array([-1., -1., -1.]), fillColorSpace='rgb', fillRGB=array([-1., -1., -1.]), interpolate=True, lineColor=array([1., 1., 1.]), lineColorSpace='rgb', lineRGB=array([1., 1., 1.]), lineWidth=12, name='RT_Ctx', opacity=0.5, ori=array(0.), pos=array([0., 0.]), size=array([0.3, 0.3]), units='height', vertices=ndarray(...), win=Window(...))
18.1840 	EXP 	Created RT_Stim_Image = ImageStim(__class__=<class 'psychopy.visual.image.ImageStim'>, autoLog=True, color=array([1., 1., 1.]), colorSpace='rgb', contrast=1.0, depth=-3.0, flipHoriz=False, flipVert=False, image='sin', interpolate=True, mask=None, maskParams=None, name='RT_Stim_Image', opacity=1.0, ori=0.0, pos=array([0., 0.]), size=array([0.25, 0.25]), texRes=128, units='height', win=Window(...))
18.2007 	EXP 	Created RT_Circle_Frame_Feedback = Polygon(__class__=<class 'psychopy.visual.polygon.Polygon'>, autoDraw=False, autoLog=True, closeShape=True, color=method-wrapper(...), colorSpace=None, contrast=1.0, depth=0.0, fillColor=array([-1., -1., -1.]), fillColorSpace='rgb', fillRGB=array([-1., -1., -1.]), interpolate=True, lineColor=array([1., 1., 1.]), lineColorSpace='rgb', lineRGB=array([1., 1., 1.]), lineWidth=12, name='RT_Circle_Frame_Feedback', opacity=0.5, ori=array(0.), pos=array([0., 0.]), size=array([0.3, 0.3]), units='height', vertices=ndarray(...), win=Window(...))
18.2033 	EXP 	Created RT_Feedback_Image = ImageStim(__class__=<class 'psychopy.visual.image.ImageStim'>, autoLog=True, color=array([1., 1., 1.]), colorSpace='rgb', contrast=1.0, depth=-1.0, flipHoriz=False, flipVert=False, image='sin', interpolate=True, mask=None, maskParams=None, name='RT_Feedback_Image', opacity=1.0, ori=0.0, pos=array([0., 0.]), size=array([0.18, 0.18]), texRes=128, units='height', win=Window(...))
18.2184 	EXP 	Created Post_Trial_Circle_Frame = Polygon(__class__=<class 'psychopy.visual.polygon.Polygon'>, autoDraw=False, autoLog=True, closeShape=True, color=method-wrapper(...), colorSpace=None, contrast=1.0, depth=0.0, fillColor=array([-1., -1., -1.]), fillColorSpace='rgb', fillRGB=array([-1., -1., -1.]), interpolate=True, lineColor=array([1., 1., 1.]), lineColorSpace='rgb', lineRGB=array([1., 1., 1.]), lineWidth=12, name='Post_Trial_Circle_Frame', opacity=0.5, ori=array(0.), pos=array([0., 0.]), size=array([0.3, 0.3]), units='height', vertices=ndarray(...), win=Window(...))
18.2472 	EXP 	Imported conditions.xlsx as conditions, 8 conditions, 10 params
18.2474 	EXP 	Created sequence: sequential, trialTypes=8, nReps=1, seed=None
18.2478 	EXP 	New trial (rep=0, index=0): OrderedDict([('Stim', 0), ('CorrResp', 'h'), ('Ctx_color', [-1, -1, 1]), ('imStim', 'media/djnb.png'), ('imStim_r', 'media/djnb_r.png'), ('imStim_g', 'media/djnb_g.png'), ('x_pos', -0.038), ('y_pos', 0.075), ('Hand', 'media/hand.png'), ('Feedback', 'media/check.png')])
18.2724 	EXP 	New trial (rep=0, index=1): OrderedDict([('Stim', 1), ('CorrResp', 'u'), ('Ctx_color', [-1, -1, 1]), ('imStim', 'media/dnnb.png'), ('imStim_r', 'media/dnnb_r.png'), ('imStim_g', 'media/dnnb_g.png'), ('x_pos', 0.014), ('y_pos', 0.1), ('Hand', 'media/hand.png'), ('Feedback', 'media/cross.png')])
18.2749 	EXP 	New trial (rep=0, index=2): OrderedDict([('Stim', 2), ('CorrResp', 'i'), ('Ctx_color', [-1, -1, 1]), ('imStim', 'media/dinb.png'), ('imStim_r', 'media/dinb_r.png'), ('imStim_g', 'media/dinb_g.png'), ('x_pos', 0.057), ('y_pos', 0.08), ('Hand', 'media/hand.png'), ('Feedback', None)])
18.2778 	EXP 	New trial (rep=0, index=3): OrderedDict([('Stim', 3), ('CorrResp', 'l'), ('Ctx_color', [-1, -1, 1]), ('imStim', 'media/ddnb.png'), ('imStim_r', 'media/ddnb_r.png'), ('imStim_g', 'media/ddnb_g.png'), ('x_pos', 0.1), ('y_pos', 0.04), ('Hand', 'media/hand.png'), ('Feedback', None)])
18.2808 	EXP 	New trial (rep=0, index=4): OrderedDict([('Stim', 0), ('CorrResp', 'h'), ('Ctx_color', [-1, 1, -1]), ('imStim', 'media/djnb.png'), ('imStim_r', 'media/djnb_r.png'), ('imStim_g', 'media/djnb_g.png'), ('x_pos', None), ('y_pos', None), ('Hand', None), ('Feedback', None)])
18.2836 	EXP 	New trial (rep=0, index=5): OrderedDict([('Stim', 1), ('CorrResp', 'u'), ('Ctx_color', [-1, 1, -1]), ('imStim', 'media/dnnb.png'), ('imStim_r', 'media/dnnb_r.png'), ('imStim_g', 'media/dnnb_g.png'), ('x_pos', None), ('y_pos', None), ('Hand', None), ('Feedback', None)])
18.2864 	EXP 	New trial (rep=0, index=6): OrderedDict([('Stim', 2), ('CorrResp', 'i'), ('Ctx_color', [-1, 1, -1]), ('imStim', 'media/dinb.png'), ('imStim_r', 'media/dinb_r.png'), ('imStim_g', 'media/dinb_g.png'), ('x_pos', None), ('y_pos', None), ('Hand', None), ('Feedback', None)])
18.2898 	EXP 	New trial (rep=0, index=7): OrderedDict([('Stim', 3), ('CorrResp', 'l'), ('Ctx_color', [-1, 1, -1]), ('imStim', 'media/ddnb.png'), ('imStim_r', 'media/ddnb_r.png'), ('imStim_g', 'media/ddnb_g.png'), ('x_pos', None), ('y_pos', None), ('Hand', None), ('Feedback', None)])
18.3083 	EXP 	Instr_Exp_Text: autoDraw = True
18.7548 	EXP 	Created sequence: sequential, trialTypes=1, nReps=1, seed=None
18.7550 	EXP 	New trial (rep=0, index=0): None
18.7573 	DATA 	Keypress: space
18.7682 	EXP 	Instr_Exp_Text: autoDraw = False
18.7682 	EXP 	Instr_RT_Hand_Rext: autoDraw = True
19.1067 	DATA 	Keypress: h
19.1292 	EXP 	Created sequence: sequential, trialTypes=1, nReps=2, seed=None
19.1300 	EXP 	New trial (rep=0, index=0): None
19.2289 	EXP 	Instr_RT_Hand_Rext: autoDraw = False
19.2289 	EXP 	RT_HandShape: image = 'media/hand.png'
19.2289 	EXP 	RT_Stim_Hand: pos = array([0.057, 0.08 ])
19.2289 	EXP 	RT_Circle_Frame_Hand: autoDraw = True
19.2289 	EXP 	RT_HandShape: autoDraw = True
19.2289 	EXP 	RT_Stim_Hand: autoDraw = True
19.8959 	DATA 	Keypress: i
19.9003 	EXP 	RT_Circle_Frame_Hand: autoDraw = False
19.9003 	EXP 	RT_HandShape: autoDraw = False
19.9003 	EXP 	RT_Stim_Hand: autoDraw = False
19.9003 	EXP 	RT_Circle_Frame_Feedback: lineColor = '[1. 1. 1.] (rgb)'
19.9003 	EXP 	RT_Feedback_Image: image = 'media/check.png'
19.9003 	EXP 	RT_Circle_Frame_Feedback: autoDraw = True
19.9003 	EXP 	RT_Feedback_Image: autoDraw = True
20.2015 	EXP 	RT_Circle_Frame_Feedback: autoDraw = False
20.2015 	EXP 	RT_Feedback_Image: autoDraw = False
20.2015 	EXP 	RT_Circle_Frame_Feedback: autoDraw = False
20.2015 	EXP 	RT_Feedback_Image: autoDraw = False
20.2015 	EXP 	Post_Trial_Circle_Frame: lineColor = '[1. 1. 1.] (rgb)'
20.2015 	EXP 	Post_Trial_Circle_Frame: autoDraw = True
20.3881 	EXP 	New trial (rep=1, index=0): None
20.4091 	EXP 	Post_Trial_Circle_Frame: autoDraw = False
20.4091 	EXP 	Post_Trial_Circle_Frame: autoDraw = False
20.4091 	EXP 	RT_HandShape: image = 'media/hand.png'
20.4091 	EXP 	RT_Stim_Hand: pos = array([0.014, 0.1  ])
20.4091 	EXP 	RT_Circle_Frame_Hand: autoDraw = True
20.4091 	EXP 	RT_HandShape: autoDraw = True
20.4091 	EXP 	RT_Stim_Hand: autoDraw = True
20.7934 	DATA 	Keypress: u
20.8388 	EXP 	RT_Circle_Frame_Hand: autoDraw = False
20.8388 	EXP 	RT_HandShape: autoDraw = False
20.8388 	EXP 	RT_Stim_Hand: autoDraw = False
20.8388 	EXP 	RT_Circle_Frame_Feedback: lineColor = '[1. 1. 1.] (rgb)'
20.8388 	EXP 	RT_Feedback_Image: image = 'media/check.png'
20.8388 	EXP 	RT_Circle_Frame_Feedback: autoDraw = True
20.8388 	EXP 	RT_Feedback_Image: autoDraw = True
21.1515 	EXP 	RT_Circle_Frame_Feedback: autoDraw = False
21.1515 	EXP 	RT_Feedback_Image: autoDraw = False
21.1515 	EXP 	RT_Circle_Frame_Feedback: autoDraw = False
21.1515 	EXP 	RT_Feedback_Image: autoDraw = False
21.1515 	EXP 	Post_Trial_Circle_Frame: lineColor = '[1. 1. 1.] (rgb)'
21.1515 	EXP 	Post_Trial_Circle_Frame: autoDraw = True
21.3374 	EXP 	Created sequence: sequential, trialTypes=1, nReps=1, seed=None
21.3375 	EXP 	New trial (rep=0, index=0): None
21.3515 	EXP 	Post_Trial_Circle_Frame: autoDraw = False
21.3515 	EXP 	Post_Trial_Circle_Frame: autoDraw = False
21.3515 	EXP 	instr_HAND_TR_text: autoDraw = True
22.0599 	EXP 	Created sequence: sequential, trialTypes=1, nReps=4, seed=None
22.0606 	EXP 	New trial (rep=0, index=0): None
22.1003 	DATA 	Keypress: h
22.1039 	EXP 	instr_HAND_TR_text: autoDraw = False
22.1039 	EXP 	Instr_Block_Num_Text: text = 'Block 1\nPress any key to start'
22.1039 	EXP 	Instr_Block_Num_Text: autoDraw = True
22.6055 	EXP 	Created sequence: sequential, trialTypes=1, nReps=2, seed=None
22.6056 	EXP 	New trial (rep=0, index=0): None
22.6539 	DATA 	Keypress: u
22.6598 	EXP 	Instr_Block_Num_Text: autoDraw = False
22.6598 	EXP 	TR_HandShape: image = 'media/hand.png'
22.6598 	EXP 	TR_Stim_Hand: pos = array([0.1 , 0.04])
22.6598 	EXP 	TR_Circle_Hand: autoDraw = True
22.6598 	EXP 	TR_Circle_Frame_Hand: autoDraw = True
22.6598 	EXP 	TR_HandShape: autoDraw = True
24.1183 	EXP 	TR_Stim_Hand: autoDraw = True
24.1572 	EXP 	Created sequence: sequential, trialTypes=1, nReps=1, seed=None
24.1574 	EXP 	New trial (rep=0, index=0): None
24.2084 	DATA 	Keypress: u
24.2128 	EXP 	TR_Circle_Hand: autoDraw = False
24.2128 	EXP 	TR_Circle_Frame_Hand: autoDraw = False
24.2128 	EXP 	TR_HandShape: autoDraw = False
24.2128 	EXP 	TR_Stim_Hand: autoDraw = False
24.2128 	EXP 	Tr_Circle_Frame_Feedback: lineColor = '[1. 1. 1.] (rgb)'
24.2128 	EXP 	TR_Feedback_Text: color = '[1. 1. 1.] (rgb)'
24.2128 	EXP 	TR_Feedback_Text: text = 'little early'
24.2128 	EXP 	TR_Feedback_Image: image = 'media/cross.png'
24.2128 	EXP 	Tr_Circle_Frame_Feedback: autoDraw = True
24.2128 	EXP 	TR_Feedback_Text: autoDraw = True
24.2128 	EXP 	TR_Feedback_Image: autoDraw = True
24.5042 	EXP 	Created sequence: sequential, trialTypes=1, nReps=0, seed=None
24.5183 	EXP 	Tr_Circle_Frame_Feedback: autoDraw = False
24.5183 	EXP 	TR_Feedback_Text: autoDraw = False
24.5183 	EXP 	TR_Feedback_Image: autoDraw = False
24.5183 	EXP 	Tr_Circle_Frame_Feedback: autoDraw = False
24.5183 	EXP 	TR_Feedback_Text: autoDraw = False
24.5183 	EXP 	TR_Feedback_Image: autoDraw = False
24.5183 	EXP 	Post_Trial_Circle_Frame: lineColor = '[1. 1. 1.] (rgb)'
24.5183 	EXP 	Post_Trial_Circle_Frame: autoDraw = True
24.7037 	EXP 	New trial (rep=1, index=0): None
24.7269 	EXP 	Post_Trial_Circle_Frame: autoDraw = False
24.7269 	EXP 	Post_Trial_Circle_Frame: autoDraw = False
24.7269 	EXP 	TR_HandShape: image = 'media/hand.png'
24.7269 	EXP 	TR_Stim_Hand: pos = array([-0.038,  0.075])
24.7269 	EXP 	TR_Circle_Hand: autoDraw = True
24.7269 	EXP 	TR_Circle_Frame_Hand: autoDraw = True
24.7269 	EXP 	TR_HandShape: autoDraw = True
25.1849 	EXP 	TR_Stim_Hand: autoDraw = True
26.3256 	EXP 	Created sequence: sequential, trialTypes=1, nReps=1, seed=None
26.3259 	EXP 	New trial (rep=0, index=0): None
26.3954 	DATA 	Keypress: h
26.4000 	EXP 	TR_Circle_Hand: autoDraw = False
26.4000 	EXP 	TR_Circle_Frame_Hand: autoDraw = False
26.4000 	EXP 	TR_HandShape: autoDraw = False
26.4000 	EXP 	TR_Stim_Hand: autoDraw = False
26.4000 	EXP 	Tr_Circle_Frame_Feedback: lineColor = '[1. 1. 1.] (rgb)'
26.4000 	EXP 	TR_Feedback_Text: color = '[1. 1. 1.] (rgb)'
26.4000 	EXP 	TR_Feedback_Text: text = 'good timing'
26.4000 	EXP 	TR_Feedback_Image: image = 'media/check.png'
26.4000 	EXP 	Tr_Circle_Frame_Feedback: autoDraw = True
26.4000 	EXP 	TR_Feedback_Text: autoDraw = True
26.4000 	EXP 	TR_Feedback_Image: autoDraw = True
26.6874 	EXP 	Created sequence: sequential, trialTypes=1, nReps=0, seed=None
26.7015 	EXP 	Tr_Circle_Frame_Feedback: autoDraw = False
26.7015 	EXP 	TR_Feedback_Text: autoDraw = False
26.7015 	EXP 	TR_Feedback_Image: autoDraw = False
26.7015 	EXP 	Tr_Circle_Frame_Feedback: autoDraw = False
26.7015 	EXP 	TR_Feedback_Text: autoDraw = False
26.7015 	EXP 	TR_Feedback_Image: autoDraw = False
26.7015 	EXP 	Post_Trial_Circle_Frame: lineColor = '[1. 1. 1.] (rgb)'
26.7015 	EXP 	Post_Trial_Circle_Frame: autoDraw = True
26.8894 	EXP 	New trial (rep=1, index=0): None
26.9040 	EXP 	Post_Trial_Circle_Frame: autoDraw = False
26.9040 	EXP 	Post_Trial_Circle_Frame: autoDraw = False
26.9040 	EXP 	Instr_Block_Num_Text: text = 'Block 2\nPress any key to start'
26.9040 	EXP 	Instr_Block_Num_Text: autoDraw = True
27.3902 	EXP 	Created sequence: sequential, trialTypes=1, nReps=2, seed=None
27.3904 	EXP 	New trial (rep=0, index=0): None
27.4127 	DATA 	Keypress: h
27.4186 	EXP 	Instr_Block_Num_Text: autoDraw = False
27.4186 	EXP 	TR_HandShape: image = 'media/hand.png'
27.4186 	EXP 	TR_Stim_Hand: pos = array([0.1 , 0.04])
27.4186 	EXP 	TR_Circle_Hand: autoDraw = True
27.4186 	EXP 	TR_Circle_Frame_Hand: autoDraw = True
27.4186 	EXP 	TR_HandShape: autoDraw = True
28.2850 	EXP 	TR_Stim_Hand: autoDraw = True
28.9576 	EXP 	Created sequence: sequential, trialTypes=1, nReps=1, seed=None
28.9578 	EXP 	New trial (rep=0, index=0): None
28.9776 	DATA 	Keypress: l
28.9820 	EXP 	TR_Circle_Hand: autoDraw = False
28.9820 	EXP 	TR_Circle_Frame_Hand: autoDraw = False
28.9820 	EXP 	TR_HandShape: autoDraw = False
28.9820 	EXP 	TR_Stim_Hand: autoDraw = False
28.9820 	EXP 	Tr_Circle_Frame_Feedback: lineColor = '[1. 1. 1.] (rgb)'
28.9820 	EXP 	TR_Feedback_Text: color = '[1. 1. 1.] (rgb)'
28.9820 	EXP 	TR_Feedback_Text: text = 'good timing'
28.9820 	EXP 	TR_Feedback_Image: image = 'media/check.png'
28.9820 	EXP 	Tr_Circle_Frame_Feedback: autoDraw = True
28.9820 	EXP 	TR_Feedback_Text: autoDraw = True
28.9820 	EXP 	TR_Feedback_Image: autoDraw = True
29.2778 	EXP 	Created sequence: sequential, trialTypes=1, nReps=0, seed=None
29.2858 	EXP 	Tr_Circle_Frame_Feedback: autoDraw = False
29.2858 	EXP 	TR_Feedback_Text: autoDraw = False
29.2858 	EXP 	TR_Feedback_Image: autoDraw = False
29.2858 	EXP 	Tr_Circle_Frame_Feedback: autoDraw = False
29.2858 	EXP 	TR_Feedback_Text: autoDraw = False
29.2858 	EXP 	TR_Feedback_Image: autoDraw = False
29.2858 	EXP 	Post_Trial_Circle_Frame: lineColor = '[1. 1. 1.] (rgb)'
29.2858 	EXP 	Post_Trial_Circle_Frame: autoDraw = True
29.4710 	EXP 	New trial (rep=1, index=0): None
29.4928 	EXP 	Post_Trial_Circle_Frame: autoDraw = False
29.4928 	EXP 	Post_Trial_Circle_Frame: autoDraw = False
29.4928 	EXP 	TR_HandShape: image = 'media/hand.png'
29.4928 	EXP 	TR_Stim_Hand: pos = array([0.014, 0.1  ])
29.4928 	EXP 	TR_Circle_Hand: autoDraw = True
29.4928 	EXP 	TR_Circle_Frame_Hand: autoDraw = True
29.4928 	EXP 	TR_HandShape: autoDraw = True
29.8682 	EXP 	TR_Stim_Hand: autoDraw = True
31.0733 	DATA 	Keypress: u
31.0898 	EXP 	Created sequence: sequential, trialTypes=1, nReps=1, seed=None
31.0899 	EXP 	New trial (rep=0, index=0): None
31.1090 	EXP 	TR_Circle_Hand: autoDraw = False
31.1090 	EXP 	TR_Circle_Frame_Hand: autoDraw = False
31.1090 	EXP 	TR_HandShape: autoDraw = False
31.1090 	EXP 	TR_Stim_Hand: autoDraw = False
31.1090 	EXP 	Tr_Circle_Frame_Feedback: lineColor = '[1. 1. 1.] (rgb)'
31.1090 	EXP 	TR_Feedback_Text: color = '[1. 1. 1.] (rgb)'
31.1090 	EXP 	TR_Feedback_Text: text = 'good timing'
31.1090 	EXP 	TR_Feedback_Image: image = 'media/check.png'
31.1090 	EXP 	Tr_Circle_Frame_Feedback: autoDraw = True
31.1090 	EXP 	TR_Feedback_Text: autoDraw = True
31.1090 	EXP 	TR_Feedback_Image: autoDraw = True
31.4072 	EXP 	Created sequence: sequential, trialTypes=1, nReps=0, seed=None
31.4188 	EXP 	Tr_Circle_Frame_Feedback: autoDraw = False
31.4188 	EXP 	TR_Feedback_Text: autoDraw = False
31.4188 	EXP 	TR_Feedback_Image: autoDraw = False
31.4188 	EXP 	Tr_Circle_Frame_Feedback: autoDraw = False
31.4188 	EXP 	TR_Feedback_Text: autoDraw = False
31.4188 	EXP 	TR_Feedback_Image: autoDraw = False
31.4188 	EXP 	Post_Trial_Circle_Frame: lineColor = '[1. 1. 1.] (rgb)'
31.4188 	EXP 	Post_Trial_Circle_Frame: autoDraw = True
31.6054 	EXP 	Created sequence: sequential, trialTypes=1, nReps=1, seed=None
31.6056 	EXP 	New trial (rep=0, index=0): None
31.6058 	EXP 	Created sequence: sequential, trialTypes=1, nReps=1, seed=None
31.6059 	EXP 	New trial (rep=0, index=0): None
31.6188 	EXP 	Post_Trial_Circle_Frame: autoDraw = False
31.6188 	EXP 	Post_Trial_Circle_Frame: autoDraw = False
31.6188 	EXP 	Instr_CR_Old_Text_Ctx1: autoDraw = True
32.1291 	EXP 	Created sequence: sequential, trialTypes=1, nReps=2000, seed=None
32.1395 	EXP 	New trial (rep=0, index=0): None
32.1470 	DATA 	Keypress: h
32.1511 	EXP 	Instr_CR_Old_Text_Ctx1: autoDraw = False
32.1511 	EXP 	RT_Ctx: lineColor = '[-1. -1.  1.] (rgb)'
32.1511 	EXP 	RT_Stim_Image: image = 'media/djnb.png'
32.1511 	EXP 	RT_Circle_Fame: autoDraw = True
32.1511 	EXP 	RT_Circle_Fame: autoDraw = False
32.1511 	EXP 	RT_Ctx: autoDraw = True
32.1511 	EXP 	RT_Stim_Image: autoDraw = True
33.6138 	DATA 	Keypress: h
33.6181 	EXP 	RT_Circle_Fame: autoDraw = False
33.6181 	EXP 	RT_Ctx: autoDraw = False
33.6181 	EXP 	RT_Stim_Image: autoDraw = False
33.6181 	EXP 	RT_Circle_Frame_Feedback: lineColor = '[-1. -1.  1.] (rgb)'
33.6181 	EXP 	RT_Feedback_Image: image = 'media/check.png'
33.6181 	EXP 	RT_Circle_Frame_Feedback: autoDraw = True
33.6181 	EXP 	RT_Feedback_Image: autoDraw = True
33.9413 	EXP 	RT_Circle_Frame_Feedback: autoDraw = False
33.9413 	EXP 	RT_Feedback_Image: autoDraw = False
33.9413 	EXP 	RT_Circle_Frame_Feedback: autoDraw = False
33.9413 	EXP 	RT_Feedback_Image: autoDraw = False
33.9413 	EXP 	Post_Trial_Circle_Frame: lineColor = '[-1. -1.  1.] (rgb)'
33.9413 	EXP 	Post_Trial_Circle_Frame: autoDraw = True
34.1524 	EXP 	New trial (rep=1, index=0): None
34.1618 	EXP 	Post_Trial_Circle_Frame: autoDraw = False
34.1618 	EXP 	Post_Trial_Circle_Frame: autoDraw = False
34.1618 	EXP 	RT_Ctx: lineColor = '[-1. -1.  1.] (rgb)'
34.1618 	EXP 	RT_Stim_Image: image = 'media/dinb.png'
34.1618 	EXP 	RT_Circle_Fame: autoDraw = True
34.1618 	EXP 	RT_Circle_Fame: autoDraw = False
34.1618 	EXP 	RT_Ctx: autoDraw = True
34.1618 	EXP 	RT_Stim_Image: autoDraw = True
35.2534 	DATA 	Keypress: l
35.2577 	EXP 	RT_Circle_Fame: autoDraw = False
35.2577 	EXP 	RT_Ctx: autoDraw = False
35.2577 	EXP 	RT_Stim_Image: autoDraw = False
35.2577 	EXP 	RT_Circle_Frame_Feedback: lineColor = '[-1. -1.  1.] (rgb)'
35.2577 	EXP 	RT_Feedback_Image: image = 'media/cross.png'
35.2577 	EXP 	RT_Circle_Frame_Feedback: autoDraw = True
35.2577 	EXP 	RT_Feedback_Image: autoDraw = True
36.2957 	EXP 	RT_Circle_Frame_Feedback: autoDraw = False
36.2957 	EXP 	RT_Feedback_Image: autoDraw = False
36.2957 	EXP 	RT_Circle_Frame_Feedback: autoDraw = False
36.2957 	EXP 	RT_Feedback_Image: autoDraw = False
36.2957 	EXP 	Post_Trial_Circle_Frame: lineColor = '[-1. -1.  1.] (rgb)'
36.2957 	EXP 	Post_Trial_Circle_Frame: autoDraw = True
36.5268 	EXP 	New trial (rep=2, index=0): None
36.5362 	EXP 	Post_Trial_Circle_Frame: autoDraw = False
36.5362 	EXP 	Post_Trial_Circle_Frame: autoDraw = False
36.5362 	EXP 	RT_Ctx: lineColor = '[-1. -1.  1.] (rgb)'
36.5362 	EXP 	RT_Stim_Image: image = 'media/dinb.png'
36.5362 	EXP 	RT_Circle_Fame: autoDraw = True
36.5362 	EXP 	RT_Circle_Fame: autoDraw = False
36.5362 	EXP 	RT_Ctx: autoDraw = True
36.5362 	EXP 	RT_Stim_Image: autoDraw = True
37.0894 	DATA 	Keypress: u
37.1663 	EXP 	RT_Circle_Fame: autoDraw = False
37.1663 	EXP 	RT_Ctx: autoDraw = False
37.1663 	EXP 	RT_Stim_Image: autoDraw = False
37.1663 	EXP 	RT_Circle_Frame_Feedback: lineColor = '[-1. -1.  1.] (rgb)'
37.1663 	EXP 	RT_Feedback_Image: image = 'media/check.png'
37.1663 	EXP 	RT_Circle_Frame_Feedback: autoDraw = True
37.1663 	EXP 	RT_Feedback_Image: autoDraw = True
37.4793 	EXP 	RT_Circle_Frame_Feedback: autoDraw = False
37.4793 	EXP 	RT_Feedback_Image: autoDraw = False
37.4793 	EXP 	RT_Circle_Frame_Feedback: autoDraw = False
37.4793 	EXP 	RT_Feedback_Image: autoDraw = False
37.4793 	EXP 	Post_Trial_Circle_Frame: lineColor = '[-1. -1.  1.] (rgb)'
37.4793 	EXP 	Post_Trial_Circle_Frame: autoDraw = True
37.6971 	EXP 	New trial (rep=3, index=0): None
37.7066 	EXP 	Post_Trial_Circle_Frame: autoDraw = False
37.7066 	EXP 	Post_Trial_Circle_Frame: autoDraw = False
37.7066 	EXP 	RT_Ctx: lineColor = '[-1. -1.  1.] (rgb)'
37.7066 	EXP 	RT_Stim_Image: image = 'media/djnb.png'
37.7066 	EXP 	RT_Circle_Fame: autoDraw = True
37.7066 	EXP 	RT_Circle_Fame: autoDraw = False
37.7066 	EXP 	RT_Ctx: autoDraw = True
37.7066 	EXP 	RT_Stim_Image: autoDraw = True
38.4066 	DATA 	Keypress: h
38.4111 	EXP 	RT_Circle_Fame: autoDraw = False
38.4111 	EXP 	RT_Ctx: autoDraw = False
38.4111 	EXP 	RT_Stim_Image: autoDraw = False
38.4111 	EXP 	RT_Circle_Frame_Feedback: lineColor = '[-1. -1.  1.] (rgb)'
38.4111 	EXP 	RT_Feedback_Image: image = 'media/check.png'
38.4111 	EXP 	RT_Circle_Frame_Feedback: autoDraw = True
38.4111 	EXP 	RT_Feedback_Image: autoDraw = True
38.7423 	EXP 	RT_Circle_Frame_Feedback: autoDraw = False
38.7423 	EXP 	RT_Feedback_Image: autoDraw = False
38.7423 	EXP 	RT_Circle_Frame_Feedback: autoDraw = False
38.7423 	EXP 	RT_Feedback_Image: autoDraw = False
38.7423 	EXP 	Post_Trial_Circle_Frame: lineColor = '[-1. -1.  1.] (rgb)'
38.7423 	EXP 	Post_Trial_Circle_Frame: autoDraw = True
38.9677 	EXP 	New trial (rep=4, index=0): None
38.9774 	EXP 	Post_Trial_Circle_Frame: autoDraw = False
38.9774 	EXP 	Post_Trial_Circle_Frame: autoDraw = False
38.9774 	EXP 	RT_Ctx: lineColor = '[-1. -1.  1.] (rgb)'
38.9774 	EXP 	RT_Stim_Image: image = 'media/dnnb.png'
38.9774 	EXP 	RT_Circle_Fame: autoDraw = True
38.9774 	EXP 	RT_Circle_Fame: autoDraw = False
38.9774 	EXP 	RT_Ctx: autoDraw = True
38.9774 	EXP 	RT_Stim_Image: autoDraw = True
39.6416 	DATA 	Keypress: i
39.6462 	EXP 	RT_Circle_Fame: autoDraw = False
39.6462 	EXP 	RT_Ctx: autoDraw = False
39.6462 	EXP 	RT_Stim_Image: autoDraw = False
39.6462 	EXP 	RT_Circle_Frame_Feedback: lineColor = '[-1. -1.  1.] (rgb)'
39.6462 	EXP 	RT_Feedback_Image: image = 'media/check.png'
39.6462 	EXP 	RT_Circle_Frame_Feedback: autoDraw = True
39.6462 	EXP 	RT_Feedback_Image: autoDraw = True
39.9593 	EXP 	RT_Circle_Frame_Feedback: autoDraw = False
39.9593 	EXP 	RT_Feedback_Image: autoDraw = False
39.9593 	EXP 	RT_Circle_Frame_Feedback: autoDraw = False
39.9593 	EXP 	RT_Feedback_Image: autoDraw = False
39.9593 	EXP 	Post_Trial_Circle_Frame: lineColor = '[-1. -1.  1.] (rgb)'
39.9593 	EXP 	Post_Trial_Circle_Frame: autoDraw = True
40.1723 	EXP 	New trial (rep=5, index=0): None
40.1820 	EXP 	Post_Trial_Circle_Frame: autoDraw = False
40.1820 	EXP 	Post_Trial_Circle_Frame: autoDraw = False
40.1820 	EXP 	RT_Ctx: lineColor = '[-1. -1.  1.] (rgb)'
40.1820 	EXP 	RT_Stim_Image: image = 'media/dnnb.png'
40.1820 	EXP 	RT_Circle_Fame: autoDraw = True
40.1820 	EXP 	RT_Circle_Fame: autoDraw = False
40.1820 	EXP 	RT_Ctx: autoDraw = True
40.1820 	EXP 	RT_Stim_Image: autoDraw = True
40.6737 	DATA 	Keypress: i
40.7478 	EXP 	RT_Circle_Fame: autoDraw = False
40.7478 	EXP 	RT_Ctx: autoDraw = False
40.7478 	EXP 	RT_Stim_Image: autoDraw = False
40.7478 	EXP 	RT_Circle_Frame_Feedback: lineColor = '[-1. -1.  1.] (rgb)'
40.7478 	EXP 	RT_Feedback_Image: image = 'media/check.png'
40.7478 	EXP 	RT_Circle_Frame_Feedback: autoDraw = True
40.7478 	EXP 	RT_Feedback_Image: autoDraw = True
41.0675 	EXP 	RT_Circle_Frame_Feedback: autoDraw = False
41.0675 	EXP 	RT_Feedback_Image: autoDraw = False
41.0675 	EXP 	RT_Circle_Frame_Feedback: autoDraw = False
41.0675 	EXP 	RT_Feedback_Image: autoDraw = False
41.0675 	EXP 	Post_Trial_Circle_Frame: lineColor = '[-1. -1.  1.] (rgb)'
41.0675 	EXP 	Post_Trial_Circle_Frame: autoDraw = True
41.2677 	EXP 	New trial (rep=6, index=0): None
41.2764 	EXP 	Post_Trial_Circle_Frame: autoDraw = False
41.2764 	EXP 	Post_Trial_Circle_Frame: autoDraw = False
41.2764 	EXP 	RT_Ctx: lineColor = '[-1. -1.  1.] (rgb)'
41.2764 	EXP 	RT_Stim_Image: image = 'media/ddnb.png'
41.2764 	EXP 	RT_Circle_Fame: autoDraw = True
41.2764 	EXP 	RT_Circle_Fame: autoDraw = False
41.2764 	EXP 	RT_Ctx: autoDraw = True
41.2764 	EXP 	RT_Stim_Image: autoDraw = True
42.0661 	DATA 	Keypress: l
42.0704 	EXP 	RT_Circle_Fame: autoDraw = False
42.0704 	EXP 	RT_Ctx: autoDraw = False
42.0704 	EXP 	RT_Stim_Image: autoDraw = False
42.0704 	EXP 	RT_Circle_Frame_Feedback: lineColor = '[-1. -1.  1.] (rgb)'
42.0704 	EXP 	RT_Feedback_Image: image = 'media/check.png'
42.0704 	EXP 	RT_Circle_Frame_Feedback: autoDraw = True
42.0704 	EXP 	RT_Feedback_Image: autoDraw = True
42.3938 	EXP 	RT_Circle_Frame_Feedback: autoDraw = False
42.3938 	EXP 	RT_Feedback_Image: autoDraw = False
42.3938 	EXP 	RT_Circle_Frame_Feedback: autoDraw = False
42.3938 	EXP 	RT_Feedback_Image: autoDraw = False
42.3938 	EXP 	Post_Trial_Circle_Frame: lineColor = '[-1. -1.  1.] (rgb)'
42.3938 	EXP 	Post_Trial_Circle_Frame: autoDraw = True
42.6226 	EXP 	New trial (rep=7, index=0): None
42.6315 	EXP 	Post_Trial_Circle_Frame: autoDraw = False
42.6315 	EXP 	Post_Trial_Circle_Frame: autoDraw = False
42.6315 	EXP 	RT_Ctx: lineColor = '[-1. -1.  1.] (rgb)'
42.6315 	EXP 	RT_Stim_Image: image = 'media/dinb.png'
42.6315 	EXP 	RT_Circle_Fame: autoDraw = True
42.6315 	EXP 	RT_Circle_Fame: autoDraw = False
42.6315 	EXP 	RT_Ctx: autoDraw = True
42.6315 	EXP 	RT_Stim_Image: autoDraw = True
43.1006 	DATA 	Keypress: u
43.1051 	EXP 	RT_Circle_Fame: autoDraw = False
43.1051 	EXP 	RT_Ctx: autoDraw = False
43.1051 	EXP 	RT_Stim_Image: autoDraw = False
43.1051 	EXP 	RT_Circle_Frame_Feedback: lineColor = '[-1. -1.  1.] (rgb)'
43.1051 	EXP 	RT_Feedback_Image: image = 'media/check.png'
43.1051 	EXP 	RT_Circle_Frame_Feedback: autoDraw = True
43.1051 	EXP 	RT_Feedback_Image: autoDraw = True
43.4273 	EXP 	RT_Circle_Frame_Feedback: autoDraw = False
43.4273 	EXP 	RT_Feedback_Image: autoDraw = False
43.4273 	EXP 	RT_Circle_Frame_Feedback: autoDraw = False
43.4273 	EXP 	RT_Feedback_Image: autoDraw = False
43.4273 	EXP 	Post_Trial_Circle_Frame: lineColor = '[-1. -1.  1.] (rgb)'
43.4273 	EXP 	Post_Trial_Circle_Frame: autoDraw = True
43.6347 	EXP 	New trial (rep=8, index=0): None
43.6444 	EXP 	Post_Trial_Circle_Frame: autoDraw = False
43.6444 	EXP 	Post_Trial_Circle_Frame: autoDraw = False
43.6444 	EXP 	RT_Ctx: lineColor = '[-1. -1.  1.] (rgb)'
43.6444 	EXP 	RT_Stim_Image: image = 'media/ddnb.png'
43.6444 	EXP 	RT_Circle_Fame: autoDraw = True
43.6444 	EXP 	RT_Circle_Fame: autoDraw = False
43.6444 	EXP 	RT_Ctx: autoDraw = True
43.6444 	EXP 	RT_Stim_Image: autoDraw = True
44.0495 	DATA 	Keypress: l
44.0541 	EXP 	RT_Circle_Fame: autoDraw = False
44.0541 	EXP 	RT_Ctx: autoDraw = False
44.0541 	EXP 	RT_Stim_Image: autoDraw = False
44.0541 	EXP 	RT_Circle_Frame_Feedback: lineColor = '[-1. -1.  1.] (rgb)'
44.0541 	EXP 	RT_Feedback_Image: image = 'media/check.png'
44.0541 	EXP 	RT_Circle_Frame_Feedback: autoDraw = True
44.0541 	EXP 	RT_Feedback_Image: autoDraw = True
44.3816 	EXP 	RT_Circle_Frame_Feedback: autoDraw = False
44.3816 	EXP 	RT_Feedback_Image: autoDraw = False
44.3816 	EXP 	RT_Circle_Frame_Feedback: autoDraw = False
44.3816 	EXP 	RT_Feedback_Image: autoDraw = False
44.3816 	EXP 	Post_Trial_Circle_Frame: lineColor = '[-1. -1.  1.] (rgb)'
44.3816 	EXP 	Post_Trial_Circle_Frame: autoDraw = True
44.5865 	EXP 	New trial (rep=9, index=0): None
44.5953 	EXP 	Post_Trial_Circle_Frame: autoDraw = False
44.5953 	EXP 	Post_Trial_Circle_Frame: autoDraw = False
44.5953 	EXP 	RT_Ctx: lineColor = '[-1. -1.  1.] (rgb)'
44.5953 	EXP 	RT_Stim_Image: image = 'media/ddnb.png'
44.5953 	EXP 	RT_Circle_Fame: autoDraw = True
44.5953 	EXP 	RT_Circle_Fame: autoDraw = False
44.5953 	EXP 	RT_Ctx: autoDraw = True
44.5953 	EXP 	RT_Stim_Image: autoDraw = True
45.3961 	DATA 	Keypress: l
45.4006 	EXP 	RT_Circle_Fame: autoDraw = False
45.4006 	EXP 	RT_Ctx: autoDraw = False
45.4006 	EXP 	RT_Stim_Image: autoDraw = False
45.4006 	EXP 	RT_Circle_Frame_Feedback: lineColor = '[-1. -1.  1.] (rgb)'
45.4006 	EXP 	RT_Feedback_Image: image = 'media/check.png'
45.4006 	EXP 	RT_Circle_Frame_Feedback: autoDraw = True
45.4006 	EXP 	RT_Feedback_Image: autoDraw = True
45.7145 	EXP 	RT_Circle_Frame_Feedback: autoDraw = False
45.7145 	EXP 	RT_Feedback_Image: autoDraw = False
45.7145 	EXP 	RT_Circle_Frame_Feedback: autoDraw = False
45.7145 	EXP 	RT_Feedback_Image: autoDraw = False
45.7145 	EXP 	Post_Trial_Circle_Frame: lineColor = '[-1. -1.  1.] (rgb)'
45.7145 	EXP 	Post_Trial_Circle_Frame: autoDraw = True
45.9181 	EXP 	New trial (rep=10, index=0): None
45.9279 	EXP 	Post_Trial_Circle_Frame: autoDraw = False
45.9279 	EXP 	Post_Trial_Circle_Frame: autoDraw = False
45.9279 	EXP 	RT_Ctx: lineColor = '[-1. -1.  1.] (rgb)'
45.9279 	EXP 	RT_Stim_Image: image = 'media/dinb.png'
45.9279 	EXP 	RT_Circle_Fame: autoDraw = True
45.9279 	EXP 	RT_Circle_Fame: autoDraw = False
45.9279 	EXP 	RT_Ctx: autoDraw = True
45.9279 	EXP 	RT_Stim_Image: autoDraw = True
46.6615 	DATA 	Keypress: u
46.6660 	EXP 	RT_Circle_Fame: autoDraw = False
46.6660 	EXP 	RT_Ctx: autoDraw = False
46.6660 	EXP 	RT_Stim_Image: autoDraw = False
46.6660 	EXP 	RT_Circle_Frame_Feedback: lineColor = '[-1. -1.  1.] (rgb)'
46.6660 	EXP 	RT_Feedback_Image: image = 'media/check.png'
46.6660 	EXP 	RT_Circle_Frame_Feedback: autoDraw = True
46.6660 	EXP 	RT_Feedback_Image: autoDraw = True
46.9920 	EXP 	RT_Circle_Frame_Feedback: autoDraw = False
46.9920 	EXP 	RT_Feedback_Image: autoDraw = False
46.9920 	EXP 	RT_Circle_Frame_Feedback: autoDraw = False
46.9920 	EXP 	RT_Feedback_Image: autoDraw = False
46.9920 	EXP 	Post_Trial_Circle_Frame: lineColor = '[-1. -1.  1.] (rgb)'
46.9920 	EXP 	Post_Trial_Circle_Frame: autoDraw = True
47.2096 	EXP 	Post_Trial_Circle_Frame: autoDraw = False
47.2096 	EXP 	Post_Trial_Circle_Frame: autoDraw = False
47.2096 	EXP 	Instr_CR_Old_Text_Ctx2: autoDraw = True
49.4517 	EXP 	Created sequence: sequential, trialTypes=1, nReps=2000, seed=None
49.4731 	EXP 	New trial (rep=0, index=0): None
49.4811 	DATA 	Keypress: h
49.4853 	EXP 	Instr_CR_Old_Text_Ctx2: autoDraw = False
49.4853 	EXP 	RT_Ctx: lineColor = '[-1.  1. -1.] (rgb)'
49.4853 	EXP 	RT_Stim_Image: image = 'media/dnnb.png'
49.4853 	EXP 	RT_Circle_Fame: autoDraw = True
49.4853 	EXP 	RT_Circle_Fame: autoDraw = False
49.4853 	EXP 	RT_Ctx: autoDraw = True
49.4853 	EXP 	RT_Stim_Image: autoDraw = True
51.8607 	DATA 	Keypress: h
51.9326 	EXP 	RT_Circle_Fame: autoDraw = False
51.9326 	EXP 	RT_Ctx: autoDraw = False
51.9326 	EXP 	RT_Stim_Image: autoDraw = False
51.9326 	EXP 	RT_Circle_Frame_Feedback: lineColor = '[-1.  1. -1.] (rgb)'
51.9326 	EXP 	RT_Feedback_Image: image = 'media/check.png'
51.9326 	EXP 	RT_Circle_Frame_Feedback: autoDraw = True
51.9326 	EXP 	RT_Feedback_Image: autoDraw = True
52.2668 	EXP 	RT_Circle_Frame_Feedback: autoDraw = False
52.2668 	EXP 	RT_Feedback_Image: autoDraw = False
52.2668 	EXP 	RT_Circle_Frame_Feedback: autoDraw = False
52.2668 	EXP 	RT_Feedback_Image: autoDraw = False
52.2668 	EXP 	Post_Trial_Circle_Frame: lineColor = '[-1.  1. -1.] (rgb)'
52.2668 	EXP 	Post_Trial_Circle_Frame: autoDraw = True
52.4710 	EXP 	New trial (rep=1, index=0): None
52.4803 	EXP 	Post_Trial_Circle_Frame: autoDraw = False
52.4803 	EXP 	Post_Trial_Circle_Frame: autoDraw = False
52.4803 	EXP 	RT_Ctx: lineColor = '[-1.  1. -1.] (rgb)'
52.4803 	EXP 	RT_Stim_Image: image = 'media/ddnb.png'
52.4803 	EXP 	RT_Circle_Fame: autoDraw = True
52.4803 	EXP 	RT_Circle_Fame: autoDraw = False
52.4803 	EXP 	RT_Ctx: autoDraw = True
52.4803 	EXP 	RT_Stim_Image: autoDraw = True
55.0876 	DATA 	Keypress: u
55.0919 	EXP 	RT_Circle_Fame: autoDraw = False
55.0919 	EXP 	RT_Ctx: autoDraw = False
55.0919 	EXP 	RT_Stim_Image: autoDraw = False
55.0919 	EXP 	RT_Circle_Frame_Feedback: lineColor = '[-1.  1. -1.] (rgb)'
55.0919 	EXP 	RT_Feedback_Image: image = 'media/cross.png'
55.0919 	EXP 	RT_Circle_Frame_Feedback: autoDraw = True
55.0919 	EXP 	RT_Feedback_Image: autoDraw = True
56.1139 	EXP 	RT_Circle_Frame_Feedback: autoDraw = False
56.1139 	EXP 	RT_Feedback_Image: autoDraw = False
56.1139 	EXP 	RT_Circle_Frame_Feedback: autoDraw = False
56.1139 	EXP 	RT_Feedback_Image: autoDraw = False
56.1139 	EXP 	Post_Trial_Circle_Frame: lineColor = '[-1.  1. -1.] (rgb)'
56.1139 	EXP 	Post_Trial_Circle_Frame: autoDraw = True
56.3189 	EXP 	New trial (rep=2, index=0): None
56.3280 	EXP 	Post_Trial_Circle_Frame: autoDraw = False
56.3280 	EXP 	Post_Trial_Circle_Frame: autoDraw = False
56.3280 	EXP 	RT_Ctx: lineColor = '[-1.  1. -1.] (rgb)'
56.3280 	EXP 	RT_Stim_Image: image = 'media/ddnb.png'
56.3280 	EXP 	RT_Circle_Fame: autoDraw = True
56.3280 	EXP 	RT_Circle_Fame: autoDraw = False
56.3280 	EXP 	RT_Ctx: autoDraw = True
56.3280 	EXP 	RT_Stim_Image: autoDraw = True
57.1861 	DATA 	Keypress: i
57.1906 	EXP 	RT_Circle_Fame: autoDraw = False
57.1906 	EXP 	RT_Ctx: autoDraw = False
57.1906 	EXP 	RT_Stim_Image: autoDraw = False
57.1906 	EXP 	RT_Circle_Frame_Feedback: lineColor = '[-1.  1. -1.] (rgb)'
57.1906 	EXP 	RT_Feedback_Image: image = 'media/check.png'
57.1906 	EXP 	RT_Circle_Frame_Feedback: autoDraw = True
57.1906 	EXP 	RT_Feedback_Image: autoDraw = True
57.5206 	EXP 	RT_Circle_Frame_Feedback: autoDraw = False
57.5206 	EXP 	RT_Feedback_Image: autoDraw = False
57.5206 	EXP 	RT_Circle_Frame_Feedback: autoDraw = False
57.5206 	EXP 	RT_Feedback_Image: autoDraw = False
57.5206 	EXP 	Post_Trial_Circle_Frame: lineColor = '[-1.  1. -1.] (rgb)'
57.5206 	EXP 	Post_Trial_Circle_Frame: autoDraw = True
57.7343 	EXP 	New trial (rep=3, index=0): None
57.7434 	EXP 	Post_Trial_Circle_Frame: autoDraw = False
57.7434 	EXP 	Post_Trial_Circle_Frame: autoDraw = False
57.7434 	EXP 	RT_Ctx: lineColor = '[-1.  1. -1.] (rgb)'
57.7434 	EXP 	RT_Stim_Image: image = 'media/dnnb.png'
57.7434 	EXP 	RT_Circle_Fame: autoDraw = True
57.7434 	EXP 	RT_Circle_Fame: autoDraw = False
57.7434 	EXP 	RT_Ctx: autoDraw = True
57.7434 	EXP 	RT_Stim_Image: autoDraw = True
58.5927 	DATA 	Keypress: h
58.5972 	EXP 	RT_Circle_Fame: autoDraw = False
58.5972 	EXP 	RT_Ctx: autoDraw = False
58.5972 	EXP 	RT_Stim_Image: autoDraw = False
58.5972 	EXP 	RT_Circle_Frame_Feedback: lineColor = '[-1.  1. -1.] (rgb)'
58.5972 	EXP 	RT_Feedback_Image: image = 'media/check.png'
58.5972 	EXP 	RT_Circle_Frame_Feedback: autoDraw = True
58.5972 	EXP 	RT_Feedback_Image: autoDraw = True
58.9317 	EXP 	RT_Circle_Frame_Feedback: autoDraw = False
58.9317 	EXP 	RT_Feedback_Image: autoDraw = False
58.9317 	EXP 	RT_Circle_Frame_Feedback: autoDraw = False
58.9317 	EXP 	RT_Feedback_Image: autoDraw = False
58.9317 	EXP 	Post_Trial_Circle_Frame: lineColor = '[-1.  1. -1.] (rgb)'
58.9317 	EXP 	Post_Trial_Circle_Frame: autoDraw = True
59.1475 	EXP 	New trial (rep=4, index=0): None
59.1568 	EXP 	Post_Trial_Circle_Frame: autoDraw = False
59.1568 	EXP 	Post_Trial_Circle_Frame: autoDraw = False
59.1568 	EXP 	RT_Ctx: lineColor = '[-1.  1. -1.] (rgb)'
59.1568 	EXP 	RT_Stim_Image: image = 'media/djnb.png'
59.1568 	EXP 	RT_Circle_Fame: autoDraw = True
59.1568 	EXP 	RT_Circle_Fame: autoDraw = False
59.1568 	EXP 	RT_Ctx: autoDraw = True
59.1568 	EXP 	RT_Stim_Image: autoDraw = True
60.0509 	DATA 	Keypress: u
60.0552 	EXP 	RT_Circle_Fame: autoDraw = False
60.0552 	EXP 	RT_Ctx: autoDraw = False
60.0552 	EXP 	RT_Stim_Image: autoDraw = False
60.0552 	EXP 	RT_Circle_Frame_Feedback: lineColor = '[-1.  1. -1.] (rgb)'
60.0552 	EXP 	RT_Feedback_Image: image = 'media/check.png'
60.0552 	EXP 	RT_Circle_Frame_Feedback: autoDraw = True
60.0552 	EXP 	RT_Feedback_Image: autoDraw = True
60.3766 	EXP 	RT_Circle_Frame_Feedback: autoDraw = False
60.3766 	EXP 	RT_Feedback_Image: autoDraw = False
60.3766 	EXP 	RT_Circle_Frame_Feedback: autoDraw = False
60.3766 	EXP 	RT_Feedback_Image: autoDraw = False
60.3766 	EXP 	Post_Trial_Circle_Frame: lineColor = '[-1.  1. -1.] (rgb)'
60.3766 	EXP 	Post_Trial_Circle_Frame: autoDraw = True
60.5901 	EXP 	New trial (rep=5, index=0): None
60.5976 	EXP 	Post_Trial_Circle_Frame: autoDraw = False
60.5976 	EXP 	Post_Trial_Circle_Frame: autoDraw = False
60.5976 	EXP 	RT_Ctx: lineColor = '[-1.  1. -1.] (rgb)'
60.5976 	EXP 	RT_Stim_Image: image = 'media/ddnb.png'
60.5976 	EXP 	RT_Circle_Fame: autoDraw = True
60.5976 	EXP 	RT_Circle_Fame: autoDraw = False
60.5976 	EXP 	RT_Ctx: autoDraw = True
60.5976 	EXP 	RT_Stim_Image: autoDraw = True
63.1214 	DATA 	Keypress: h
63.1239 	EXP 	RT_Circle_Fame: autoDraw = False
63.1239 	EXP 	RT_Ctx: autoDraw = False
63.1239 	EXP 	RT_Stim_Image: autoDraw = False
63.1239 	EXP 	RT_Circle_Frame_Feedback: lineColor = '[-1.  1. -1.] (rgb)'
63.1239 	EXP 	RT_Feedback_Image: image = 'media/cross.png'
63.1239 	EXP 	RT_Circle_Frame_Feedback: autoDraw = True
63.1239 	EXP 	RT_Feedback_Image: autoDraw = True
64.1410 	EXP 	RT_Circle_Frame_Feedback: autoDraw = False
64.1410 	EXP 	RT_Feedback_Image: autoDraw = False
64.1410 	EXP 	RT_Circle_Frame_Feedback: autoDraw = False
64.1410 	EXP 	RT_Feedback_Image: autoDraw = False
64.1410 	EXP 	Post_Trial_Circle_Frame: lineColor = '[-1.  1. -1.] (rgb)'
64.1410 	EXP 	Post_Trial_Circle_Frame: autoDraw = True
64.3511 	EXP 	New trial (rep=6, index=0): None
64.3601 	EXP 	Post_Trial_Circle_Frame: autoDraw = False
64.3601 	EXP 	Post_Trial_Circle_Frame: autoDraw = False
64.3601 	EXP 	RT_Ctx: lineColor = '[-1.  1. -1.] (rgb)'
64.3601 	EXP 	RT_Stim_Image: image = 'media/ddnb.png'
64.3601 	EXP 	RT_Circle_Fame: autoDraw = True
64.3601 	EXP 	RT_Circle_Fame: autoDraw = False
64.3601 	EXP 	RT_Ctx: autoDraw = True
64.3601 	EXP 	RT_Stim_Image: autoDraw = True
65.1222 	DATA 	Keypress: u
65.1249 	EXP 	RT_Circle_Fame: autoDraw = False
65.1249 	EXP 	RT_Ctx: autoDraw = False
65.1249 	EXP 	RT_Stim_Image: autoDraw = False
65.1249 	EXP 	RT_Circle_Frame_Feedback: lineColor = '[-1.  1. -1.] (rgb)'
65.1249 	EXP 	RT_Feedback_Image: image = 'media/cross.png'
65.1249 	EXP 	RT_Circle_Frame_Feedback: autoDraw = True
65.1249 	EXP 	RT_Feedback_Image: autoDraw = True
66.1412 	EXP 	RT_Circle_Frame_Feedback: autoDraw = False
66.1412 	EXP 	RT_Feedback_Image: autoDraw = False
66.1412 	EXP 	RT_Circle_Frame_Feedback: autoDraw = False
66.1412 	EXP 	RT_Feedback_Image: autoDraw = False
66.1412 	EXP 	Post_Trial_Circle_Frame: lineColor = '[-1.  1. -1.] (rgb)'
66.1412 	EXP 	Post_Trial_Circle_Frame: autoDraw = True
66.3511 	EXP 	New trial (rep=7, index=0): None
66.3592 	EXP 	Post_Trial_Circle_Frame: autoDraw = False
66.3592 	EXP 	Post_Trial_Circle_Frame: autoDraw = False
66.3592 	EXP 	RT_Ctx: lineColor = '[-1.  1. -1.] (rgb)'
66.3592 	EXP 	RT_Stim_Image: image = 'media/ddnb.png'
66.3592 	EXP 	RT_Circle_Fame: autoDraw = True
66.3592 	EXP 	RT_Circle_Fame: autoDraw = False
66.3592 	EXP 	RT_Ctx: autoDraw = True
66.3592 	EXP 	RT_Stim_Image: autoDraw = True
66.7058 	DATA 	Keypress: l
66.7089 	EXP 	RT_Circle_Fame: autoDraw = False
66.7089 	EXP 	RT_Ctx: autoDraw = False
66.7089 	EXP 	RT_Stim_Image: autoDraw = False
66.7089 	EXP 	RT_Circle_Frame_Feedback: lineColor = '[-1.  1. -1.] (rgb)'
66.7089 	EXP 	RT_Feedback_Image: image = 'media/cross.png'
66.7089 	EXP 	RT_Circle_Frame_Feedback: autoDraw = True
66.7089 	EXP 	RT_Feedback_Image: autoDraw = True
67.7260 	EXP 	RT_Circle_Frame_Feedback: autoDraw = False
67.7260 	EXP 	RT_Feedback_Image: autoDraw = False
67.7260 	EXP 	RT_Circle_Frame_Feedback: autoDraw = False
67.7260 	EXP 	RT_Feedback_Image: autoDraw = False
67.7260 	EXP 	Post_Trial_Circle_Frame: lineColor = '[-1.  1. -1.] (rgb)'
67.7260 	EXP 	Post_Trial_Circle_Frame: autoDraw = True
67.9351 	EXP 	New trial (rep=8, index=0): None
67.9435 	EXP 	Post_Trial_Circle_Frame: autoDraw = False
67.9435 	EXP 	Post_Trial_Circle_Frame: autoDraw = False
67.9435 	EXP 	RT_Ctx: lineColor = '[-1.  1. -1.] (rgb)'
67.9435 	EXP 	RT_Stim_Image: image = 'media/ddnb.png'
67.9435 	EXP 	RT_Circle_Fame: autoDraw = True
67.9435 	EXP 	RT_Circle_Fame: autoDraw = False
67.9435 	EXP 	RT_Ctx: autoDraw = True
67.9435 	EXP 	RT_Stim_Image: autoDraw = True
71.2701 	DATA 	Keypress: i
71.2746 	EXP 	RT_Circle_Fame: autoDraw = False
71.2746 	EXP 	RT_Ctx: autoDraw = False
71.2746 	EXP 	RT_Stim_Image: autoDraw = False
71.2746 	EXP 	RT_Circle_Frame_Feedback: lineColor = '[-1.  1. -1.] (rgb)'
71.2746 	EXP 	RT_Feedback_Image: image = 'media/check.png'
71.2746 	EXP 	RT_Circle_Frame_Feedback: autoDraw = True
71.2746 	EXP 	RT_Feedback_Image: autoDraw = True
71.6149 	EXP 	RT_Circle_Frame_Feedback: autoDraw = False
71.6149 	EXP 	RT_Feedback_Image: autoDraw = False
71.6149 	EXP 	RT_Circle_Frame_Feedback: autoDraw = False
71.6149 	EXP 	RT_Feedback_Image: autoDraw = False
71.6149 	EXP 	Post_Trial_Circle_Frame: lineColor = '[-1.  1. -1.] (rgb)'
71.6149 	EXP 	Post_Trial_Circle_Frame: autoDraw = True
71.8188 	EXP 	New trial (rep=9, index=0): None
71.8279 	EXP 	Post_Trial_Circle_Frame: autoDraw = False
71.8279 	EXP 	Post_Trial_Circle_Frame: autoDraw = False
71.8279 	EXP 	RT_Ctx: lineColor = '[-1.  1. -1.] (rgb)'
71.8279 	EXP 	RT_Stim_Image: image = 'media/dinb.png'
71.8279 	EXP 	RT_Circle_Fame: autoDraw = True
71.8279 	EXP 	RT_Circle_Fame: autoDraw = False
71.8279 	EXP 	RT_Ctx: autoDraw = True
71.8279 	EXP 	RT_Stim_Image: autoDraw = True
74.0576 	DATA 	Keypress: l
74.0621 	EXP 	RT_Circle_Fame: autoDraw = False
74.0621 	EXP 	RT_Ctx: autoDraw = False
74.0621 	EXP 	RT_Stim_Image: autoDraw = False
74.0621 	EXP 	RT_Circle_Frame_Feedback: lineColor = '[-1.  1. -1.] (rgb)'
74.0621 	EXP 	RT_Feedback_Image: image = 'media/check.png'
74.0621 	EXP 	RT_Circle_Frame_Feedback: autoDraw = True
74.0621 	EXP 	RT_Feedback_Image: autoDraw = True
74.3771 	EXP 	RT_Circle_Frame_Feedback: autoDraw = False
74.3771 	EXP 	RT_Feedback_Image: autoDraw = False
74.3771 	EXP 	RT_Circle_Frame_Feedback: autoDraw = False
74.3771 	EXP 	RT_Feedback_Image: autoDraw = False
74.3771 	EXP 	Post_Trial_Circle_Frame: lineColor = '[-1.  1. -1.] (rgb)'
74.3771 	EXP 	Post_Trial_Circle_Frame: autoDraw = True
74.5976 	EXP 	New trial (rep=10, index=0): None
74.6065 	EXP 	Post_Trial_Circle_Frame: autoDraw = False
74.6065 	EXP 	Post_Trial_Circle_Frame: autoDraw = False
74.6065 	EXP 	RT_Ctx: lineColor = '[-1.  1. -1.] (rgb)'
74.6065 	EXP 	RT_Stim_Image: image = 'media/dinb.png'
74.6065 	EXP 	RT_Circle_Fame: autoDraw = True
74.6065 	EXP 	RT_Circle_Fame: autoDraw = False
74.6065 	EXP 	RT_Ctx: autoDraw = True
74.6065 	EXP 	RT_Stim_Image: autoDraw = True
76.0902 	DATA 	Keypress: l
76.1702 	EXP 	RT_Circle_Fame: autoDraw = False
76.1702 	EXP 	RT_Ctx: autoDraw = False
76.1702 	EXP 	RT_Stim_Image: autoDraw = False
76.1702 	EXP 	RT_Circle_Frame_Feedback: lineColor = '[-1.  1. -1.] (rgb)'
76.1702 	EXP 	RT_Feedback_Image: image = 'media/check.png'
76.1702 	EXP 	RT_Circle_Frame_Feedback: autoDraw = True
76.1702 	EXP 	RT_Feedback_Image: autoDraw = True
76.4807 	EXP 	RT_Circle_Frame_Feedback: autoDraw = False
76.4807 	EXP 	RT_Feedback_Image: autoDraw = False
76.4807 	EXP 	RT_Circle_Frame_Feedback: autoDraw = False
76.4807 	EXP 	RT_Feedback_Image: autoDraw = False
76.4807 	EXP 	Post_Trial_Circle_Frame: lineColor = '[-1.  1. -1.] (rgb)'
76.4807 	EXP 	Post_Trial_Circle_Frame: autoDraw = True
76.6997 	EXP 	New trial (rep=11, index=0): None
76.7089 	EXP 	Post_Trial_Circle_Frame: autoDraw = False
76.7089 	EXP 	Post_Trial_Circle_Frame: autoDraw = False
76.7089 	EXP 	RT_Ctx: lineColor = '[-1.  1. -1.] (rgb)'
76.7089 	EXP 	RT_Stim_Image: image = 'media/djnb.png'
76.7089 	EXP 	RT_Circle_Fame: autoDraw = True
76.7089 	EXP 	RT_Circle_Fame: autoDraw = False
76.7089 	EXP 	RT_Ctx: autoDraw = True
76.7089 	EXP 	RT_Stim_Image: autoDraw = True
77.6023 	DATA 	Keypress: h
77.6067 	EXP 	RT_Circle_Fame: autoDraw = False
77.6067 	EXP 	RT_Ctx: autoDraw = False
77.6067 	EXP 	RT_Stim_Image: autoDraw = False
77.6067 	EXP 	RT_Circle_Frame_Feedback: lineColor = '[-1.  1. -1.] (rgb)'
77.6067 	EXP 	RT_Feedback_Image: image = 'media/cross.png'
77.6067 	EXP 	RT_Circle_Frame_Feedback: autoDraw = True
77.6067 	EXP 	RT_Feedback_Image: autoDraw = True
78.6306 	EXP 	RT_Circle_Frame_Feedback: autoDraw = False
78.6306 	EXP 	RT_Feedback_Image: autoDraw = False
78.6306 	EXP 	RT_Circle_Frame_Feedback: autoDraw = False
78.6306 	EXP 	RT_Feedback_Image: autoDraw = False
78.6306 	EXP 	Post_Trial_Circle_Frame: lineColor = '[-1.  1. -1.] (rgb)'
78.6306 	EXP 	Post_Trial_Circle_Frame: autoDraw = True
78.8352 	EXP 	New trial (rep=12, index=0): None
78.8441 	EXP 	Post_Trial_Circle_Frame: autoDraw = False
78.8441 	EXP 	Post_Trial_Circle_Frame: autoDraw = False
78.8441 	EXP 	RT_Ctx: lineColor = '[-1.  1. -1.] (rgb)'
78.8441 	EXP 	RT_Stim_Image: image = 'media/djnb.png'
78.8441 	EXP 	RT_Circle_Fame: autoDraw = True
78.8441 	EXP 	RT_Circle_Fame: autoDraw = False
78.8441 	EXP 	RT_Ctx: autoDraw = True
78.8441 	EXP 	RT_Stim_Image: autoDraw = True
80.2442 	DATA 	Keypress: i
80.9547 	DATA 	Keypress: i
80.9592 	EXP 	RT_Circle_Fame: autoDraw = False
80.9592 	EXP 	RT_Ctx: autoDraw = False
80.9592 	EXP 	RT_Stim_Image: autoDraw = False
80.9592 	EXP 	RT_Circle_Frame_Feedback: lineColor = '[-1.  1. -1.] (rgb)'
80.9592 	EXP 	RT_Feedback_Image: image = 'media/cross.png'
80.9592 	EXP 	RT_Circle_Frame_Feedback: autoDraw = True
80.9592 	EXP 	RT_Feedback_Image: autoDraw = True
81.9774 	EXP 	RT_Circle_Frame_Feedback: autoDraw = False
81.9774 	EXP 	RT_Feedback_Image: autoDraw = False
81.9774 	EXP 	RT_Circle_Frame_Feedback: autoDraw = False
81.9774 	EXP 	RT_Feedback_Image: autoDraw = False
81.9774 	EXP 	Post_Trial_Circle_Frame: lineColor = '[-1.  1. -1.] (rgb)'
81.9774 	EXP 	Post_Trial_Circle_Frame: autoDraw = True
82.2114 	EXP 	New trial (rep=13, index=0): None
82.2203 	EXP 	Post_Trial_Circle_Frame: autoDraw = False
82.2203 	EXP 	Post_Trial_Circle_Frame: autoDraw = False
82.2203 	EXP 	RT_Ctx: lineColor = '[-1.  1. -1.] (rgb)'
82.2203 	EXP 	RT_Stim_Image: image = 'media/djnb.png'
82.2203 	EXP 	RT_Circle_Fame: autoDraw = True
82.2203 	EXP 	RT_Circle_Fame: autoDraw = False
82.2203 	EXP 	RT_Ctx: autoDraw = True
82.2203 	EXP 	RT_Stim_Image: autoDraw = True
82.6550 	DATA 	Keypress: u
82.6596 	EXP 	RT_Circle_Fame: autoDraw = False
82.6596 	EXP 	RT_Ctx: autoDraw = False
82.6596 	EXP 	RT_Stim_Image: autoDraw = False
82.6596 	EXP 	RT_Circle_Frame_Feedback: lineColor = '[-1.  1. -1.] (rgb)'
82.6596 	EXP 	RT_Feedback_Image: image = 'media/check.png'
82.6596 	EXP 	RT_Circle_Frame_Feedback: autoDraw = True
82.6596 	EXP 	RT_Feedback_Image: autoDraw = True
82.9776 	EXP 	RT_Circle_Frame_Feedback: autoDraw = False
82.9776 	EXP 	RT_Feedback_Image: autoDraw = False
82.9776 	EXP 	RT_Circle_Frame_Feedback: autoDraw = False
82.9776 	EXP 	RT_Feedback_Image: autoDraw = False
82.9776 	EXP 	Post_Trial_Circle_Frame: lineColor = '[-1.  1. -1.] (rgb)'
82.9776 	EXP 	Post_Trial_Circle_Frame: autoDraw = True
83.1853 	EXP 	New trial (rep=14, index=0): None
83.1948 	EXP 	Post_Trial_Circle_Frame: autoDraw = False
83.1948 	EXP 	Post_Trial_Circle_Frame: autoDraw = False
83.1948 	EXP 	RT_Ctx: lineColor = '[-1.  1. -1.] (rgb)'
83.1948 	EXP 	RT_Stim_Image: image = 'media/ddnb.png'
83.1948 	EXP 	RT_Circle_Fame: autoDraw = True
83.1948 	EXP 	RT_Circle_Fame: autoDraw = False
83.1948 	EXP 	RT_Ctx: autoDraw = True
83.1948 	EXP 	RT_Stim_Image: autoDraw = True
84.3798 	DATA 	Keypress: i
84.3844 	EXP 	RT_Circle_Fame: autoDraw = False
84.3844 	EXP 	RT_Ctx: autoDraw = False
84.3844 	EXP 	RT_Stim_Image: autoDraw = False
84.3844 	EXP 	RT_Circle_Frame_Feedback: lineColor = '[-1.  1. -1.] (rgb)'
84.3844 	EXP 	RT_Feedback_Image: image = 'media/check.png'
84.3844 	EXP 	RT_Circle_Frame_Feedback: autoDraw = True
84.3844 	EXP 	RT_Feedback_Image: autoDraw = True
84.7091 	EXP 	RT_Circle_Frame_Feedback: autoDraw = False
84.7091 	EXP 	RT_Feedback_Image: autoDraw = False
84.7091 	EXP 	RT_Circle_Frame_Feedback: autoDraw = False
84.7091 	EXP 	RT_Feedback_Image: autoDraw = False
84.7091 	EXP 	Post_Trial_Circle_Frame: lineColor = '[-1.  1. -1.] (rgb)'
84.7091 	EXP 	Post_Trial_Circle_Frame: autoDraw = True
84.9195 	EXP 	New trial (rep=15, index=0): None
84.9286 	EXP 	Post_Trial_Circle_Frame: autoDraw = False
84.9286 	EXP 	Post_Trial_Circle_Frame: autoDraw = False
84.9286 	EXP 	RT_Ctx: lineColor = '[-1.  1. -1.] (rgb)'
84.9286 	EXP 	RT_Stim_Image: image = 'media/dnnb.png'
84.9286 	EXP 	RT_Circle_Fame: autoDraw = True
84.9286 	EXP 	RT_Circle_Fame: autoDraw = False
84.9286 	EXP 	RT_Ctx: autoDraw = True
84.9286 	EXP 	RT_Stim_Image: autoDraw = True
85.9753 	DATA 	Keypress: h
85.9798 	EXP 	RT_Circle_Fame: autoDraw = False
85.9798 	EXP 	RT_Ctx: autoDraw = False
85.9798 	EXP 	RT_Stim_Image: autoDraw = False
85.9798 	EXP 	RT_Circle_Frame_Feedback: lineColor = '[-1.  1. -1.] (rgb)'
85.9798 	EXP 	RT_Feedback_Image: image = 'media/check.png'
85.9798 	EXP 	RT_Circle_Frame_Feedback: autoDraw = True
85.9798 	EXP 	RT_Feedback_Image: autoDraw = True
86.3026 	EXP 	RT_Circle_Frame_Feedback: autoDraw = False
86.3026 	EXP 	RT_Feedback_Image: autoDraw = False
86.3026 	EXP 	RT_Circle_Frame_Feedback: autoDraw = False
86.3026 	EXP 	RT_Feedback_Image: autoDraw = False
86.3026 	EXP 	Post_Trial_Circle_Frame: lineColor = '[-1.  1. -1.] (rgb)'
86.3026 	EXP 	Post_Trial_Circle_Frame: autoDraw = True
86.5098 	EXP 	New trial (rep=16, index=0): None
86.5192 	EXP 	Post_Trial_Circle_Frame: autoDraw = False
86.5192 	EXP 	Post_Trial_Circle_Frame: autoDraw = False
86.5192 	EXP 	RT_Ctx: lineColor = '[-1.  1. -1.] (rgb)'
86.5192 	EXP 	RT_Stim_Image: image = 'media/ddnb.png'
86.5192 	EXP 	RT_Circle_Fame: autoDraw = True
86.5192 	EXP 	RT_Circle_Fame: autoDraw = False
86.5192 	EXP 	RT_Ctx: autoDraw = True
86.5192 	EXP 	RT_Stim_Image: autoDraw = True
87.4198 	DATA 	Keypress: i
87.4242 	EXP 	RT_Circle_Fame: autoDraw = False
87.4242 	EXP 	RT_Ctx: autoDraw = False
87.4242 	EXP 	RT_Stim_Image: autoDraw = False
87.4242 	EXP 	RT_Circle_Frame_Feedback: lineColor = '[-1.  1. -1.] (rgb)'
87.4242 	EXP 	RT_Feedback_Image: image = 'media/check.png'
87.4242 	EXP 	RT_Circle_Frame_Feedback: autoDraw = True
87.4242 	EXP 	RT_Feedback_Image: autoDraw = True
87.7434 	EXP 	RT_Circle_Frame_Feedback: autoDraw = False
87.7434 	EXP 	RT_Feedback_Image: autoDraw = False
87.7434 	EXP 	RT_Circle_Frame_Feedback: autoDraw = False
87.7434 	EXP 	RT_Feedback_Image: autoDraw = False
87.7434 	EXP 	Post_Trial_Circle_Frame: lineColor = '[-1.  1. -1.] (rgb)'
87.7434 	EXP 	Post_Trial_Circle_Frame: autoDraw = True
87.9621 	EXP 	New trial (rep=17, index=0): None
87.9709 	EXP 	Post_Trial_Circle_Frame: autoDraw = False
87.9709 	EXP 	Post_Trial_Circle_Frame: autoDraw = False
87.9709 	EXP 	RT_Ctx: lineColor = '[-1.  1. -1.] (rgb)'
87.9709 	EXP 	RT_Stim_Image: image = 'media/dinb.png'
87.9709 	EXP 	RT_Circle_Fame: autoDraw = True
87.9709 	EXP 	RT_Circle_Fame: autoDraw = False
87.9709 	EXP 	RT_Ctx: autoDraw = True
87.9709 	EXP 	RT_Stim_Image: autoDraw = True
88.4162 	DATA 	Keypress: l
88.4208 	EXP 	RT_Circle_Fame: autoDraw = False
88.4208 	EXP 	RT_Ctx: autoDraw = False
88.4208 	EXP 	RT_Stim_Image: autoDraw = False
88.4208 	EXP 	RT_Circle_Frame_Feedback: lineColor = '[-1.  1. -1.] (rgb)'
88.4208 	EXP 	RT_Feedback_Image: image = 'media/check.png'
88.4208 	EXP 	RT_Circle_Frame_Feedback: autoDraw = True
88.4208 	EXP 	RT_Feedback_Image: autoDraw = True
88.7524 	EXP 	RT_Circle_Frame_Feedback: autoDraw = False
88.7524 	EXP 	RT_Feedback_Image: autoDraw = False
88.7524 	EXP 	RT_Circle_Frame_Feedback: autoDraw = False
88.7524 	EXP 	RT_Feedback_Image: autoDraw = False
88.7524 	EXP 	Post_Trial_Circle_Frame: lineColor = '[-1.  1. -1.] (rgb)'
88.7524 	EXP 	Post_Trial_Circle_Frame: autoDraw = True
88.9526 	EXP 	New trial (rep=18, index=0): None
88.9623 	EXP 	Post_Trial_Circle_Frame: autoDraw = False
88.9623 	EXP 	Post_Trial_Circle_Frame: autoDraw = False
88.9623 	EXP 	RT_Ctx: lineColor = '[-1.  1. -1.] (rgb)'
88.9623 	EXP 	RT_Stim_Image: image = 'media/djnb.png'
88.9623 	EXP 	RT_Circle_Fame: autoDraw = True
88.9623 	EXP 	RT_Circle_Fame: autoDraw = False
88.9623 	EXP 	RT_Ctx: autoDraw = True
88.9623 	EXP 	RT_Stim_Image: autoDraw = True
90.1976 	DATA 	Keypress: u
90.2021 	EXP 	RT_Circle_Fame: autoDraw = False
90.2021 	EXP 	RT_Ctx: autoDraw = False
90.2021 	EXP 	RT_Stim_Image: autoDraw = False
90.2021 	EXP 	RT_Circle_Frame_Feedback: lineColor = '[-1.  1. -1.] (rgb)'
90.2021 	EXP 	RT_Feedback_Image: image = 'media/check.png'
90.2021 	EXP 	RT_Circle_Frame_Feedback: autoDraw = True
90.2021 	EXP 	RT_Feedback_Image: autoDraw = True
90.5108 	EXP 	RT_Circle_Frame_Feedback: autoDraw = False
90.5108 	EXP 	RT_Feedback_Image: autoDraw = False
90.5108 	EXP 	RT_Circle_Frame_Feedback: autoDraw = False
90.5108 	EXP 	RT_Feedback_Image: autoDraw = False
90.5108 	EXP 	Post_Trial_Circle_Frame: lineColor = '[-1.  1. -1.] (rgb)'
90.5108 	EXP 	Post_Trial_Circle_Frame: autoDraw = True
90.7253 	EXP 	New trial (rep=19, index=0): None
90.7344 	EXP 	Post_Trial_Circle_Frame: autoDraw = False
90.7344 	EXP 	Post_Trial_Circle_Frame: autoDraw = False
90.7344 	EXP 	RT_Ctx: lineColor = '[-1.  1. -1.] (rgb)'
90.7344 	EXP 	RT_Stim_Image: image = 'media/dnnb.png'
90.7344 	EXP 	RT_Circle_Fame: autoDraw = True
90.7344 	EXP 	RT_Circle_Fame: autoDraw = False
90.7344 	EXP 	RT_Ctx: autoDraw = True
90.7344 	EXP 	RT_Stim_Image: autoDraw = True
91.5743 	DATA 	Keypress: h
91.5788 	EXP 	RT_Circle_Fame: autoDraw = False
91.5788 	EXP 	RT_Ctx: autoDraw = False
91.5788 	EXP 	RT_Stim_Image: autoDraw = False
91.5788 	EXP 	RT_Circle_Frame_Feedback: lineColor = '[-1.  1. -1.] (rgb)'
91.5788 	EXP 	RT_Feedback_Image: image = 'media/check.png'
91.5788 	EXP 	RT_Circle_Frame_Feedback: autoDraw = True
91.5788 	EXP 	RT_Feedback_Image: autoDraw = True
91.9000 	EXP 	RT_Circle_Frame_Feedback: autoDraw = False
91.9000 	EXP 	RT_Feedback_Image: autoDraw = False
91.9000 	EXP 	RT_Circle_Frame_Feedback: autoDraw = False
91.9000 	EXP 	RT_Feedback_Image: autoDraw = False
91.9000 	EXP 	Post_Trial_Circle_Frame: lineColor = '[-1.  1. -1.] (rgb)'
91.9000 	EXP 	Post_Trial_Circle_Frame: autoDraw = True
92.1141 	EXP 	New trial (rep=20, index=0): None
92.1240 	EXP 	Post_Trial_Circle_Frame: autoDraw = False
92.1240 	EXP 	Post_Trial_Circle_Frame: autoDraw = False
92.1240 	EXP 	RT_Ctx: lineColor = '[-1.  1. -1.] (rgb)'
92.1240 	EXP 	RT_Stim_Image: image = 'media/djnb.png'
92.1240 	EXP 	RT_Circle_Fame: autoDraw = True
92.1240 	EXP 	RT_Circle_Fame: autoDraw = False
92.1240 	EXP 	RT_Ctx: autoDraw = True
92.1240 	EXP 	RT_Stim_Image: autoDraw = True
92.8255 	DATA 	Keypress: u
92.8300 	EXP 	RT_Circle_Fame: autoDraw = False
92.8300 	EXP 	RT_Ctx: autoDraw = False
92.8300 	EXP 	RT_Stim_Image: autoDraw = False
92.8300 	EXP 	RT_Circle_Frame_Feedback: lineColor = '[-1.  1. -1.] (rgb)'
92.8300 	EXP 	RT_Feedback_Image: image = 'media/check.png'
92.8300 	EXP 	RT_Circle_Frame_Feedback: autoDraw = True
92.8300 	EXP 	RT_Feedback_Image: autoDraw = True
93.1557 	EXP 	RT_Circle_Frame_Feedback: autoDraw = False
93.1557 	EXP 	RT_Feedback_Image: autoDraw = False
93.1557 	EXP 	RT_Circle_Frame_Feedback: autoDraw = False
93.1557 	EXP 	RT_Feedback_Image: autoDraw = False
93.1557 	EXP 	Post_Trial_Circle_Frame: lineColor = '[-1.  1. -1.] (rgb)'
93.1557 	EXP 	Post_Trial_Circle_Frame: autoDraw = True
93.3625 	EXP 	Created sequence: sequential, trialTypes=1, nReps=0, seed=None
93.3626 	EXP 	Created sequence: sequential, trialTypes=1, nReps=1, seed=None
93.3628 	EXP 	New trial (rep=0, index=0): None
93.3704 	EXP 	Post_Trial_Circle_Frame: autoDraw = False
93.3704 	EXP 	Post_Trial_Circle_Frame: autoDraw = False
93.3704 	EXP 	Instr_RT_text: autoDraw = True
94.2416 	EXP 	Created sequence: sequential, trialTypes=1, nReps=4, seed=None
94.2420 	EXP 	New trial (rep=0, index=0): None
94.2548 	DATA 	Keypress: h
94.2586 	EXP 	Instr_RT_text: autoDraw = False
94.2586 	EXP 	Instr_Block_Num_Text: text = 'Block 1\nPress any key to start'
94.2586 	EXP 	Instr_Block_Num_Text: autoDraw = True
94.9241 	EXP 	Created sequence: sequential, trialTypes=1, nReps=4, seed=None
94.9242 	EXP 	New trial (rep=0, index=0): None
94.9297 	DATA 	Keypress: h
94.9358 	EXP 	Instr_Block_Num_Text: autoDraw = False
94.9358 	EXP 	RT_Ctx: lineColor = '[-1. -1.  1.] (rgb)'
94.9358 	EXP 	RT_Stim_Image: image = 'media/dnnb.png'
94.9358 	EXP 	RT_Circle_Fame: autoDraw = True
94.9358 	EXP 	RT_Circle_Fame: autoDraw = False
94.9358 	EXP 	RT_Ctx: autoDraw = True
94.9358 	EXP 	RT_Stim_Image: autoDraw = True
98.1410 	DATA 	Mouse: Left button down, pos=(1315,252)
98.2405 	DATA 	Mouse:  Left button up, pos=(1315,252)
102.8903 	DATA 	Keypress: escape
103.0709 	EXP 	window1: mouseVisible = True
