1.5861 	WARNING 	We strongly recommend you activate the PTB sound engine in PsychoPy prefs as the preferred audio engine. Its timing is vastly superior. Your prefs are currently set to use ['sounddevice', 'PTB', 'pyo', 'pygame'] (in that order).
5.2043 	WARNING 	User requested fullscreen with size [1024  768], but screen is actually [1920, 1080]. Using actual size
7.3289 	EXP 	Created window1 = Window(allowGUI=False, allowStencil=False, args=UNKNOWN, autoLog=True, bitsMode=UNKNOWN, blendMode='avg', bpc=(8, 8, 8), color=array([0., 0., 0.]), colorSpace='rgb', depthBits=8, fullscr=<method-wrapper '__getattribute__' of attributeSetter object at 0x00000213EC728E80>, gamma=None, gammaErrorPolicy='raise', kwargs=UNKNOWN, lms=UNKNOWN, monitor=<psychopy.monitors.calibTools.Monitor object at 0x00000213EC6AEB70>, multiSample=False, name='window1', numSamples=2, pos=[0.0, 0.0], screen=0, size=array([1920, 1080]), stencilBits=0, stereo=False, units='height', useFBO=True, useRetina=False, viewOri=0.0, viewPos=None, viewScale=None, waitBlanking=True, winType='pyglet')
7.3289 	EXP 	window1: recordFrameIntervals = False
7.4954 	EXP 	window1: recordFrameIntervals = True
7.6985 	EXP 	window1: recordFrameIntervals = False
7.9725 	EXP 	Created Instr_Exp_Text = TextStim(__class__=<class 'psychopy.visual.text.TextStim'>, alignHoriz=method-wrapper(...), alignText='center', alignVert=method-wrapper(...), anchorHoriz='center', anchorVert='center', antialias=True, autoLog=True, bold=False, color='white', colorSpace='named', contrast=1.0, depth=0.0, flipHoriz=False, flipVert=False, font='Arial', fontFiles=[], height=0.05, italic=False, languageStyle='LTR', name='Instr_Exp_Text', opacity=1.0, ori=0, pos=array([0., 0.]), rgb=array([255., 255., 255.]), text=str(...), units='height', win=Window(...), wrapWidth=1)
8.0074 	EXP 	Created Instr_RT_Hand_Rext = TextStim(__class__=<class 'psychopy.visual.text.TextStim'>, alignHoriz=method-wrapper(...), alignText='center', alignVert=method-wrapper(...), anchorHoriz='center', anchorVert='center', antialias=True, autoLog=True, bold=False, color='white', colorSpace='named', contrast=1.0, depth=0.0, flipHoriz=False, flipVert=False, font='Arial', fontFiles=[], height=0.03, italic=False, languageStyle='LTR', name='Instr_RT_Hand_Rext', opacity=1.0, ori=0, pos=array([0., 0.]), rgb=array([255., 255., 255.]), text=str(...), units='height', win=Window(...), wrapWidth=1)
8.0237 	EXP 	Created RT_Circle_Frame_Hand = Polygon(__class__=<class 'psychopy.visual.polygon.Polygon'>, autoDraw=False, autoLog=True, closeShape=True, color=method-wrapper(...), colorSpace=None, contrast=1.0, depth=-1.0, fillColor=array([-1., -1., -1.]), fillColorSpace='rgb', fillRGB=array([-1., -1., -1.]), interpolate=True, lineColor=array([1., 1., 1.]), lineColorSpace='rgb', lineRGB=array([1., 1., 1.]), lineWidth=12, name='RT_Circle_Frame_Hand', opacity=0.5, ori=array(0.), pos=array([0., 0.]), size=array([0.3, 0.3]), units='height', vertices=ndarray(...), win=Window(...))
8.0264 	EXP 	Created RT_HandShape = ImageStim(__class__=<class 'psychopy.visual.image.ImageStim'>, autoLog=True, color=array([1., 1., 1.]), colorSpace='rgb', contrast=1.0, depth=-3.0, flipHoriz=False, flipVert=False, image='sin', interpolate=True, mask=None, maskParams=None, name='RT_HandShape', opacity=1.0, ori=0.0, pos=array([0., 0.]), size=array([0.25, 0.25]), texRes=128, units='height', win=Window(...))
8.0283 	EXP 	Created RT_Stim_Hand = Polygon(__class__=<class 'psychopy.visual.polygon.Polygon'>, autoDraw=False, autoLog=True, closeShape=True, color=method-wrapper(...), colorSpace=None, contrast=1.0, depth=-4.0, fillColor=array([1., 1., 1.]), fillColorSpace='rgb', fillRGB=array([1., 1., 1.]), interpolate=True, lineColor=array([1., 1., 1.]), lineColorSpace='rgb', lineRGB=array([1., 1., 1.]), lineWidth=1, name='RT_Stim_Hand', opacity=1.0, ori=array(0.), pos=array([0., 0.]), size=array([0.025, 0.025]), units='height', vertices=ndarray(...), win=Window(...))
8.0432 	EXP 	Created RT_Circle_Frame_Feedback = Polygon(__class__=<class 'psychopy.visual.polygon.Polygon'>, autoDraw=False, autoLog=True, closeShape=True, color=method-wrapper(...), colorSpace=None, contrast=1.0, depth=0.0, fillColor=array([-1., -1., -1.]), fillColorSpace='rgb', fillRGB=array([-1., -1., -1.]), interpolate=True, lineColor=array([1., 1., 1.]), lineColorSpace='rgb', lineRGB=array([1., 1., 1.]), lineWidth=12, name='RT_Circle_Frame_Feedback', opacity=0.5, ori=array(0.), pos=array([0., 0.]), size=array([0.3, 0.3]), units='height', vertices=ndarray(...), win=Window(...))
8.0455 	EXP 	Created RT_Feedback_Image = ImageStim(__class__=<class 'psychopy.visual.image.ImageStim'>, autoLog=True, color=array([1., 1., 1.]), colorSpace='rgb', contrast=1.0, depth=-1.0, flipHoriz=False, flipVert=False, image='sin', interpolate=True, mask=None, maskParams=None, name='RT_Feedback_Image', opacity=1.0, ori=0.0, pos=array([0., 0.]), size=array([0.18, 0.18]), texRes=128, units='height', win=Window(...))
8.0604 	EXP 	Created Post_Trial_Circle_Frame = Polygon(__class__=<class 'psychopy.visual.polygon.Polygon'>, autoDraw=False, autoLog=True, closeShape=True, color=method-wrapper(...), colorSpace=None, contrast=1.0, depth=0.0, fillColor=array([-1., -1., -1.]), fillColorSpace='rgb', fillRGB=array([-1., -1., -1.]), interpolate=True, lineColor=array([1., 1., 1.]), lineColorSpace='rgb', lineRGB=array([1., 1., 1.]), lineWidth=12, name='Post_Trial_Circle_Frame', opacity=0.5, ori=array(0.), pos=array([0., 0.]), size=array([0.3, 0.3]), units='height', vertices=ndarray(...), win=Window(...))
8.0854 	EXP 	Created instr_HAND_TR_text = TextStim(__class__=<class 'psychopy.visual.text.TextStim'>, alignHoriz=method-wrapper(...), alignText='center', alignVert=method-wrapper(...), anchorHoriz='center', anchorVert='center', antialias=True, autoLog=True, bold=False, color='white', colorSpace='named', contrast=1.0, depth=0.0, flipHoriz=False, flipVert=False, font='Arial', fontFiles=[], height=0.03, italic=False, languageStyle='LTR', name='instr_HAND_TR_text', opacity=1.0, ori=0, pos=array([0., 0.]), rgb=array([255., 255., 255.]), text=str(...), units='height', win=Window(...), wrapWidth=1)
8.1052 	EXP 	Created Instr_Block_Num_Text = TextStim(__class__=<class 'psychopy.visual.text.TextStim'>, alignHoriz=method-wrapper(...), alignText='center', alignVert=method-wrapper(...), anchorHoriz='center', anchorVert='center', antialias=True, autoLog=True, bold=False, color='white', colorSpace='named', contrast=1.0, depth=0.0, flipHoriz=False, flipVert=False, font='Arial', fontFiles=[], height=0.1, italic=False, languageStyle='LTR', name='Instr_Block_Num_Text', opacity=1.0, ori=0, pos=array([0., 0.]), rgb=array([255., 255., 255.]), text='default text', units='height', win=Window(...), wrapWidth=1)
8.1201 	EXP 	Created TR_Circle_Hand = Polygon(__class__=<class 'psychopy.visual.polygon.Polygon'>, autoDraw=False, autoLog=True, closeShape=True, color=method-wrapper(...), colorSpace=None, contrast=1.0, depth=-1.0, fillColor=array([-1., -1., -1.]), fillColorSpace='rgb', fillRGB=array([-1., -1., -1.]), interpolate=True, lineColor=array([1., 1., 1.]), lineColorSpace='rgb', lineRGB=array([1., 1., 1.]), lineWidth=12, name='TR_Circle_Hand', opacity=0.3, ori=array(0.), pos=array([0., 0.]), size=array([1., 1.]), units='height', vertices=ndarray(...), win=Window(...))
8.1349 	EXP 	Created TR_Circle_Frame_Hand = Polygon(__class__=<class 'psychopy.visual.polygon.Polygon'>, autoDraw=False, autoLog=True, closeShape=True, color=method-wrapper(...), colorSpace=None, contrast=1.0, depth=-2.0, fillColor=array([-1., -1., -1.]), fillColorSpace='rgb', fillRGB=array([-1., -1., -1.]), interpolate=True, lineColor=array([1., 1., 1.]), lineColorSpace='rgb', lineRGB=array([1., 1., 1.]), lineWidth=12, name='TR_Circle_Frame_Hand', opacity=0.5, ori=array(0.), pos=array([0., 0.]), size=array([0.3, 0.3]), units='height', vertices=ndarray(...), win=Window(...))
8.1366 	EXP 	Created TR_HandShape = ImageStim(__class__=<class 'psychopy.visual.image.ImageStim'>, autoLog=True, color=array([1., 1., 1.]), colorSpace='rgb', contrast=1.0, depth=-3.0, flipHoriz=False, flipVert=False, image='sin', interpolate=True, mask=None, maskParams=None, name='TR_HandShape', opacity=1.0, ori=0.0, pos=array([0., 0.]), size=array([0.25, 0.25]), texRes=128, units='height', win=Window(...))
8.1384 	EXP 	Created TR_Stim_Hand = Polygon(__class__=<class 'psychopy.visual.polygon.Polygon'>, autoDraw=False, autoLog=True, closeShape=True, color=method-wrapper(...), colorSpace=None, contrast=1.0, depth=-4.0, fillColor=array([1., 1., 1.]), fillColorSpace='rgb', fillRGB=array([1., 1., 1.]), interpolate=True, lineColor=array([1., 1., 1.]), lineColorSpace='rgb', lineRGB=array([1., 1., 1.]), lineWidth=1, name='TR_Stim_Hand', opacity=1.0, ori=array(0.), pos=array([0., 0.]), size=array([0.025, 0.025]), units='height', vertices=ndarray(...), win=Window(...))
8.1531 	EXP 	Created Tr_Circle_Frame_Feedback = Polygon(__class__=<class 'psychopy.visual.polygon.Polygon'>, autoDraw=False, autoLog=True, closeShape=True, color=method-wrapper(...), colorSpace=None, contrast=1.0, depth=0.0, fillColor=array([-1., -1., -1.]), fillColorSpace='rgb', fillRGB=array([-1., -1., -1.]), interpolate=True, lineColor=array([1., 1., 1.]), lineColorSpace='rgb', lineRGB=array([1., 1., 1.]), lineWidth=12, name='Tr_Circle_Frame_Feedback', opacity=0.5, ori=array(0.), pos=array([0., 0.]), size=array([0.3, 0.3]), units='height', vertices=ndarray(...), win=Window(...))
8.1674 	EXP 	Created TR_Feedback_Text = TextStim(__class__=<class 'psychopy.visual.text.TextStim'>, alignHoriz=method-wrapper(...), alignText='center', alignVert=method-wrapper(...), anchorHoriz='center', anchorVert='center', antialias=True, autoLog=True, bold=False, color='white', colorSpace='named', contrast=1.0, depth=-1.0, flipHoriz=False, flipVert=False, font='Arial', fontFiles=[], height=0.08, italic=False, languageStyle='LTR', name='TR_Feedback_Text', opacity=1.0, ori=0, pos=array([0.  , 0.25]), rgb=array([255., 255., 255.]), text='default text', units='height', win=Window(...), wrapWidth=1)
8.1695 	EXP 	Created TR_Feedback_Image = ImageStim(__class__=<class 'psychopy.visual.image.ImageStim'>, autoLog=True, color=array([1., 1., 1.]), colorSpace='rgb', contrast=1.0, depth=-2.0, flipHoriz=False, flipVert=False, image='sin', interpolate=True, mask=None, maskParams=None, name='TR_Feedback_Image', opacity=1.0, ori=0.0, pos=array([0., 0.]), size=array([0.18, 0.18]), texRes=128, units='height', win=Window(...))
8.1842 	EXP 	Created TR_Circle_Frame_Penalty = Polygon(__class__=<class 'psychopy.visual.polygon.Polygon'>, autoDraw=False, autoLog=True, closeShape=True, color=method-wrapper(...), colorSpace=None, contrast=1.0, depth=0.0, fillColor=array([-1., -1., -1.]), fillColorSpace='rgb', fillRGB=array([-1., -1., -1.]), interpolate=True, lineColor=array([1., 1., 1.]), lineColorSpace='rgb', lineRGB=array([1., 1., 1.]), lineWidth=12, name='TR_Circle_Frame_Penalty', opacity=0.5, ori=array(0.), pos=array([0., 0.]), size=array([0.3, 0.3]), units='height', vertices=ndarray(...), win=Window(...))
8.1914 	EXP 	Created TR_Penalty_Text = TextStim(__class__=<class 'psychopy.visual.text.TextStim'>, alignHoriz=method-wrapper(...), alignText='center', alignVert=method-wrapper(...), anchorHoriz='center', anchorVert='center', antialias=True, autoLog=True, bold=False, color='white', colorSpace='named', contrast=1.0, depth=-1.0, flipHoriz=False, flipVert=False, font='Arial', fontFiles=[], height=0.05, italic=False, languageStyle='LTR', name='TR_Penalty_Text', opacity=1.0, ori=0, pos=array([0., 0.]), rgb=array([255., 255., 255.]), text='default text', units='height', win=Window(...), wrapWidth=1)
8.2068 	EXP 	Created Post_Trial_Circle_Frame = Polygon(__class__=<class 'psychopy.visual.polygon.Polygon'>, autoDraw=False, autoLog=True, closeShape=True, color=method-wrapper(...), colorSpace=None, contrast=1.0, depth=0.0, fillColor=array([-1., -1., -1.]), fillColorSpace='rgb', fillRGB=array([-1., -1., -1.]), interpolate=True, lineColor=array([1., 1., 1.]), lineColorSpace='rgb', lineRGB=array([1., 1., 1.]), lineWidth=12, name='Post_Trial_Circle_Frame', opacity=0.5, ori=array(0.), pos=array([0., 0.]), size=array([0.3, 0.3]), units='height', vertices=ndarray(...), win=Window(...))
8.2375 	EXP 	Created Instr_CR_Old_Text_Ctx1 = TextStim(__class__=<class 'psychopy.visual.text.TextStim'>, alignHoriz=method-wrapper(...), alignText='center', alignVert=method-wrapper(...), anchorHoriz='center', anchorVert='center', antialias=True, autoLog=True, bold=False, color='white', colorSpace='named', contrast=1.0, depth=0.0, flipHoriz=False, flipVert=False, font='Arial', fontFiles=[], height=0.03, italic=False, languageStyle='LTR', name='Instr_CR_Old_Text_Ctx1', opacity=1.0, ori=0, pos=array([0., 0.]), rgb=array([255., 255., 255.]), text=str(...), units='height', win=Window(...), wrapWidth=1)
8.2523 	EXP 	Created RT_Circle_Fame = Polygon(__class__=<class 'psychopy.visual.polygon.Polygon'>, autoDraw=False, autoLog=True, closeShape=True, color=method-wrapper(...), colorSpace=None, contrast=1.0, depth=-1.0, fillColor=array([-1., -1., -1.]), fillColorSpace='rgb', fillRGB=array([-1., -1., -1.]), interpolate=True, lineColor=array([1., 1., 1.]), lineColorSpace='rgb', lineRGB=array([1., 1., 1.]), lineWidth=12, name='RT_Circle_Fame', opacity=0.5, ori=array(0.), pos=array([0., 0.]), size=array([0.3, 0.3]), units='height', vertices=ndarray(...), win=Window(...))
8.2684 	EXP 	Created RT_Ctx = Polygon(__class__=<class 'psychopy.visual.polygon.Polygon'>, autoDraw=False, autoLog=True, closeShape=True, color=method-wrapper(...), colorSpace=None, contrast=1.0, depth=-2.0, fillColor=array([-1., -1., -1.]), fillColorSpace='rgb', fillRGB=array([-1., -1., -1.]), interpolate=True, lineColor=array([1., 1., 1.]), lineColorSpace='rgb', lineRGB=array([1., 1., 1.]), lineWidth=12, name='RT_Ctx', opacity=0.5, ori=array(0.), pos=array([0., 0.]), size=array([0.3, 0.3]), units='height', vertices=ndarray(...), win=Window(...))
8.2700 	EXP 	Created RT_Stim_Image = ImageStim(__class__=<class 'psychopy.visual.image.ImageStim'>, autoLog=True, color=array([1., 1., 1.]), colorSpace='rgb', contrast=1.0, depth=-3.0, flipHoriz=False, flipVert=False, image='sin', interpolate=True, mask=None, maskParams=None, name='RT_Stim_Image', opacity=1.0, ori=0.0, pos=array([0., 0.]), size=array([0.25, 0.25]), texRes=128, units='height', win=Window(...))
8.2849 	EXP 	Created RT_Circle_Frame_Feedback = Polygon(__class__=<class 'psychopy.visual.polygon.Polygon'>, autoDraw=False, autoLog=True, closeShape=True, color=method-wrapper(...), colorSpace=None, contrast=1.0, depth=0.0, fillColor=array([-1., -1., -1.]), fillColorSpace='rgb', fillRGB=array([-1., -1., -1.]), interpolate=True, lineColor=array([1., 1., 1.]), lineColorSpace='rgb', lineRGB=array([1., 1., 1.]), lineWidth=12, name='RT_Circle_Frame_Feedback', opacity=0.5, ori=array(0.), pos=array([0., 0.]), size=array([0.3, 0.3]), units='height', vertices=ndarray(...), win=Window(...))
8.2870 	EXP 	Created RT_Feedback_Image = ImageStim(__class__=<class 'psychopy.visual.image.ImageStim'>, autoLog=True, color=array([1., 1., 1.]), colorSpace='rgb', contrast=1.0, depth=-1.0, flipHoriz=False, flipVert=False, image='sin', interpolate=True, mask=None, maskParams=None, name='RT_Feedback_Image', opacity=1.0, ori=0.0, pos=array([0., 0.]), size=array([0.18, 0.18]), texRes=128, units='height', win=Window(...))
8.3024 	EXP 	Created Post_Trial_Circle_Frame = Polygon(__class__=<class 'psychopy.visual.polygon.Polygon'>, autoDraw=False, autoLog=True, closeShape=True, color=method-wrapper(...), colorSpace=None, contrast=1.0, depth=0.0, fillColor=array([-1., -1., -1.]), fillColorSpace='rgb', fillRGB=array([-1., -1., -1.]), interpolate=True, lineColor=array([1., 1., 1.]), lineColorSpace='rgb', lineRGB=array([1., 1., 1.]), lineWidth=12, name='Post_Trial_Circle_Frame', opacity=0.5, ori=array(0.), pos=array([0., 0.]), size=array([0.3, 0.3]), units='height', vertices=ndarray(...), win=Window(...))
8.3161 	EXP 	Created Instr_CR_Old_Text_Ctx2 = TextStim(__class__=<class 'psychopy.visual.text.TextStim'>, alignHoriz=method-wrapper(...), alignText='center', alignVert=method-wrapper(...), anchorHoriz='center', anchorVert='center', antialias=True, autoLog=True, bold=False, color='white', colorSpace='named', contrast=1.0, depth=0.0, flipHoriz=False, flipVert=False, font='Arial', fontFiles=[], height=0.03, italic=False, languageStyle='LTR', name='Instr_CR_Old_Text_Ctx2', opacity=1.0, ori=0, pos=array([0., 0.]), rgb=array([255., 255., 255.]), text=str(...), units='height', win=Window(...), wrapWidth=1)
8.3312 	EXP 	Created RT_Circle_Fame = Polygon(__class__=<class 'psychopy.visual.polygon.Polygon'>, autoDraw=False, autoLog=True, closeShape=True, color=method-wrapper(...), colorSpace=None, contrast=1.0, depth=-1.0, fillColor=array([-1., -1., -1.]), fillColorSpace='rgb', fillRGB=array([-1., -1., -1.]), interpolate=True, lineColor=array([1., 1., 1.]), lineColorSpace='rgb', lineRGB=array([1., 1., 1.]), lineWidth=12, name='RT_Circle_Fame', opacity=0.5, ori=array(0.), pos=array([0., 0.]), size=array([0.3, 0.3]), units='height', vertices=ndarray(...), win=Window(...))
8.3460 	EXP 	Created RT_Ctx = Polygon(__class__=<class 'psychopy.visual.polygon.Polygon'>, autoDraw=False, autoLog=True, closeShape=True, color=method-wrapper(...), colorSpace=None, contrast=1.0, depth=-2.0, fillColor=array([-1., -1., -1.]), fillColorSpace='rgb', fillRGB=array([-1., -1., -1.]), interpolate=True, lineColor=array([1., 1., 1.]), lineColorSpace='rgb', lineRGB=array([1., 1., 1.]), lineWidth=12, name='RT_Ctx', opacity=0.5, ori=array(0.), pos=array([0., 0.]), size=array([0.3, 0.3]), units='height', vertices=ndarray(...), win=Window(...))
8.3484 	EXP 	Created RT_Stim_Image = ImageStim(__class__=<class 'psychopy.visual.image.ImageStim'>, autoLog=True, color=array([1., 1., 1.]), colorSpace='rgb', contrast=1.0, depth=-3.0, flipHoriz=False, flipVert=False, image='sin', interpolate=True, mask=None, maskParams=None, name='RT_Stim_Image', opacity=1.0, ori=0.0, pos=array([0., 0.]), size=array([0.25, 0.25]), texRes=128, units='height', win=Window(...))
8.3636 	EXP 	Created RT_Circle_Frame_Feedback = Polygon(__class__=<class 'psychopy.visual.polygon.Polygon'>, autoDraw=False, autoLog=True, closeShape=True, color=method-wrapper(...), colorSpace=None, contrast=1.0, depth=0.0, fillColor=array([-1., -1., -1.]), fillColorSpace='rgb', fillRGB=array([-1., -1., -1.]), interpolate=True, lineColor=array([1., 1., 1.]), lineColorSpace='rgb', lineRGB=array([1., 1., 1.]), lineWidth=12, name='RT_Circle_Frame_Feedback', opacity=0.5, ori=array(0.), pos=array([0., 0.]), size=array([0.3, 0.3]), units='height', vertices=ndarray(...), win=Window(...))
8.3659 	EXP 	Created RT_Feedback_Image = ImageStim(__class__=<class 'psychopy.visual.image.ImageStim'>, autoLog=True, color=array([1., 1., 1.]), colorSpace='rgb', contrast=1.0, depth=-1.0, flipHoriz=False, flipVert=False, image='sin', interpolate=True, mask=None, maskParams=None, name='RT_Feedback_Image', opacity=1.0, ori=0.0, pos=array([0., 0.]), size=array([0.18, 0.18]), texRes=128, units='height', win=Window(...))
8.3812 	EXP 	Created Post_Trial_Circle_Frame = Polygon(__class__=<class 'psychopy.visual.polygon.Polygon'>, autoDraw=False, autoLog=True, closeShape=True, color=method-wrapper(...), colorSpace=None, contrast=1.0, depth=0.0, fillColor=array([-1., -1., -1.]), fillColorSpace='rgb', fillRGB=array([-1., -1., -1.]), interpolate=True, lineColor=array([1., 1., 1.]), lineColorSpace='rgb', lineRGB=array([1., 1., 1.]), lineWidth=12, name='Post_Trial_Circle_Frame', opacity=0.5, ori=array(0.), pos=array([0., 0.]), size=array([0.3, 0.3]), units='height', vertices=ndarray(...), win=Window(...))
8.3956 	EXP 	Created Instr_CR_Old_Text_Ctx12 = TextStim(__class__=<class 'psychopy.visual.text.TextStim'>, alignHoriz=method-wrapper(...), alignText='center', alignVert=method-wrapper(...), anchorHoriz='center', anchorVert='center', antialias=True, autoLog=True, bold=False, color='white', colorSpace='named', contrast=1.0, depth=0.0, flipHoriz=False, flipVert=False, font='Arial', fontFiles=[], height=0.03, italic=False, languageStyle='LTR', name='Instr_CR_Old_Text_Ctx12', opacity=1.0, ori=0, pos=array([0., 0.]), rgb=array([255., 255., 255.]), text=str(...), units='height', win=Window(...), wrapWidth=1)
8.4108 	EXP 	Created RT_Circle_Fame = Polygon(__class__=<class 'psychopy.visual.polygon.Polygon'>, autoDraw=False, autoLog=True, closeShape=True, color=method-wrapper(...), colorSpace=None, contrast=1.0, depth=-1.0, fillColor=array([-1., -1., -1.]), fillColorSpace='rgb', fillRGB=array([-1., -1., -1.]), interpolate=True, lineColor=array([1., 1., 1.]), lineColorSpace='rgb', lineRGB=array([1., 1., 1.]), lineWidth=12, name='RT_Circle_Fame', opacity=0.5, ori=array(0.), pos=array([0., 0.]), size=array([0.3, 0.3]), units='height', vertices=ndarray(...), win=Window(...))
8.4253 	EXP 	Created RT_Ctx = Polygon(__class__=<class 'psychopy.visual.polygon.Polygon'>, autoDraw=False, autoLog=True, closeShape=True, color=method-wrapper(...), colorSpace=None, contrast=1.0, depth=-2.0, fillColor=array([-1., -1., -1.]), fillColorSpace='rgb', fillRGB=array([-1., -1., -1.]), interpolate=True, lineColor=array([1., 1., 1.]), lineColorSpace='rgb', lineRGB=array([1., 1., 1.]), lineWidth=12, name='RT_Ctx', opacity=0.5, ori=array(0.), pos=array([0., 0.]), size=array([0.3, 0.3]), units='height', vertices=ndarray(...), win=Window(...))
8.4279 	EXP 	Created RT_Stim_Image = ImageStim(__class__=<class 'psychopy.visual.image.ImageStim'>, autoLog=True, color=array([1., 1., 1.]), colorSpace='rgb', contrast=1.0, depth=-3.0, flipHoriz=False, flipVert=False, image='sin', interpolate=True, mask=None, maskParams=None, name='RT_Stim_Image', opacity=1.0, ori=0.0, pos=array([0., 0.]), size=array([0.25, 0.25]), texRes=128, units='height', win=Window(...))
8.4427 	EXP 	Created RT_Circle_Frame_Feedback = Polygon(__class__=<class 'psychopy.visual.polygon.Polygon'>, autoDraw=False, autoLog=True, closeShape=True, color=method-wrapper(...), colorSpace=None, contrast=1.0, depth=0.0, fillColor=array([-1., -1., -1.]), fillColorSpace='rgb', fillRGB=array([-1., -1., -1.]), interpolate=True, lineColor=array([1., 1., 1.]), lineColorSpace='rgb', lineRGB=array([1., 1., 1.]), lineWidth=12, name='RT_Circle_Frame_Feedback', opacity=0.5, ori=array(0.), pos=array([0., 0.]), size=array([0.3, 0.3]), units='height', vertices=ndarray(...), win=Window(...))
8.4451 	EXP 	Created RT_Feedback_Image = ImageStim(__class__=<class 'psychopy.visual.image.ImageStim'>, autoLog=True, color=array([1., 1., 1.]), colorSpace='rgb', contrast=1.0, depth=-1.0, flipHoriz=False, flipVert=False, image='sin', interpolate=True, mask=None, maskParams=None, name='RT_Feedback_Image', opacity=1.0, ori=0.0, pos=array([0., 0.]), size=array([0.18, 0.18]), texRes=128, units='height', win=Window(...))
8.4599 	EXP 	Created Post_Trial_Circle_Frame = Polygon(__class__=<class 'psychopy.visual.polygon.Polygon'>, autoDraw=False, autoLog=True, closeShape=True, color=method-wrapper(...), colorSpace=None, contrast=1.0, depth=0.0, fillColor=array([-1., -1., -1.]), fillColorSpace='rgb', fillRGB=array([-1., -1., -1.]), interpolate=True, lineColor=array([1., 1., 1.]), lineColorSpace='rgb', lineRGB=array([1., 1., 1.]), lineWidth=12, name='Post_Trial_Circle_Frame', opacity=0.5, ori=array(0.), pos=array([0., 0.]), size=array([0.3, 0.3]), units='height', vertices=ndarray(...), win=Window(...))
8.4759 	EXP 	Created Instr_RT_text = TextStim(__class__=<class 'psychopy.visual.text.TextStim'>, alignHoriz=method-wrapper(...), alignText='center', alignVert=method-wrapper(...), anchorHoriz='center', anchorVert='center', antialias=True, autoLog=True, bold=False, color='white', colorSpace='named', contrast=1.0, depth=0.0, flipHoriz=False, flipVert=False, font='Arial', fontFiles=[], height=0.03, italic=False, languageStyle='LTR', name='Instr_RT_text', opacity=1.0, ori=0, pos=array([0., 0.]), rgb=array([255., 255., 255.]), text=str(...), units='height', win=Window(...), wrapWidth=1)
8.4866 	EXP 	Created Instr_Block_Num_Text = TextStim(__class__=<class 'psychopy.visual.text.TextStim'>, alignHoriz=method-wrapper(...), alignText='center', alignVert=method-wrapper(...), anchorHoriz='center', anchorVert='center', antialias=True, autoLog=True, bold=False, color='white', colorSpace='named', contrast=1.0, depth=0.0, flipHoriz=False, flipVert=False, font='Arial', fontFiles=[], height=0.1, italic=False, languageStyle='LTR', name='Instr_Block_Num_Text', opacity=1.0, ori=0, pos=array([0., 0.]), rgb=array([255., 255., 255.]), text='default text', units='height', win=Window(...), wrapWidth=1)
8.5014 	EXP 	Created RT_Circle_Fame = Polygon(__class__=<class 'psychopy.visual.polygon.Polygon'>, autoDraw=False, autoLog=True, closeShape=True, color=method-wrapper(...), colorSpace=None, contrast=1.0, depth=-1.0, fillColor=array([-1., -1., -1.]), fillColorSpace='rgb', fillRGB=array([-1., -1., -1.]), interpolate=True, lineColor=array([1., 1., 1.]), lineColorSpace='rgb', lineRGB=array([1., 1., 1.]), lineWidth=12, name='RT_Circle_Fame', opacity=0.5, ori=array(0.), pos=array([0., 0.]), size=array([0.3, 0.3]), units='height', vertices=ndarray(...), win=Window(...))
8.5161 	EXP 	Created RT_Ctx = Polygon(__class__=<class 'psychopy.visual.polygon.Polygon'>, autoDraw=False, autoLog=True, closeShape=True, color=method-wrapper(...), colorSpace=None, contrast=1.0, depth=-2.0, fillColor=array([-1., -1., -1.]), fillColorSpace='rgb', fillRGB=array([-1., -1., -1.]), interpolate=True, lineColor=array([1., 1., 1.]), lineColorSpace='rgb', lineRGB=array([1., 1., 1.]), lineWidth=12, name='RT_Ctx', opacity=0.5, ori=array(0.), pos=array([0., 0.]), size=array([0.3, 0.3]), units='height', vertices=ndarray(...), win=Window(...))
8.5175 	EXP 	Created RT_Stim_Image = ImageStim(__class__=<class 'psychopy.visual.image.ImageStim'>, autoLog=True, color=array([1., 1., 1.]), colorSpace='rgb', contrast=1.0, depth=-3.0, flipHoriz=False, flipVert=False, image='sin', interpolate=True, mask=None, maskParams=None, name='RT_Stim_Image', opacity=1.0, ori=0.0, pos=array([0., 0.]), size=array([0.25, 0.25]), texRes=128, units='height', win=Window(...))
8.5322 	EXP 	Created RT_Circle_Frame_Feedback = Polygon(__class__=<class 'psychopy.visual.polygon.Polygon'>, autoDraw=False, autoLog=True, closeShape=True, color=method-wrapper(...), colorSpace=None, contrast=1.0, depth=0.0, fillColor=array([-1., -1., -1.]), fillColorSpace='rgb', fillRGB=array([-1., -1., -1.]), interpolate=True, lineColor=array([1., 1., 1.]), lineColorSpace='rgb', lineRGB=array([1., 1., 1.]), lineWidth=12, name='RT_Circle_Frame_Feedback', opacity=0.5, ori=array(0.), pos=array([0., 0.]), size=array([0.3, 0.3]), units='height', vertices=ndarray(...), win=Window(...))
8.5334 	EXP 	Created RT_Feedback_Image = ImageStim(__class__=<class 'psychopy.visual.image.ImageStim'>, autoLog=True, color=array([1., 1., 1.]), colorSpace='rgb', contrast=1.0, depth=-1.0, flipHoriz=False, flipVert=False, image='sin', interpolate=True, mask=None, maskParams=None, name='RT_Feedback_Image', opacity=1.0, ori=0.0, pos=array([0., 0.]), size=array([0.18, 0.18]), texRes=128, units='height', win=Window(...))
8.5481 	EXP 	Created Post_Trial_Circle_Frame = Polygon(__class__=<class 'psychopy.visual.polygon.Polygon'>, autoDraw=False, autoLog=True, closeShape=True, color=method-wrapper(...), colorSpace=None, contrast=1.0, depth=0.0, fillColor=array([-1., -1., -1.]), fillColorSpace='rgb', fillRGB=array([-1., -1., -1.]), interpolate=True, lineColor=array([1., 1., 1.]), lineColorSpace='rgb', lineRGB=array([1., 1., 1.]), lineWidth=12, name='Post_Trial_Circle_Frame', opacity=0.5, ori=array(0.), pos=array([0., 0.]), size=array([0.3, 0.3]), units='height', vertices=ndarray(...), win=Window(...))
8.5778 	EXP 	Imported conditions.xlsx as conditions, 8 conditions, 10 params
8.5780 	EXP 	Created sequence: sequential, trialTypes=8, nReps=1, seed=None
8.5783 	EXP 	New trial (rep=0, index=0): OrderedDict([('Stim', 0), ('CorrResp', 'h'), ('Ctx_color', [-1, -1, 1]), ('imStim', 'media/djnb.png'), ('imStim_r', 'media/djnb_r.png'), ('imStim_g', 'media/djnb_g.png'), ('x_pos', -0.038), ('y_pos', 0.075), ('Hand', 'media/hand.png'), ('Feedback', 'media/check.png')])
8.6041 	EXP 	New trial (rep=0, index=1): OrderedDict([('Stim', 1), ('CorrResp', 'u'), ('Ctx_color', [-1, -1, 1]), ('imStim', 'media/dnnb.png'), ('imStim_r', 'media/dnnb_r.png'), ('imStim_g', 'media/dnnb_g.png'), ('x_pos', 0.014), ('y_pos', 0.1), ('Hand', 'media/hand.png'), ('Feedback', 'media/cross.png')])
8.6060 	EXP 	New trial (rep=0, index=2): OrderedDict([('Stim', 2), ('CorrResp', 'i'), ('Ctx_color', [-1, -1, 1]), ('imStim', 'media/dinb.png'), ('imStim_r', 'media/dinb_r.png'), ('imStim_g', 'media/dinb_g.png'), ('x_pos', 0.057), ('y_pos', 0.08), ('Hand', 'media/hand.png'), ('Feedback', None)])
8.6079 	EXP 	New trial (rep=0, index=3): OrderedDict([('Stim', 3), ('CorrResp', 'l'), ('Ctx_color', [-1, -1, 1]), ('imStim', 'media/ddnb.png'), ('imStim_r', 'media/ddnb_r.png'), ('imStim_g', 'media/ddnb_g.png'), ('x_pos', 0.1), ('y_pos', 0.04), ('Hand', 'media/hand.png'), ('Feedback', None)])
8.6099 	EXP 	New trial (rep=0, index=4): OrderedDict([('Stim', 0), ('CorrResp', 'h'), ('Ctx_color', [-1, 1, -1]), ('imStim', 'media/djnb.png'), ('imStim_r', 'media/djnb_r.png'), ('imStim_g', 'media/djnb_g.png'), ('x_pos', None), ('y_pos', None), ('Hand', None), ('Feedback', None)])
8.6119 	EXP 	New trial (rep=0, index=5): OrderedDict([('Stim', 1), ('CorrResp', 'u'), ('Ctx_color', [-1, 1, -1]), ('imStim', 'media/dnnb.png'), ('imStim_r', 'media/dnnb_r.png'), ('imStim_g', 'media/dnnb_g.png'), ('x_pos', None), ('y_pos', None), ('Hand', None), ('Feedback', None)])
8.6140 	EXP 	New trial (rep=0, index=6): OrderedDict([('Stim', 2), ('CorrResp', 'i'), ('Ctx_color', [-1, 1, -1]), ('imStim', 'media/dinb.png'), ('imStim_r', 'media/dinb_r.png'), ('imStim_g', 'media/dinb_g.png'), ('x_pos', None), ('y_pos', None), ('Hand', None), ('Feedback', None)])
8.6159 	EXP 	New trial (rep=0, index=7): OrderedDict([('Stim', 3), ('CorrResp', 'l'), ('Ctx_color', [-1, 1, -1]), ('imStim', 'media/ddnb.png'), ('imStim_r', 'media/ddnb_r.png'), ('imStim_g', 'media/ddnb_g.png'), ('x_pos', None), ('y_pos', None), ('Hand', None), ('Feedback', None)])
8.6301 	EXP 	Instr_Exp_Text: autoDraw = True
8.9665 	EXP 	Created sequence: sequential, trialTypes=1, nReps=1, seed=None
8.9667 	EXP 	New trial (rep=0, index=0): None
8.9703 	DATA 	Keypress: space
8.9791 	EXP 	Instr_Exp_Text: autoDraw = False
8.9791 	EXP 	Instr_RT_Hand_Rext: autoDraw = True
9.2861 	EXP 	Created sequence: sequential, trialTypes=1, nReps=5, seed=None
9.2864 	EXP 	New trial (rep=0, index=0): None
9.3819 	DATA 	Keypress: h
9.3866 	EXP 	Instr_RT_Hand_Rext: autoDraw = False
9.3866 	EXP 	RT_HandShape: image = 'media/hand.png'
9.3866 	EXP 	RT_Stim_Hand: pos = array([0.057, 0.08 ])
9.3866 	EXP 	RT_Circle_Frame_Hand: autoDraw = True
9.3866 	EXP 	RT_HandShape: autoDraw = True
9.3866 	EXP 	RT_Stim_Hand: autoDraw = True
9.9275 	DATA 	Keypress: i
9.9318 	EXP 	RT_Circle_Frame_Hand: autoDraw = False
9.9318 	EXP 	RT_HandShape: autoDraw = False
9.9318 	EXP 	RT_Stim_Hand: autoDraw = False
9.9318 	EXP 	RT_Circle_Frame_Feedback: lineColor = '[1. 1. 1.] (rgb)'
9.9318 	EXP 	RT_Feedback_Image: image = 'media/check.png'
9.9318 	EXP 	RT_Circle_Frame_Feedback: autoDraw = True
9.9318 	EXP 	RT_Feedback_Image: autoDraw = True
10.2451 	EXP 	RT_Circle_Frame_Feedback: autoDraw = False
10.2451 	EXP 	RT_Feedback_Image: autoDraw = False
10.2451 	EXP 	RT_Circle_Frame_Feedback: autoDraw = False
10.2451 	EXP 	RT_Feedback_Image: autoDraw = False
10.2451 	EXP 	Post_Trial_Circle_Frame: lineColor = '[1. 1. 1.] (rgb)'
10.2451 	EXP 	Post_Trial_Circle_Frame: autoDraw = True
10.4302 	EXP 	New trial (rep=1, index=0): None
10.4507 	EXP 	Post_Trial_Circle_Frame: autoDraw = False
10.4507 	EXP 	Post_Trial_Circle_Frame: autoDraw = False
10.4507 	EXP 	RT_HandShape: image = 'media/hand.png'
10.4507 	EXP 	RT_Stim_Hand: pos = array([0.057, 0.08 ])
10.4507 	EXP 	RT_Circle_Frame_Hand: autoDraw = True
10.4507 	EXP 	RT_HandShape: autoDraw = True
10.4507 	EXP 	RT_Stim_Hand: autoDraw = True
10.8690 	DATA 	Keypress: i
10.8735 	EXP 	RT_Circle_Frame_Hand: autoDraw = False
10.8735 	EXP 	RT_HandShape: autoDraw = False
10.8735 	EXP 	RT_Stim_Hand: autoDraw = False
10.8735 	EXP 	RT_Circle_Frame_Feedback: lineColor = '[1. 1. 1.] (rgb)'
10.8735 	EXP 	RT_Feedback_Image: image = 'media/check.png'
10.8735 	EXP 	RT_Circle_Frame_Feedback: autoDraw = True
10.8735 	EXP 	RT_Feedback_Image: autoDraw = True
11.1789 	EXP 	RT_Circle_Frame_Feedback: autoDraw = False
11.1789 	EXP 	RT_Feedback_Image: autoDraw = False
11.1789 	EXP 	RT_Circle_Frame_Feedback: autoDraw = False
11.1789 	EXP 	RT_Feedback_Image: autoDraw = False
11.1789 	EXP 	Post_Trial_Circle_Frame: lineColor = '[1. 1. 1.] (rgb)'
11.1789 	EXP 	Post_Trial_Circle_Frame: autoDraw = True
11.3651 	EXP 	New trial (rep=2, index=0): None
11.3955 	EXP 	Post_Trial_Circle_Frame: autoDraw = False
11.3955 	EXP 	Post_Trial_Circle_Frame: autoDraw = False
11.3955 	EXP 	RT_HandShape: image = 'media/hand.png'
11.3955 	EXP 	RT_Stim_Hand: pos = array([0.014, 0.1  ])
11.3955 	EXP 	RT_Circle_Frame_Hand: autoDraw = True
11.3955 	EXP 	RT_HandShape: autoDraw = True
11.3955 	EXP 	RT_Stim_Hand: autoDraw = True
11.7609 	DATA 	Keypress: u
11.7655 	EXP 	RT_Circle_Frame_Hand: autoDraw = False
11.7655 	EXP 	RT_HandShape: autoDraw = False
11.7655 	EXP 	RT_Stim_Hand: autoDraw = False
11.7655 	EXP 	RT_Circle_Frame_Feedback: lineColor = '[1. 1. 1.] (rgb)'
11.7655 	EXP 	RT_Feedback_Image: image = 'media/check.png'
11.7655 	EXP 	RT_Circle_Frame_Feedback: autoDraw = True
11.7655 	EXP 	RT_Feedback_Image: autoDraw = True
12.0787 	EXP 	RT_Circle_Frame_Feedback: autoDraw = False
12.0787 	EXP 	RT_Feedback_Image: autoDraw = False
12.0787 	EXP 	RT_Circle_Frame_Feedback: autoDraw = False
12.0787 	EXP 	RT_Feedback_Image: autoDraw = False
12.0787 	EXP 	Post_Trial_Circle_Frame: lineColor = '[1. 1. 1.] (rgb)'
12.0787 	EXP 	Post_Trial_Circle_Frame: autoDraw = True
12.2647 	EXP 	New trial (rep=3, index=0): None
12.2894 	EXP 	Post_Trial_Circle_Frame: autoDraw = False
12.2894 	EXP 	Post_Trial_Circle_Frame: autoDraw = False
12.2894 	EXP 	RT_HandShape: image = 'media/hand.png'
12.2894 	EXP 	RT_Stim_Hand: pos = array([-0.038,  0.075])
12.2894 	EXP 	RT_Circle_Frame_Hand: autoDraw = True
12.2894 	EXP 	RT_HandShape: autoDraw = True
12.2894 	EXP 	RT_Stim_Hand: autoDraw = True
12.6731 	DATA 	Keypress: h
12.6777 	EXP 	RT_Circle_Frame_Hand: autoDraw = False
12.6777 	EXP 	RT_HandShape: autoDraw = False
12.6777 	EXP 	RT_Stim_Hand: autoDraw = False
12.6777 	EXP 	RT_Circle_Frame_Feedback: lineColor = '[1. 1. 1.] (rgb)'
12.6777 	EXP 	RT_Feedback_Image: image = 'media/check.png'
12.6777 	EXP 	RT_Circle_Frame_Feedback: autoDraw = True
12.6777 	EXP 	RT_Feedback_Image: autoDraw = True
12.9783 	EXP 	RT_Circle_Frame_Feedback: autoDraw = False
12.9783 	EXP 	RT_Feedback_Image: autoDraw = False
12.9783 	EXP 	RT_Circle_Frame_Feedback: autoDraw = False
12.9783 	EXP 	RT_Feedback_Image: autoDraw = False
12.9783 	EXP 	Post_Trial_Circle_Frame: lineColor = '[1. 1. 1.] (rgb)'
12.9783 	EXP 	Post_Trial_Circle_Frame: autoDraw = True
13.1645 	EXP 	New trial (rep=4, index=0): None
13.1850 	EXP 	Post_Trial_Circle_Frame: autoDraw = False
13.1850 	EXP 	Post_Trial_Circle_Frame: autoDraw = False
13.1850 	EXP 	RT_HandShape: image = 'media/hand.png'
13.1850 	EXP 	RT_Stim_Hand: pos = array([-0.038,  0.075])
13.1850 	EXP 	RT_Circle_Frame_Hand: autoDraw = True
13.1850 	EXP 	RT_HandShape: autoDraw = True
13.1850 	EXP 	RT_Stim_Hand: autoDraw = True
14.0642 	DATA 	Keypress: h
14.0688 	EXP 	RT_Circle_Frame_Hand: autoDraw = False
14.0688 	EXP 	RT_HandShape: autoDraw = False
14.0688 	EXP 	RT_Stim_Hand: autoDraw = False
14.0688 	EXP 	RT_Circle_Frame_Feedback: lineColor = '[1. 1. 1.] (rgb)'
14.0688 	EXP 	RT_Feedback_Image: image = 'media/check.png'
14.0688 	EXP 	RT_Circle_Frame_Feedback: autoDraw = True
14.0688 	EXP 	RT_Feedback_Image: autoDraw = True
14.3789 	EXP 	RT_Circle_Frame_Feedback: autoDraw = False
14.3789 	EXP 	RT_Feedback_Image: autoDraw = False
14.3789 	EXP 	RT_Circle_Frame_Feedback: autoDraw = False
14.3789 	EXP 	RT_Feedback_Image: autoDraw = False
14.3789 	EXP 	Post_Trial_Circle_Frame: lineColor = '[1. 1. 1.] (rgb)'
14.3789 	EXP 	Post_Trial_Circle_Frame: autoDraw = True
14.5657 	EXP 	Created sequence: sequential, trialTypes=1, nReps=1, seed=None
14.5661 	EXP 	New trial (rep=0, index=0): None
14.5785 	EXP 	Post_Trial_Circle_Frame: autoDraw = False
14.5785 	EXP 	Post_Trial_Circle_Frame: autoDraw = False
14.5785 	EXP 	instr_HAND_TR_text: autoDraw = True
15.6001 	DATA 	Keypress: h
15.6184 	EXP 	Created sequence: sequential, trialTypes=1, nReps=4, seed=None
15.6188 	EXP 	New trial (rep=0, index=0): None
15.6528 	EXP 	instr_HAND_TR_text: autoDraw = False
15.6528 	EXP 	Instr_Block_Num_Text: text = 'Block 1\nPress any key to start'
15.6528 	EXP 	Instr_Block_Num_Text: autoDraw = True
16.1500 	DATA 	Keypress: h
16.1733 	EXP 	Created sequence: sequential, trialTypes=1, nReps=5, seed=None
16.1740 	EXP 	New trial (rep=0, index=0): None
16.2364 	EXP 	Instr_Block_Num_Text: autoDraw = False
16.2364 	EXP 	TR_HandShape: image = 'media/hand.png'
16.2364 	EXP 	TR_Stim_Hand: pos = array([0.014, 0.1  ])
16.2364 	EXP 	TR_Circle_Hand: autoDraw = True
16.2364 	EXP 	TR_Circle_Frame_Hand: autoDraw = True
16.2364 	EXP 	TR_HandShape: autoDraw = True
17.0286 	EXP 	TR_Stim_Hand: autoDraw = True
17.8010 	DATA 	Keypress: u
17.8199 	EXP 	Created sequence: sequential, trialTypes=1, nReps=1, seed=None
17.8202 	EXP 	New trial (rep=0, index=0): None
17.8765 	EXP 	TR_Circle_Hand: autoDraw = False
17.8765 	EXP 	TR_Circle_Frame_Hand: autoDraw = False
17.8765 	EXP 	TR_HandShape: autoDraw = False
17.8765 	EXP 	TR_Stim_Hand: autoDraw = False
17.8765 	EXP 	Tr_Circle_Frame_Feedback: lineColor = '[1. 1. 1.] (rgb)'
17.8765 	EXP 	TR_Feedback_Text: color = '[1. 1. 1.] (rgb)'
17.8765 	EXP 	TR_Feedback_Text: text = 'good timing'
17.8765 	EXP 	TR_Feedback_Image: image = 'media/check.png'
17.8765 	EXP 	Tr_Circle_Frame_Feedback: autoDraw = True
17.8765 	EXP 	TR_Feedback_Text: autoDraw = True
17.8765 	EXP 	TR_Feedback_Image: autoDraw = True
18.1665 	EXP 	Created sequence: sequential, trialTypes=1, nReps=0, seed=None
18.1794 	EXP 	Tr_Circle_Frame_Feedback: autoDraw = False
18.1794 	EXP 	TR_Feedback_Text: autoDraw = False
18.1794 	EXP 	TR_Feedback_Image: autoDraw = False
18.1794 	EXP 	Tr_Circle_Frame_Feedback: autoDraw = False
18.1794 	EXP 	TR_Feedback_Text: autoDraw = False
18.1794 	EXP 	TR_Feedback_Image: autoDraw = False
18.1794 	EXP 	Post_Trial_Circle_Frame: lineColor = '[1. 1. 1.] (rgb)'
18.1794 	EXP 	Post_Trial_Circle_Frame: autoDraw = True
18.3638 	EXP 	New trial (rep=1, index=0): None
18.3856 	EXP 	Post_Trial_Circle_Frame: autoDraw = False
18.3856 	EXP 	Post_Trial_Circle_Frame: autoDraw = False
18.3856 	EXP 	TR_HandShape: image = 'media/hand.png'
18.3856 	EXP 	TR_Stim_Hand: pos = array([0.1 , 0.04])
18.3856 	EXP 	TR_Circle_Hand: autoDraw = True
18.3856 	EXP 	TR_Circle_Frame_Hand: autoDraw = True
18.3856 	EXP 	TR_HandShape: autoDraw = True
19.8955 	EXP 	TR_Stim_Hand: autoDraw = True
19.9004 	EXP 	Created sequence: sequential, trialTypes=1, nReps=1, seed=None
19.9005 	EXP 	New trial (rep=0, index=0): None
19.9145 	DATA 	Keypress: l
19.9190 	EXP 	TR_Circle_Hand: autoDraw = False
19.9190 	EXP 	TR_Circle_Frame_Hand: autoDraw = False
19.9190 	EXP 	TR_HandShape: autoDraw = False
19.9190 	EXP 	TR_Stim_Hand: autoDraw = False
19.9190 	EXP 	Tr_Circle_Frame_Feedback: lineColor = '[1. 1. 1.] (rgb)'
19.9190 	EXP 	TR_Feedback_Text: color = '[1. 1. 1.] (rgb)'
19.9190 	EXP 	TR_Feedback_Text: text = 'good timing'
19.9190 	EXP 	TR_Feedback_Image: image = 'media/check.png'
19.9190 	EXP 	Tr_Circle_Frame_Feedback: autoDraw = True
19.9190 	EXP 	TR_Feedback_Text: autoDraw = True
19.9190 	EXP 	TR_Feedback_Image: autoDraw = True
20.2150 	EXP 	Created sequence: sequential, trialTypes=1, nReps=0, seed=None
20.2286 	EXP 	Tr_Circle_Frame_Feedback: autoDraw = False
20.2286 	EXP 	TR_Feedback_Text: autoDraw = False
20.2286 	EXP 	TR_Feedback_Image: autoDraw = False
20.2286 	EXP 	Tr_Circle_Frame_Feedback: autoDraw = False
20.2286 	EXP 	TR_Feedback_Text: autoDraw = False
20.2286 	EXP 	TR_Feedback_Image: autoDraw = False
20.2286 	EXP 	Post_Trial_Circle_Frame: lineColor = '[1. 1. 1.] (rgb)'
20.2286 	EXP 	Post_Trial_Circle_Frame: autoDraw = True
20.4156 	EXP 	New trial (rep=2, index=0): None
20.4425 	EXP 	Post_Trial_Circle_Frame: autoDraw = False
20.4425 	EXP 	Post_Trial_Circle_Frame: autoDraw = False
20.4425 	EXP 	TR_HandShape: image = 'media/hand.png'
20.4425 	EXP 	TR_Stim_Hand: pos = array([0.014, 0.1  ])
20.4425 	EXP 	TR_Circle_Hand: autoDraw = True
20.4425 	EXP 	TR_Circle_Frame_Hand: autoDraw = True
20.4425 	EXP 	TR_HandShape: autoDraw = True
21.4133 	EXP 	TR_Stim_Hand: autoDraw = True
21.9351 	EXP 	Created sequence: sequential, trialTypes=1, nReps=1, seed=None
21.9353 	EXP 	New trial (rep=0, index=0): None
21.9625 	DATA 	Keypress: u
21.9671 	EXP 	TR_Circle_Hand: autoDraw = False
21.9671 	EXP 	TR_Circle_Frame_Hand: autoDraw = False
21.9671 	EXP 	TR_HandShape: autoDraw = False
21.9671 	EXP 	TR_Stim_Hand: autoDraw = False
21.9671 	EXP 	Tr_Circle_Frame_Feedback: lineColor = '[1. 1. 1.] (rgb)'
21.9671 	EXP 	TR_Feedback_Text: color = '[1. 1. 1.] (rgb)'
21.9671 	EXP 	TR_Feedback_Text: text = 'little early'
21.9671 	EXP 	TR_Feedback_Image: image = 'media/check.png'
21.9671 	EXP 	Tr_Circle_Frame_Feedback: autoDraw = True
21.9671 	EXP 	TR_Feedback_Text: autoDraw = True
21.9671 	EXP 	TR_Feedback_Image: autoDraw = True
22.2690 	EXP 	Created sequence: sequential, trialTypes=1, nReps=0, seed=None
22.2792 	EXP 	Tr_Circle_Frame_Feedback: autoDraw = False
22.2792 	EXP 	TR_Feedback_Text: autoDraw = False
22.2792 	EXP 	TR_Feedback_Image: autoDraw = False
22.2792 	EXP 	Tr_Circle_Frame_Feedback: autoDraw = False
22.2792 	EXP 	TR_Feedback_Text: autoDraw = False
22.2792 	EXP 	TR_Feedback_Image: autoDraw = False
22.2792 	EXP 	Post_Trial_Circle_Frame: lineColor = '[1. 1. 1.] (rgb)'
22.2792 	EXP 	Post_Trial_Circle_Frame: autoDraw = True
22.4644 	EXP 	New trial (rep=3, index=0): None
22.4865 	EXP 	Post_Trial_Circle_Frame: autoDraw = False
22.4865 	EXP 	Post_Trial_Circle_Frame: autoDraw = False
22.4865 	EXP 	TR_HandShape: image = 'media/hand.png'
22.4865 	EXP 	TR_Stim_Hand: pos = array([0.057, 0.08 ])
22.4865 	EXP 	TR_Circle_Hand: autoDraw = True
22.4865 	EXP 	TR_Circle_Frame_Hand: autoDraw = True
22.4865 	EXP 	TR_HandShape: autoDraw = True
23.8981 	EXP 	TR_Stim_Hand: autoDraw = True
24.0167 	EXP 	Created sequence: sequential, trialTypes=1, nReps=1, seed=None
24.0168 	EXP 	New trial (rep=0, index=0): None
24.0583 	DATA 	Keypress: h
24.0627 	EXP 	TR_Circle_Hand: autoDraw = False
24.0627 	EXP 	TR_Circle_Frame_Hand: autoDraw = False
24.0627 	EXP 	TR_HandShape: autoDraw = False
24.0627 	EXP 	TR_Stim_Hand: autoDraw = False
24.0627 	EXP 	Tr_Circle_Frame_Feedback: lineColor = '[1. 1. 1.] (rgb)'
24.0627 	EXP 	TR_Feedback_Text: color = '[1. 1. 1.] (rgb)'
24.0627 	EXP 	TR_Feedback_Text: text = 'good timing'
24.0627 	EXP 	TR_Feedback_Image: image = 'media/cross.png'
24.0627 	EXP 	Tr_Circle_Frame_Feedback: autoDraw = True
24.0627 	EXP 	TR_Feedback_Text: autoDraw = True
24.0627 	EXP 	TR_Feedback_Image: autoDraw = True
24.3489 	EXP 	Created sequence: sequential, trialTypes=1, nReps=0, seed=None
24.3621 	EXP 	Tr_Circle_Frame_Feedback: autoDraw = False
24.3621 	EXP 	TR_Feedback_Text: autoDraw = False
24.3621 	EXP 	TR_Feedback_Image: autoDraw = False
24.3621 	EXP 	Tr_Circle_Frame_Feedback: autoDraw = False
24.3621 	EXP 	TR_Feedback_Text: autoDraw = False
24.3621 	EXP 	TR_Feedback_Image: autoDraw = False
24.3621 	EXP 	Post_Trial_Circle_Frame: lineColor = '[1. 1. 1.] (rgb)'
24.3621 	EXP 	Post_Trial_Circle_Frame: autoDraw = True
24.5473 	EXP 	New trial (rep=4, index=0): None
24.5707 	EXP 	Post_Trial_Circle_Frame: autoDraw = False
24.5707 	EXP 	Post_Trial_Circle_Frame: autoDraw = False
24.5707 	EXP 	TR_HandShape: image = 'media/hand.png'
24.5707 	EXP 	TR_Stim_Hand: pos = array([0.1 , 0.04])
24.5707 	EXP 	TR_Circle_Hand: autoDraw = True
24.5707 	EXP 	TR_Circle_Frame_Hand: autoDraw = True
24.5707 	EXP 	TR_HandShape: autoDraw = True
25.4454 	EXP 	TR_Stim_Hand: autoDraw = True
26.0000 	DATA 	Keypress: l
26.0211 	EXP 	Created sequence: sequential, trialTypes=1, nReps=1, seed=None
26.0216 	EXP 	New trial (rep=0, index=0): None
26.0573 	EXP 	TR_Circle_Hand: autoDraw = False
26.0573 	EXP 	TR_Circle_Frame_Hand: autoDraw = False
26.0573 	EXP 	TR_HandShape: autoDraw = False
26.0573 	EXP 	TR_Stim_Hand: autoDraw = False
26.0573 	EXP 	Tr_Circle_Frame_Feedback: lineColor = '[1. 1. 1.] (rgb)'
26.0573 	EXP 	TR_Feedback_Text: color = '[1. 1. 1.] (rgb)'
26.0573 	EXP 	TR_Feedback_Text: text = 'little early'
26.0573 	EXP 	TR_Feedback_Image: image = 'media/check.png'
26.0573 	EXP 	Tr_Circle_Frame_Feedback: autoDraw = True
26.0573 	EXP 	TR_Feedback_Text: autoDraw = True
26.0573 	EXP 	TR_Feedback_Image: autoDraw = True
26.3481 	EXP 	Created sequence: sequential, trialTypes=1, nReps=0, seed=None
26.3622 	EXP 	Tr_Circle_Frame_Feedback: autoDraw = False
26.3622 	EXP 	TR_Feedback_Text: autoDraw = False
26.3622 	EXP 	TR_Feedback_Image: autoDraw = False
26.3622 	EXP 	Tr_Circle_Frame_Feedback: autoDraw = False
26.3622 	EXP 	TR_Feedback_Text: autoDraw = False
26.3622 	EXP 	TR_Feedback_Image: autoDraw = False
26.3622 	EXP 	Post_Trial_Circle_Frame: lineColor = '[1. 1. 1.] (rgb)'
26.3622 	EXP 	Post_Trial_Circle_Frame: autoDraw = True
26.5499 	EXP 	New trial (rep=1, index=0): None
26.5650 	EXP 	Post_Trial_Circle_Frame: autoDraw = False
26.5650 	EXP 	Post_Trial_Circle_Frame: autoDraw = False
26.5650 	EXP 	Instr_Block_Num_Text: text = 'Block 2\nPress any key to start'
26.5650 	EXP 	Instr_Block_Num_Text: autoDraw = True
27.4391 	EXP 	Created sequence: sequential, trialTypes=1, nReps=5, seed=None
27.4399 	EXP 	New trial (rep=0, index=0): None
27.4608 	DATA 	Keypress: h
27.4669 	EXP 	Instr_Block_Num_Text: autoDraw = False
27.4669 	EXP 	TR_HandShape: image = 'media/hand.png'
27.4669 	EXP 	TR_Stim_Hand: pos = array([0.1 , 0.04])
27.4669 	EXP 	TR_Circle_Hand: autoDraw = True
27.4669 	EXP 	TR_Circle_Frame_Hand: autoDraw = True
27.4669 	EXP 	TR_HandShape: autoDraw = True
28.5623 	EXP 	TR_Stim_Hand: autoDraw = True
29.0840 	EXP 	Created sequence: sequential, trialTypes=1, nReps=1, seed=None
29.0842 	EXP 	New trial (rep=0, index=0): None
29.1006 	DATA 	Keypress: l
29.1051 	EXP 	TR_Circle_Hand: autoDraw = False
29.1051 	EXP 	TR_Circle_Frame_Hand: autoDraw = False
29.1051 	EXP 	TR_HandShape: autoDraw = False
29.1051 	EXP 	TR_Stim_Hand: autoDraw = False
29.1051 	EXP 	Tr_Circle_Frame_Feedback: lineColor = '[1. 1. 1.] (rgb)'
29.1051 	EXP 	TR_Feedback_Text: color = '[1. 1. 1.] (rgb)'
29.1051 	EXP 	TR_Feedback_Text: text = 'good timing'
29.1051 	EXP 	TR_Feedback_Image: image = 'media/check.png'
29.1051 	EXP 	Tr_Circle_Frame_Feedback: autoDraw = True
29.1051 	EXP 	TR_Feedback_Text: autoDraw = True
29.1051 	EXP 	TR_Feedback_Image: autoDraw = True
29.3988 	EXP 	Created sequence: sequential, trialTypes=1, nReps=0, seed=None
29.4123 	EXP 	Tr_Circle_Frame_Feedback: autoDraw = False
29.4123 	EXP 	TR_Feedback_Text: autoDraw = False
29.4123 	EXP 	TR_Feedback_Image: autoDraw = False
29.4123 	EXP 	Tr_Circle_Frame_Feedback: autoDraw = False
29.4123 	EXP 	TR_Feedback_Text: autoDraw = False
29.4123 	EXP 	TR_Feedback_Image: autoDraw = False
29.4123 	EXP 	Post_Trial_Circle_Frame: lineColor = '[1. 1. 1.] (rgb)'
29.4123 	EXP 	Post_Trial_Circle_Frame: autoDraw = True
29.6012 	EXP 	New trial (rep=1, index=0): None
29.6243 	EXP 	Post_Trial_Circle_Frame: autoDraw = False
29.6243 	EXP 	Post_Trial_Circle_Frame: autoDraw = False
29.6243 	EXP 	TR_HandShape: image = 'media/hand.png'
29.6243 	EXP 	TR_Stim_Hand: pos = array([0.057, 0.08 ])
29.6243 	EXP 	TR_Circle_Hand: autoDraw = True
29.6243 	EXP 	TR_Circle_Frame_Hand: autoDraw = True
29.6243 	EXP 	TR_HandShape: autoDraw = True
31.0289 	EXP 	TR_Stim_Hand: autoDraw = True
31.1852 	EXP 	Created sequence: sequential, trialTypes=1, nReps=1, seed=None
31.1854 	EXP 	New trial (rep=0, index=0): None
31.2022 	DATA 	Keypress: u
31.2066 	EXP 	TR_Circle_Hand: autoDraw = False
31.2066 	EXP 	TR_Circle_Frame_Hand: autoDraw = False
31.2066 	EXP 	TR_HandShape: autoDraw = False
31.2066 	EXP 	TR_Stim_Hand: autoDraw = False
31.2066 	EXP 	Tr_Circle_Frame_Feedback: lineColor = '[1. 1. 1.] (rgb)'
31.2066 	EXP 	TR_Feedback_Text: color = '[1. 1. 1.] (rgb)'
31.2066 	EXP 	TR_Feedback_Text: text = 'good timing'
31.2066 	EXP 	TR_Feedback_Image: image = 'media/cross.png'
31.2066 	EXP 	Tr_Circle_Frame_Feedback: autoDraw = True
31.2066 	EXP 	TR_Feedback_Text: autoDraw = True
31.2066 	EXP 	TR_Feedback_Image: autoDraw = True
31.5038 	EXP 	Created sequence: sequential, trialTypes=1, nReps=0, seed=None
31.5142 	EXP 	Tr_Circle_Frame_Feedback: autoDraw = False
31.5142 	EXP 	TR_Feedback_Text: autoDraw = False
31.5142 	EXP 	TR_Feedback_Image: autoDraw = False
31.5142 	EXP 	Tr_Circle_Frame_Feedback: autoDraw = False
31.5142 	EXP 	TR_Feedback_Text: autoDraw = False
31.5142 	EXP 	TR_Feedback_Image: autoDraw = False
31.5142 	EXP 	Post_Trial_Circle_Frame: lineColor = '[1. 1. 1.] (rgb)'
31.5142 	EXP 	Post_Trial_Circle_Frame: autoDraw = True
31.7151 	EXP 	New trial (rep=2, index=0): None
31.7441 	EXP 	Post_Trial_Circle_Frame: autoDraw = False
31.7441 	EXP 	Post_Trial_Circle_Frame: autoDraw = False
31.7441 	EXP 	TR_HandShape: image = 'media/hand.png'
31.7441 	EXP 	TR_Stim_Hand: pos = array([0.014, 0.1  ])
31.7441 	EXP 	TR_Circle_Hand: autoDraw = True
31.7441 	EXP 	TR_Circle_Frame_Hand: autoDraw = True
31.7441 	EXP 	TR_HandShape: autoDraw = True
32.9123 	EXP 	TR_Stim_Hand: autoDraw = True
33.5289 	EXP 	TR_Circle_Hand: autoDraw = False
33.5289 	EXP 	TR_Circle_Frame_Hand: autoDraw = False
33.5289 	EXP 	TR_HandShape: autoDraw = False
33.5289 	EXP 	TR_Stim_Hand: autoDraw = False
33.5324 	EXP 	Created sequence: sequential, trialTypes=1, nReps=0, seed=None
33.5328 	EXP 	Created sequence: sequential, trialTypes=1, nReps=1, seed=None
33.5330 	EXP 	New trial (rep=0, index=0): None
33.5560 	EXP 	TR_Circle_Hand: autoDraw = False
33.5560 	EXP 	TR_Circle_Frame_Hand: autoDraw = False
33.5560 	EXP 	TR_HandShape: autoDraw = False
33.5560 	EXP 	TR_Stim_Hand: autoDraw = False
33.5560 	EXP 	TR_Circle_Frame_Penalty: lineColor = '[1. 1. 1.] (rgb)'
33.5560 	EXP 	TR_Penalty_Text: text = 'no response or you responded way too late. \n2 second penalty. \nAfter 2 second, press any key to continue.'
33.5560 	EXP 	TR_Circle_Frame_Penalty: autoDraw = True
33.5560 	EXP 	TR_Penalty_Text: autoDraw = True
34.5313 	DATA 	Keypress: h
36.2212 	DATA 	Keypress: h
36.2290 	EXP 	TR_Circle_Frame_Penalty: autoDraw = False
36.2290 	EXP 	TR_Penalty_Text: autoDraw = False
36.2290 	EXP 	Post_Trial_Circle_Frame: lineColor = '[1. 1. 1.] (rgb)'
36.2290 	EXP 	Post_Trial_Circle_Frame: autoDraw = True
36.4154 	EXP 	New trial (rep=3, index=0): None
36.4377 	EXP 	Post_Trial_Circle_Frame: autoDraw = False
36.4377 	EXP 	Post_Trial_Circle_Frame: autoDraw = False
36.4377 	EXP 	TR_HandShape: image = 'media/hand.png'
36.4377 	EXP 	TR_Stim_Hand: pos = array([-0.038,  0.075])
36.4377 	EXP 	TR_Circle_Hand: autoDraw = True
36.4377 	EXP 	TR_Circle_Frame_Hand: autoDraw = True
36.4377 	EXP 	TR_HandShape: autoDraw = True
36.7289 	EXP 	TR_Stim_Hand: autoDraw = True
38.0849 	EXP 	Created sequence: sequential, trialTypes=1, nReps=1, seed=None
38.0851 	EXP 	New trial (rep=0, index=0): None
38.1217 	DATA 	Keypress: h
38.1263 	EXP 	TR_Circle_Hand: autoDraw = False
38.1263 	EXP 	TR_Circle_Frame_Hand: autoDraw = False
38.1263 	EXP 	TR_HandShape: autoDraw = False
38.1263 	EXP 	TR_Stim_Hand: autoDraw = False
38.1263 	EXP 	Tr_Circle_Frame_Feedback: lineColor = '[1. 1. 1.] (rgb)'
38.1263 	EXP 	TR_Feedback_Text: color = '[1. 1. 1.] (rgb)'
38.1263 	EXP 	TR_Feedback_Text: text = 'good timing'
38.1263 	EXP 	TR_Feedback_Image: image = 'media/check.png'
38.1263 	EXP 	Tr_Circle_Frame_Feedback: autoDraw = True
38.1263 	EXP 	TR_Feedback_Text: autoDraw = True
38.1263 	EXP 	TR_Feedback_Image: autoDraw = True
38.4197 	EXP 	Created sequence: sequential, trialTypes=1, nReps=0, seed=None
38.4299 	EXP 	Tr_Circle_Frame_Feedback: autoDraw = False
38.4299 	EXP 	TR_Feedback_Text: autoDraw = False
38.4299 	EXP 	TR_Feedback_Image: autoDraw = False
38.4299 	EXP 	Tr_Circle_Frame_Feedback: autoDraw = False
38.4299 	EXP 	TR_Feedback_Text: autoDraw = False
38.4299 	EXP 	TR_Feedback_Image: autoDraw = False
38.4299 	EXP 	Post_Trial_Circle_Frame: lineColor = '[1. 1. 1.] (rgb)'
38.4299 	EXP 	Post_Trial_Circle_Frame: autoDraw = True
38.6155 	EXP 	New trial (rep=4, index=0): None
38.6454 	EXP 	Post_Trial_Circle_Frame: autoDraw = False
38.6454 	EXP 	Post_Trial_Circle_Frame: autoDraw = False
38.6454 	EXP 	TR_HandShape: image = 'media/hand.png'
38.6454 	EXP 	TR_Stim_Hand: pos = array([0.057, 0.08 ])
38.6454 	EXP 	TR_Circle_Hand: autoDraw = True
38.6454 	EXP 	TR_Circle_Frame_Hand: autoDraw = True
38.6454 	EXP 	TR_HandShape: autoDraw = True
39.4623 	EXP 	TR_Stim_Hand: autoDraw = True
40.2375 	EXP 	Created sequence: sequential, trialTypes=1, nReps=1, seed=None
40.2380 	EXP 	New trial (rep=0, index=0): None
40.2661 	DATA 	Keypress: u
40.2704 	EXP 	TR_Circle_Hand: autoDraw = False
40.2704 	EXP 	TR_Circle_Frame_Hand: autoDraw = False
40.2704 	EXP 	TR_HandShape: autoDraw = False
40.2704 	EXP 	TR_Stim_Hand: autoDraw = False
40.2704 	EXP 	Tr_Circle_Frame_Feedback: lineColor = '[1. 1. 1.] (rgb)'
40.2704 	EXP 	TR_Feedback_Text: color = '[1. 1. 1.] (rgb)'
40.2704 	EXP 	TR_Feedback_Text: text = 'good timing'
40.2704 	EXP 	TR_Feedback_Image: image = 'media/cross.png'
40.2704 	EXP 	Tr_Circle_Frame_Feedback: autoDraw = True
40.2704 	EXP 	TR_Feedback_Text: autoDraw = True
40.2704 	EXP 	TR_Feedback_Image: autoDraw = True
40.5655 	EXP 	Created sequence: sequential, trialTypes=1, nReps=0, seed=None
40.5789 	EXP 	Tr_Circle_Frame_Feedback: autoDraw = False
40.5789 	EXP 	TR_Feedback_Text: autoDraw = False
40.5789 	EXP 	TR_Feedback_Image: autoDraw = False
40.5789 	EXP 	Tr_Circle_Frame_Feedback: autoDraw = False
40.5789 	EXP 	TR_Feedback_Text: autoDraw = False
40.5789 	EXP 	TR_Feedback_Image: autoDraw = False
40.5789 	EXP 	Post_Trial_Circle_Frame: lineColor = '[1. 1. 1.] (rgb)'
40.5789 	EXP 	Post_Trial_Circle_Frame: autoDraw = True
40.7711 	EXP 	Created sequence: sequential, trialTypes=1, nReps=1, seed=None
40.7719 	EXP 	New trial (rep=0, index=0): None
40.7726 	EXP 	Created sequence: sequential, trialTypes=1, nReps=1, seed=None
40.7733 	EXP 	New trial (rep=0, index=0): None
40.7824 	EXP 	Post_Trial_Circle_Frame: autoDraw = False
40.7824 	EXP 	Post_Trial_Circle_Frame: autoDraw = False
40.7824 	EXP 	Instr_CR_Old_Text_Ctx1: autoDraw = True
47.3377 	EXP 	Created sequence: sequential, trialTypes=1, nReps=2000, seed=None
47.3450 	EXP 	New trial (rep=0, index=0): None
47.3619 	EXP 	window1: mouseVisible = True
